ARM GAS  C:\Users\Ariane\AppData\Local\Temp\ccCXU94a.s 			page 1


   1              		.syntax unified
   2              		.cpu cortex-m4
   3              		.eabi_attribute 27, 1
   4              		.fpu fpv4-sp-d16
   5              		.eabi_attribute 20, 1
   6              		.eabi_attribute 21, 1
   7              		.eabi_attribute 23, 3
   8              		.eabi_attribute 24, 1
   9              		.eabi_attribute 25, 1
  10              		.eabi_attribute 26, 1
  11              		.eabi_attribute 30, 1
  12              		.eabi_attribute 34, 1
  13              		.eabi_attribute 18, 4
  14              		.thumb
  15              		.syntax unified
  16              		.file	"communication.c"
  17              		.text
  18              	.Ltext0:
  19              		.cfi_sections	.debug_frame
  20              		.global	testVar
  21              		.bss
  22              		.align	2
  23              		.type	testVar, %object
  24              		.size	testVar, 4
  25              	testVar:
  26 0000 00000000 		.space	4
  27              		.text
  28              	.Letext0:
  29              		.file 1 "communication.c"
  30              		.section	.debug_info,"",%progbits
  31              	.Ldebug_info0:
  32 0000 32000000 		.4byte	0x32
  33 0004 0400     		.2byte	0x4
  34 0006 00000000 		.4byte	.Ldebug_abbrev0
  35 000a 04       		.byte	0x4
  36 000b 01       		.uleb128 0x1
  37 000c 6F000000 		.4byte	.LASF0
  38 0010 0C       		.byte	0xc
  39 0011 5F000000 		.4byte	.LASF1
  40 0015 08000000 		.4byte	.LASF2
  41 0019 00000000 		.4byte	.Ldebug_line0
  42 001d 02       		.uleb128 0x2
  43 001e 00000000 		.4byte	.LASF3
  44 0022 01       		.byte	0x1
  45 0023 0F       		.byte	0xf
  46 0024 2E000000 		.4byte	0x2e
  47 0028 05       		.uleb128 0x5
  48 0029 03       		.byte	0x3
  49 002a 00000000 		.4byte	testVar
  50 002e 03       		.uleb128 0x3
  51 002f 04       		.byte	0x4
  52 0030 05       		.byte	0x5
  53 0031 696E7400 		.ascii	"int\000"
  54 0035 00       		.byte	0
  55              		.section	.debug_abbrev,"",%progbits
  56              	.Ldebug_abbrev0:
  57 0000 01       		.uleb128 0x1
ARM GAS  C:\Users\Ariane\AppData\Local\Temp\ccCXU94a.s 			page 2


  58 0001 11       		.uleb128 0x11
  59 0002 01       		.byte	0x1
  60 0003 25       		.uleb128 0x25
  61 0004 0E       		.uleb128 0xe
  62 0005 13       		.uleb128 0x13
  63 0006 0B       		.uleb128 0xb
  64 0007 03       		.uleb128 0x3
  65 0008 0E       		.uleb128 0xe
  66 0009 1B       		.uleb128 0x1b
  67 000a 0E       		.uleb128 0xe
  68 000b 10       		.uleb128 0x10
  69 000c 17       		.uleb128 0x17
  70 000d 00       		.byte	0
  71 000e 00       		.byte	0
  72 000f 02       		.uleb128 0x2
  73 0010 34       		.uleb128 0x34
  74 0011 00       		.byte	0
  75 0012 03       		.uleb128 0x3
  76 0013 0E       		.uleb128 0xe
  77 0014 3A       		.uleb128 0x3a
  78 0015 0B       		.uleb128 0xb
  79 0016 3B       		.uleb128 0x3b
  80 0017 0B       		.uleb128 0xb
  81 0018 49       		.uleb128 0x49
  82 0019 13       		.uleb128 0x13
  83 001a 3F       		.uleb128 0x3f
  84 001b 19       		.uleb128 0x19
  85 001c 02       		.uleb128 0x2
  86 001d 18       		.uleb128 0x18
  87 001e 00       		.byte	0
  88 001f 00       		.byte	0
  89 0020 03       		.uleb128 0x3
  90 0021 24       		.uleb128 0x24
  91 0022 00       		.byte	0
  92 0023 0B       		.uleb128 0xb
  93 0024 0B       		.uleb128 0xb
  94 0025 3E       		.uleb128 0x3e
  95 0026 0B       		.uleb128 0xb
  96 0027 03       		.uleb128 0x3
  97 0028 08       		.uleb128 0x8
  98 0029 00       		.byte	0
  99 002a 00       		.byte	0
 100 002b 00       		.byte	0
 101              		.section	.debug_aranges,"",%progbits
 102 0000 14000000 		.4byte	0x14
 103 0004 0200     		.2byte	0x2
 104 0006 00000000 		.4byte	.Ldebug_info0
 105 000a 04       		.byte	0x4
 106 000b 00       		.byte	0
 107 000c 0000     		.2byte	0
 108 000e 0000     		.2byte	0
 109 0010 00000000 		.4byte	0
 110 0014 00000000 		.4byte	0
 111              		.section	.debug_line,"",%progbits
 112              	.Ldebug_line0:
 113 0000 2C000000 		.section	.debug_str,"MS",%progbits,1
 113      02002600 
ARM GAS  C:\Users\Ariane\AppData\Local\Temp\ccCXU94a.s 			page 3


 113      00000201 
 113      FB0E0D00 
 113      01010101 
 114              	.LASF3:
 115 0000 74657374 		.ascii	"testVar\000"
 115      56617200 
 116              	.LASF2:
 117 0008 433A5C55 		.ascii	"C:\\Users\\Ariane\\Documents\\PSoC Creator\\Projet_"
 117      73657273 
 117      5C417269 
 117      616E655C 
 117      446F6375 
 118 0036 6571315C 		.ascii	"eq1\\WorkspaceProjet2Eq1\\Projet2Eq1.cydsn\000"
 118      576F726B 
 118      73706163 
 118      6550726F 
 118      6A657432 
 119              	.LASF1:
 120 005f 636F6D6D 		.ascii	"communication.c\000"
 120      756E6963 
 120      6174696F 
 120      6E2E6300 
 121              	.LASF0:
 122 006f 474E5520 		.ascii	"GNU C11 5.4.1 20160609 (release) [ARM/embedded-5-br"
 122      43313120 
 122      352E342E 
 122      31203230 
 122      31363036 
 123 00a2 616E6368 		.ascii	"anch revision 237715] -mcpu=cortex-m4 -mfloat-abi=s"
 123      20726576 
 123      6973696F 
 123      6E203233 
 123      37373135 
 124 00d5 6F667466 		.ascii	"oftfp -mfpu=fpv4-sp-d16 -mthumb -g -Og -ffunction-s"
 124      70202D6D 
 124      6670753D 
 124      66707634 
 124      2D73702D 
 125 0108 65637469 		.ascii	"ections -ffat-lto-objects\000"
 125      6F6E7320 
 125      2D666661 
 125      742D6C74 
 125      6F2D6F62 
 126              		.ident	"GCC: (GNU Tools for ARM Embedded Processors) 5.4.1 20160609 (release) [ARM/embedded-5-bran
