ARM GAS  C:\Users\Mathieu\AppData\Local\Temp\ccOb9pnQ.s 			page 1


   1              		.syntax unified
   2              		.cpu cortex-m4
   3              		.eabi_attribute 27, 1
   4              		.fpu fpv4-sp-d16
   5              		.eabi_attribute 20, 1
   6              		.eabi_attribute 21, 1
   7              		.eabi_attribute 23, 3
   8              		.eabi_attribute 24, 1
   9              		.eabi_attribute 25, 1
  10              		.eabi_attribute 26, 1
  11              		.eabi_attribute 30, 1
  12              		.eabi_attribute 34, 1
  13              		.eabi_attribute 18, 4
  14              		.thumb
  15              		.syntax unified
  16              		.file	"main_cm4.c"
  17              		.text
  18              	.Ltext0:
  19              		.cfi_sections	.debug_frame
  20              		.section	.text.main,"ax",%progbits
  21              		.align	2
  22              		.global	main
  23              		.thumb
  24              		.thumb_func
  25              		.type	main, %function
  26              	main:
  27              	.LFB561:
  28              		.file 1 "main_cm4.c"
   1:main_cm4.c    **** /******************************************************************************
   2:main_cm4.c    **** * File Name: main_cm4.c
   3:main_cm4.c    **** *
   4:main_cm4.c    **** * Version: 1.2
   5:main_cm4.c    **** *
   6:main_cm4.c    **** * Description: This file main application code for the CE223727 EmWin Graphics
   7:main_cm4.c    **** *				library EInk Display 
   8:main_cm4.c    **** 
   9:main_cm4.c    **** ********************************************************************************
  10:main_cm4.c    **** *************MODIFIED by Christophe Cloutier-Tremblay.**************************
  11:main_cm4.c    **** ********************************************************************************
  12:main_cm4.c    **** * 
  13:main_cm4.c    **** *
  14:main_cm4.c    **** * Hardware Dependency: CY8CKIT-028-EPD E-Ink Display Shield
  15:main_cm4.c    **** *					   CY8CKIT-062-BLE PSoC6 BLE Pioneer Kit
  16:main_cm4.c    **** *
  17:main_cm4.c    **** ******************************************************************************* 
  18:main_cm4.c    **** * Copyright (2019), Cypress Semiconductor Corporation. All rights reserved. 
  19:main_cm4.c    **** ******************************************************************************* 
  20:main_cm4.c    **** * This software, including source code, documentation and related materials 
  21:main_cm4.c    **** * (“Software”), is owned by Cypress Semiconductor Corporation or one of its 
  22:main_cm4.c    **** * subsidiaries (“Cypress”) and is protected by and subject to worldwide patent 
  23:main_cm4.c    **** * protection (United States and foreign), United States copyright laws and 
  24:main_cm4.c    **** * international treaty provisions. Therefore, you may use this Software only 
  25:main_cm4.c    **** * as provided in the license agreement accompanying the software package from 
  26:main_cm4.c    **** * which you obtained this Software (“EULA”). 
  27:main_cm4.c    **** * 
  28:main_cm4.c    **** * If no EULA applies, Cypress hereby grants you a personal, non-exclusive, 
  29:main_cm4.c    **** * non-transferable license to copy, modify, and compile the Software source 
ARM GAS  C:\Users\Mathieu\AppData\Local\Temp\ccOb9pnQ.s 			page 2


  30:main_cm4.c    **** * code solely for use in connection with Cypress’s integrated circuit products. 
  31:main_cm4.c    **** * Any reproduction, modification, translation, compilation, or representation 
  32:main_cm4.c    **** * of this Software except as specified above is prohibited without the express 
  33:main_cm4.c    **** * written permission of Cypress. 
  34:main_cm4.c    **** * 
  35:main_cm4.c    **** * Disclaimer: THIS SOFTWARE IS PROVIDED AS-IS, WITH NO WARRANTY OF ANY KIND, 
  36:main_cm4.c    **** * EXPRESS OR IMPLIED, INCLUDING, BUT NOT LIMITED TO, NONINFRINGEMENT, IMPLIED 
  37:main_cm4.c    **** * WARRANTIES OF MERCHANTABILITY AND FITNESS FOR A PARTICULAR PURPOSE. Cypress 
  38:main_cm4.c    **** * reserves the right to make changes to the Software without notice. Cypress 
  39:main_cm4.c    **** * does not assume any liability arising out of the application or use of the 
  40:main_cm4.c    **** * Software or any product or circuit described in the Software. Cypress does 
  41:main_cm4.c    **** * not authorize its products for use in any products where a malfunction or 
  42:main_cm4.c    **** * failure of the Cypress product may reasonably be expected to result in 
  43:main_cm4.c    **** * significant property damage, injury or death (“High Risk Product”). By 
  44:main_cm4.c    **** * including Cypress’s product in a High Risk Product, the manufacturer of such 
  45:main_cm4.c    **** * system or application assumes all risk of such use and in doing so agrees to 
  46:main_cm4.c    **** * indemnify Cypress against all liability.
  47:main_cm4.c    **** ********************************************************************************/
  48:main_cm4.c    **** 
  49:main_cm4.c    **** #include "project.h"
  50:main_cm4.c    **** #include "GUI.h"
  51:main_cm4.c    **** #include "pervasive_eink_hardware_driver.h"
  52:main_cm4.c    **** #include "cy_eink_library.h"
  53:main_cm4.c    **** #include "LCDConf.h"
  54:main_cm4.c    **** #include <stdlib.h>
  55:main_cm4.c    **** #include <math.h>
  56:main_cm4.c    **** #include "interface.h"
  57:main_cm4.c    **** #include "project.h" 
  58:main_cm4.c    **** #include "FreeRTOS.h"
  59:main_cm4.c    **** #include "task.h" 
  60:main_cm4.c    **** #include "queue.h"
  61:main_cm4.c    **** 
  62:main_cm4.c    **** 
  63:main_cm4.c    **** /*******************************************************************************
  64:main_cm4.c    **** * Function Name: int main(void)
  65:main_cm4.c    **** ********************************************************************************
  66:main_cm4.c    **** *
  67:main_cm4.c    **** * Summary: À Remplir
  68:main_cm4.c    **** *
  69:main_cm4.c    **** * Parameters:
  70:main_cm4.c    **** *  None
  71:main_cm4.c    **** *
  72:main_cm4.c    **** * Return:
  73:main_cm4.c    **** *  None
  74:main_cm4.c    **** *
  75:main_cm4.c    **** *******************************************************************************/
  76:main_cm4.c    **** int main(void)
  77:main_cm4.c    **** {
  29              		.loc 1 77 0
  30              		.cfi_startproc
  31              		@ Volatile: function does not return.
  32              		@ args = 0, pretend = 0, frame = 0
  33              		@ frame_needed = 0, uses_anonymous_args = 0
  34 0000 00B5     		push	{lr}
  35              		.cfi_def_cfa_offset 4
  36              		.cfi_offset 14, -4
  37 0002 83B0     		sub	sp, sp, #12
ARM GAS  C:\Users\Mathieu\AppData\Local\Temp\ccOb9pnQ.s 			page 3


  38              		.cfi_def_cfa_offset 16
  78:main_cm4.c    ****    
  79:main_cm4.c    ****     xTaskCreate(interface,"Tache_main",1000,NULL,3, NULL);  
  39              		.loc 1 79 0
  40 0004 0023     		movs	r3, #0
  41 0006 0193     		str	r3, [sp, #4]
  42 0008 0322     		movs	r2, #3
  43 000a 0092     		str	r2, [sp]
  44 000c 4FF47A72 		mov	r2, #1000
  45 0010 0349     		ldr	r1, .L4
  46 0012 0448     		ldr	r0, .L4+4
  47 0014 FFF7FEFF 		bl	xTaskCreate
  48              	.LVL0:
  80:main_cm4.c    ****     vTaskStartScheduler();
  49              		.loc 1 80 0
  50 0018 FFF7FEFF 		bl	vTaskStartScheduler
  51              	.LVL1:
  52              	.L2:
  53 001c FEE7     		b	.L2
  54              	.L5:
  55 001e 00BF     		.align	2
  56              	.L4:
  57 0020 00000000 		.word	.LC0
  58 0024 00000000 		.word	interface
  59              		.cfi_endproc
  60              	.LFE561:
  61              		.size	main, .-main
  62              		.section	.rodata.str1.4,"aMS",%progbits,1
  63              		.align	2
  64              	.LC0:
  65 0000 54616368 		.ascii	"Tache_main\000"
  65      655F6D61 
  65      696E00
  66              		.text
  67              	.Letext0:
  68              		.file 2 "c:\\program files (x86)\\cypress\\psoc creator\\4.4\\psoc creator\\import\\gnu\\arm\\5.4.
  69              		.file 3 "c:\\program files (x86)\\cypress\\psoc creator\\4.4\\psoc creator\\import\\gnu\\arm\\5.4.
  70              		.file 4 "Generated_Source\\PSoC6\\pdl\\drivers/peripheral/device/cy_device.h"
  71              		.file 5 "Generated_Source\\PSoC6\\pdl\\drivers/peripheral/scb/cy_scb_spi.h"
  72              		.file 6 "Generated_Source\\PSoC6\\pdl\\drivers/peripheral/tcpwm/cy_tcpwm_counter.h"
  73              		.file 7 "Generated_Source\\PSoC6\\pdl\\cmsis/include/core_cm4.h"
  74              		.file 8 "Generated_Source\\PSoC6/CY_EINK_SPIM.h"
  75              		.file 9 "Generated_Source\\PSoC6/CY_EINK_Timer.h"
  76              		.file 10 "Generated_Source\\PSoC6\\pdl\\rtos/FreeRTOS/10.0.1/Source/include/task.h"
  77              		.section	.debug_info,"",%progbits
  78              	.Ldebug_info0:
  79 0000 77070000 		.4byte	0x777
  80 0004 0400     		.2byte	0x4
  81 0006 00000000 		.4byte	.Ldebug_abbrev0
  82 000a 04       		.byte	0x4
  83 000b 01       		.uleb128 0x1
  84 000c C3050000 		.4byte	.LASF151
  85 0010 0C       		.byte	0xc
  86 0011 8D090000 		.4byte	.LASF152
  87 0015 E7040000 		.4byte	.LASF153
  88 0019 00000000 		.4byte	.Ldebug_ranges0+0
  89 001d 00000000 		.4byte	0
ARM GAS  C:\Users\Mathieu\AppData\Local\Temp\ccOb9pnQ.s 			page 4


  90 0021 00000000 		.4byte	.Ldebug_line0
  91 0025 02       		.uleb128 0x2
  92 0026 02       		.byte	0x2
  93 0027 05       		.byte	0x5
  94 0028 5B040000 		.4byte	.LASF0
  95 002c 02       		.uleb128 0x2
  96 002d 01       		.byte	0x1
  97 002e 06       		.byte	0x6
  98 002f 62090000 		.4byte	.LASF1
  99 0033 03       		.uleb128 0x3
 100 0034 A1000000 		.4byte	.LASF3
 101 0038 02       		.byte	0x2
 102 0039 1D       		.byte	0x1d
 103 003a 3E000000 		.4byte	0x3e
 104 003e 02       		.uleb128 0x2
 105 003f 01       		.byte	0x1
 106 0040 08       		.byte	0x8
 107 0041 D8060000 		.4byte	.LASF2
 108 0045 03       		.uleb128 0x3
 109 0046 22030000 		.4byte	.LASF4
 110 004a 02       		.byte	0x2
 111 004b 29       		.byte	0x29
 112 004c 25000000 		.4byte	0x25
 113 0050 03       		.uleb128 0x3
 114 0051 E9070000 		.4byte	.LASF5
 115 0055 02       		.byte	0x2
 116 0056 2B       		.byte	0x2b
 117 0057 5B000000 		.4byte	0x5b
 118 005b 02       		.uleb128 0x2
 119 005c 02       		.byte	0x2
 120 005d 07       		.byte	0x7
 121 005e 45080000 		.4byte	.LASF6
 122 0062 03       		.uleb128 0x3
 123 0063 07080000 		.4byte	.LASF7
 124 0067 02       		.byte	0x2
 125 0068 3F       		.byte	0x3f
 126 0069 6D000000 		.4byte	0x6d
 127 006d 02       		.uleb128 0x2
 128 006e 04       		.byte	0x4
 129 006f 05       		.byte	0x5
 130 0070 50020000 		.4byte	.LASF8
 131 0074 03       		.uleb128 0x3
 132 0075 F3020000 		.4byte	.LASF9
 133 0079 02       		.byte	0x2
 134 007a 41       		.byte	0x41
 135 007b 7F000000 		.4byte	0x7f
 136 007f 02       		.uleb128 0x2
 137 0080 04       		.byte	0x4
 138 0081 07       		.byte	0x7
 139 0082 B2030000 		.4byte	.LASF10
 140 0086 02       		.uleb128 0x2
 141 0087 08       		.byte	0x8
 142 0088 05       		.byte	0x5
 143 0089 9A010000 		.4byte	.LASF11
 144 008d 02       		.uleb128 0x2
 145 008e 08       		.byte	0x8
 146 008f 07       		.byte	0x7
ARM GAS  C:\Users\Mathieu\AppData\Local\Temp\ccOb9pnQ.s 			page 5


 147 0090 1A010000 		.4byte	.LASF12
 148 0094 04       		.uleb128 0x4
 149 0095 04       		.byte	0x4
 150 0096 05       		.byte	0x5
 151 0097 696E7400 		.ascii	"int\000"
 152 009b 02       		.uleb128 0x2
 153 009c 04       		.byte	0x4
 154 009d 07       		.byte	0x7
 155 009e 93030000 		.4byte	.LASF13
 156 00a2 03       		.uleb128 0x3
 157 00a3 E6080000 		.4byte	.LASF14
 158 00a7 03       		.byte	0x3
 159 00a8 18       		.byte	0x18
 160 00a9 33000000 		.4byte	0x33
 161 00ad 03       		.uleb128 0x3
 162 00ae 92010000 		.4byte	.LASF15
 163 00b2 03       		.byte	0x3
 164 00b3 20       		.byte	0x20
 165 00b4 45000000 		.4byte	0x45
 166 00b8 03       		.uleb128 0x3
 167 00b9 81020000 		.4byte	.LASF16
 168 00bd 03       		.byte	0x3
 169 00be 24       		.byte	0x24
 170 00bf 50000000 		.4byte	0x50
 171 00c3 03       		.uleb128 0x3
 172 00c4 D0060000 		.4byte	.LASF17
 173 00c8 03       		.byte	0x3
 174 00c9 2C       		.byte	0x2c
 175 00ca 62000000 		.4byte	0x62
 176 00ce 03       		.uleb128 0x3
 177 00cf 9D080000 		.4byte	.LASF18
 178 00d3 03       		.byte	0x3
 179 00d4 30       		.byte	0x30
 180 00d5 74000000 		.4byte	0x74
 181 00d9 02       		.uleb128 0x2
 182 00da 04       		.byte	0x4
 183 00db 07       		.byte	0x7
 184 00dc C7040000 		.4byte	.LASF19
 185 00e0 05       		.uleb128 0x5
 186 00e1 CE000000 		.4byte	0xce
 187 00e5 02       		.uleb128 0x2
 188 00e6 08       		.byte	0x8
 189 00e7 04       		.byte	0x4
 190 00e8 DB040000 		.4byte	.LASF20
 191 00ec 06       		.uleb128 0x6
 192 00ed B8       		.byte	0xb8
 193 00ee 04       		.byte	0x4
 194 00ef 34       		.byte	0x34
 195 00f0 FD040000 		.4byte	0x4fd
 196 00f4 07       		.uleb128 0x7
 197 00f5 F0000000 		.4byte	.LASF21
 198 00f9 04       		.byte	0x4
 199 00fa 37       		.byte	0x37
 200 00fb CE000000 		.4byte	0xce
 201 00ff 00       		.byte	0
 202 0100 07       		.uleb128 0x7
 203 0101 E8020000 		.4byte	.LASF22
ARM GAS  C:\Users\Mathieu\AppData\Local\Temp\ccOb9pnQ.s 			page 6


 204 0105 04       		.byte	0x4
 205 0106 38       		.byte	0x38
 206 0107 CE000000 		.4byte	0xce
 207 010b 04       		.byte	0x4
 208 010c 07       		.uleb128 0x7
 209 010d 67020000 		.4byte	.LASF23
 210 0111 04       		.byte	0x4
 211 0112 39       		.byte	0x39
 212 0113 CE000000 		.4byte	0xce
 213 0117 08       		.byte	0x8
 214 0118 07       		.uleb128 0x7
 215 0119 B9060000 		.4byte	.LASF24
 216 011d 04       		.byte	0x4
 217 011e 3A       		.byte	0x3a
 218 011f CE000000 		.4byte	0xce
 219 0123 0C       		.byte	0xc
 220 0124 07       		.uleb128 0x7
 221 0125 65040000 		.4byte	.LASF25
 222 0129 04       		.byte	0x4
 223 012a 3B       		.byte	0x3b
 224 012b CE000000 		.4byte	0xce
 225 012f 10       		.byte	0x10
 226 0130 07       		.uleb128 0x7
 227 0131 46020000 		.4byte	.LASF26
 228 0135 04       		.byte	0x4
 229 0136 3C       		.byte	0x3c
 230 0137 CE000000 		.4byte	0xce
 231 013b 14       		.byte	0x14
 232 013c 07       		.uleb128 0x7
 233 013d 86080000 		.4byte	.LASF27
 234 0141 04       		.byte	0x4
 235 0142 3D       		.byte	0x3d
 236 0143 CE000000 		.4byte	0xce
 237 0147 18       		.byte	0x18
 238 0148 07       		.uleb128 0x7
 239 0149 7C000000 		.4byte	.LASF28
 240 014d 04       		.byte	0x4
 241 014e 3E       		.byte	0x3e
 242 014f CE000000 		.4byte	0xce
 243 0153 1C       		.byte	0x1c
 244 0154 07       		.uleb128 0x7
 245 0155 6E090000 		.4byte	.LASF29
 246 0159 04       		.byte	0x4
 247 015a 3F       		.byte	0x3f
 248 015b CE000000 		.4byte	0xce
 249 015f 20       		.byte	0x20
 250 0160 07       		.uleb128 0x7
 251 0161 94040000 		.4byte	.LASF30
 252 0165 04       		.byte	0x4
 253 0166 40       		.byte	0x40
 254 0167 CE000000 		.4byte	0xce
 255 016b 24       		.byte	0x24
 256 016c 07       		.uleb128 0x7
 257 016d 98090000 		.4byte	.LASF31
 258 0171 04       		.byte	0x4
 259 0172 43       		.byte	0x43
 260 0173 A2000000 		.4byte	0xa2
ARM GAS  C:\Users\Mathieu\AppData\Local\Temp\ccOb9pnQ.s 			page 7


 261 0177 28       		.byte	0x28
 262 0178 07       		.uleb128 0x7
 263 0179 5F000000 		.4byte	.LASF32
 264 017d 04       		.byte	0x4
 265 017e 44       		.byte	0x44
 266 017f A2000000 		.4byte	0xa2
 267 0183 29       		.byte	0x29
 268 0184 07       		.uleb128 0x7
 269 0185 11080000 		.4byte	.LASF33
 270 0189 04       		.byte	0x4
 271 018a 45       		.byte	0x45
 272 018b A2000000 		.4byte	0xa2
 273 018f 2A       		.byte	0x2a
 274 0190 07       		.uleb128 0x7
 275 0191 A8050000 		.4byte	.LASF34
 276 0195 04       		.byte	0x4
 277 0196 46       		.byte	0x46
 278 0197 A2000000 		.4byte	0xa2
 279 019b 2B       		.byte	0x2b
 280 019c 07       		.uleb128 0x7
 281 019d 26040000 		.4byte	.LASF35
 282 01a1 04       		.byte	0x4
 283 01a2 47       		.byte	0x47
 284 01a3 A2000000 		.4byte	0xa2
 285 01a7 2C       		.byte	0x2c
 286 01a8 07       		.uleb128 0x7
 287 01a9 1B080000 		.4byte	.LASF36
 288 01ad 04       		.byte	0x4
 289 01ae 48       		.byte	0x48
 290 01af A2000000 		.4byte	0xa2
 291 01b3 2D       		.byte	0x2d
 292 01b4 07       		.uleb128 0x7
 293 01b5 08020000 		.4byte	.LASF37
 294 01b9 04       		.byte	0x4
 295 01ba 49       		.byte	0x49
 296 01bb A2000000 		.4byte	0xa2
 297 01bf 2E       		.byte	0x2e
 298 01c0 07       		.uleb128 0x7
 299 01c1 9F040000 		.4byte	.LASF38
 300 01c5 04       		.byte	0x4
 301 01c6 4A       		.byte	0x4a
 302 01c7 A2000000 		.4byte	0xa2
 303 01cb 2F       		.byte	0x2f
 304 01cc 07       		.uleb128 0x7
 305 01cd 80050000 		.4byte	.LASF39
 306 01d1 04       		.byte	0x4
 307 01d2 4B       		.byte	0x4b
 308 01d3 A2000000 		.4byte	0xa2
 309 01d7 30       		.byte	0x30
 310 01d8 07       		.uleb128 0x7
 311 01d9 C4030000 		.4byte	.LASF40
 312 01dd 04       		.byte	0x4
 313 01de 4E       		.byte	0x4e
 314 01df A2000000 		.4byte	0xa2
 315 01e3 31       		.byte	0x31
 316 01e4 07       		.uleb128 0x7
 317 01e5 93000000 		.4byte	.LASF41
ARM GAS  C:\Users\Mathieu\AppData\Local\Temp\ccOb9pnQ.s 			page 8


 318 01e9 04       		.byte	0x4
 319 01ea 4F       		.byte	0x4f
 320 01eb A2000000 		.4byte	0xa2
 321 01ef 32       		.byte	0x32
 322 01f0 07       		.uleb128 0x7
 323 01f1 CF030000 		.4byte	.LASF42
 324 01f5 04       		.byte	0x4
 325 01f6 50       		.byte	0x50
 326 01f7 A2000000 		.4byte	0xa2
 327 01fb 33       		.byte	0x33
 328 01fc 07       		.uleb128 0x7
 329 01fd AB000000 		.4byte	.LASF43
 330 0201 04       		.byte	0x4
 331 0202 51       		.byte	0x51
 332 0203 A2000000 		.4byte	0xa2
 333 0207 34       		.byte	0x34
 334 0208 07       		.uleb128 0x7
 335 0209 79080000 		.4byte	.LASF44
 336 020d 04       		.byte	0x4
 337 020e 52       		.byte	0x52
 338 020f AD000000 		.4byte	0xad
 339 0213 36       		.byte	0x36
 340 0214 07       		.uleb128 0x7
 341 0215 86070000 		.4byte	.LASF45
 342 0219 04       		.byte	0x4
 343 021a 53       		.byte	0x53
 344 021b AD000000 		.4byte	0xad
 345 021f 38       		.byte	0x38
 346 0220 07       		.uleb128 0x7
 347 0221 C1080000 		.4byte	.LASF46
 348 0225 04       		.byte	0x4
 349 0226 54       		.byte	0x54
 350 0227 AD000000 		.4byte	0xad
 351 022b 3A       		.byte	0x3a
 352 022c 07       		.uleb128 0x7
 353 022d 53090000 		.4byte	.LASF47
 354 0231 04       		.byte	0x4
 355 0232 55       		.byte	0x55
 356 0233 A2000000 		.4byte	0xa2
 357 0237 3C       		.byte	0x3c
 358 0238 07       		.uleb128 0x7
 359 0239 A6020000 		.4byte	.LASF48
 360 023d 04       		.byte	0x4
 361 023e 56       		.byte	0x56
 362 023f A2000000 		.4byte	0xa2
 363 0243 3D       		.byte	0x3d
 364 0244 07       		.uleb128 0x7
 365 0245 68070000 		.4byte	.LASF49
 366 0249 04       		.byte	0x4
 367 024a 57       		.byte	0x57
 368 024b A2000000 		.4byte	0xa2
 369 024f 3E       		.byte	0x3e
 370 0250 07       		.uleb128 0x7
 371 0251 01010000 		.4byte	.LASF50
 372 0255 04       		.byte	0x4
 373 0256 58       		.byte	0x58
 374 0257 A2000000 		.4byte	0xa2
ARM GAS  C:\Users\Mathieu\AppData\Local\Temp\ccOb9pnQ.s 			page 9


 375 025b 3F       		.byte	0x3f
 376 025c 07       		.uleb128 0x7
 377 025d B6050000 		.4byte	.LASF51
 378 0261 04       		.byte	0x4
 379 0262 59       		.byte	0x59
 380 0263 A2000000 		.4byte	0xa2
 381 0267 40       		.byte	0x40
 382 0268 07       		.uleb128 0x7
 383 0269 FE020000 		.4byte	.LASF52
 384 026d 04       		.byte	0x4
 385 026e 5A       		.byte	0x5a
 386 026f A2000000 		.4byte	0xa2
 387 0273 41       		.byte	0x41
 388 0274 07       		.uleb128 0x7
 389 0275 74050000 		.4byte	.LASF53
 390 0279 04       		.byte	0x4
 391 027a 5B       		.byte	0x5b
 392 027b A2000000 		.4byte	0xa2
 393 027f 42       		.byte	0x42
 394 0280 07       		.uleb128 0x7
 395 0281 9D050000 		.4byte	.LASF54
 396 0285 04       		.byte	0x4
 397 0286 5C       		.byte	0x5c
 398 0287 A2000000 		.4byte	0xa2
 399 028b 43       		.byte	0x43
 400 028c 07       		.uleb128 0x7
 401 028d 70020000 		.4byte	.LASF55
 402 0291 04       		.byte	0x4
 403 0292 5D       		.byte	0x5d
 404 0293 A2000000 		.4byte	0xa2
 405 0297 44       		.byte	0x44
 406 0298 07       		.uleb128 0x7
 407 0299 00000000 		.4byte	.LASF56
 408 029d 04       		.byte	0x4
 409 029e 5E       		.byte	0x5e
 410 029f CE000000 		.4byte	0xce
 411 02a3 48       		.byte	0x48
 412 02a4 07       		.uleb128 0x7
 413 02a5 59020000 		.4byte	.LASF57
 414 02a9 04       		.byte	0x4
 415 02aa 5F       		.byte	0x5f
 416 02ab CE000000 		.4byte	0xce
 417 02af 4C       		.byte	0x4c
 418 02b0 07       		.uleb128 0x7
 419 02b1 A5090000 		.4byte	.LASF58
 420 02b5 04       		.byte	0x4
 421 02b6 60       		.byte	0x60
 422 02b7 A2000000 		.4byte	0xa2
 423 02bb 50       		.byte	0x50
 424 02bc 07       		.uleb128 0x7
 425 02bd 6C010000 		.4byte	.LASF59
 426 02c1 04       		.byte	0x4
 427 02c2 61       		.byte	0x61
 428 02c3 A2000000 		.4byte	0xa2
 429 02c7 51       		.byte	0x51
 430 02c8 07       		.uleb128 0x7
 431 02c9 D6080000 		.4byte	.LASF60
ARM GAS  C:\Users\Mathieu\AppData\Local\Temp\ccOb9pnQ.s 			page 10


 432 02cd 04       		.byte	0x4
 433 02ce 62       		.byte	0x62
 434 02cf A2000000 		.4byte	0xa2
 435 02d3 52       		.byte	0x52
 436 02d4 07       		.uleb128 0x7
 437 02d5 7B090000 		.4byte	.LASF61
 438 02d9 04       		.byte	0x4
 439 02da 63       		.byte	0x63
 440 02db A2000000 		.4byte	0xa2
 441 02df 53       		.byte	0x53
 442 02e0 07       		.uleb128 0x7
 443 02e1 76070000 		.4byte	.LASF62
 444 02e5 04       		.byte	0x4
 445 02e6 64       		.byte	0x64
 446 02e7 A2000000 		.4byte	0xa2
 447 02eb 54       		.byte	0x54
 448 02ec 07       		.uleb128 0x7
 449 02ed 7E010000 		.4byte	.LASF63
 450 02f1 04       		.byte	0x4
 451 02f2 65       		.byte	0x65
 452 02f3 A2000000 		.4byte	0xa2
 453 02f7 55       		.byte	0x55
 454 02f8 07       		.uleb128 0x7
 455 02f9 D5070000 		.4byte	.LASF64
 456 02fd 04       		.byte	0x4
 457 02fe 66       		.byte	0x66
 458 02ff A2000000 		.4byte	0xa2
 459 0303 56       		.byte	0x56
 460 0304 07       		.uleb128 0x7
 461 0305 DB030000 		.4byte	.LASF65
 462 0309 04       		.byte	0x4
 463 030a 67       		.byte	0x67
 464 030b A2000000 		.4byte	0xa2
 465 030f 57       		.byte	0x57
 466 0310 07       		.uleb128 0x7
 467 0311 24000000 		.4byte	.LASF66
 468 0315 04       		.byte	0x4
 469 0316 68       		.byte	0x68
 470 0317 A2000000 		.4byte	0xa2
 471 031b 58       		.byte	0x58
 472 031c 07       		.uleb128 0x7
 473 031d E6060000 		.4byte	.LASF67
 474 0321 04       		.byte	0x4
 475 0322 69       		.byte	0x69
 476 0323 A2000000 		.4byte	0xa2
 477 0327 59       		.byte	0x59
 478 0328 07       		.uleb128 0x7
 479 0329 D0040000 		.4byte	.LASF68
 480 032d 04       		.byte	0x4
 481 032e 6E       		.byte	0x6e
 482 032f B8000000 		.4byte	0xb8
 483 0333 5A       		.byte	0x5a
 484 0334 07       		.uleb128 0x7
 485 0335 58080000 		.4byte	.LASF69
 486 0339 04       		.byte	0x4
 487 033a 6F       		.byte	0x6f
 488 033b B8000000 		.4byte	0xb8
ARM GAS  C:\Users\Mathieu\AppData\Local\Temp\ccOb9pnQ.s 			page 11


 489 033f 5C       		.byte	0x5c
 490 0340 07       		.uleb128 0x7
 491 0341 6D000000 		.4byte	.LASF70
 492 0345 04       		.byte	0x4
 493 0346 70       		.byte	0x70
 494 0347 A2000000 		.4byte	0xa2
 495 034b 5E       		.byte	0x5e
 496 034c 07       		.uleb128 0x7
 497 034d A3060000 		.4byte	.LASF71
 498 0351 04       		.byte	0x4
 499 0352 71       		.byte	0x71
 500 0353 A2000000 		.4byte	0xa2
 501 0357 5F       		.byte	0x5f
 502 0358 07       		.uleb128 0x7
 503 0359 8C050000 		.4byte	.LASF72
 504 035d 04       		.byte	0x4
 505 035e 72       		.byte	0x72
 506 035f A2000000 		.4byte	0xa2
 507 0363 60       		.byte	0x60
 508 0364 07       		.uleb128 0x7
 509 0365 7C060000 		.4byte	.LASF73
 510 0369 04       		.byte	0x4
 511 036a 73       		.byte	0x73
 512 036b CE000000 		.4byte	0xce
 513 036f 64       		.byte	0x64
 514 0370 07       		.uleb128 0x7
 515 0371 40010000 		.4byte	.LASF74
 516 0375 04       		.byte	0x4
 517 0376 76       		.byte	0x76
 518 0377 B8000000 		.4byte	0xb8
 519 037b 68       		.byte	0x68
 520 037c 07       		.uleb128 0x7
 521 037d A0030000 		.4byte	.LASF75
 522 0381 04       		.byte	0x4
 523 0382 77       		.byte	0x77
 524 0383 B8000000 		.4byte	0xb8
 525 0387 6A       		.byte	0x6a
 526 0388 07       		.uleb128 0x7
 527 0389 EF030000 		.4byte	.LASF76
 528 038d 04       		.byte	0x4
 529 038e 78       		.byte	0x78
 530 038f B8000000 		.4byte	0xb8
 531 0393 6C       		.byte	0x6c
 532 0394 07       		.uleb128 0x7
 533 0395 91070000 		.4byte	.LASF77
 534 0399 04       		.byte	0x4
 535 039a 79       		.byte	0x79
 536 039b B8000000 		.4byte	0xb8
 537 039f 6E       		.byte	0x6e
 538 03a0 07       		.uleb128 0x7
 539 03a1 43070000 		.4byte	.LASF78
 540 03a5 04       		.byte	0x4
 541 03a6 7B       		.byte	0x7b
 542 03a7 A2000000 		.4byte	0xa2
 543 03ab 70       		.byte	0x70
 544 03ac 07       		.uleb128 0x7
 545 03ad DD010000 		.4byte	.LASF79
ARM GAS  C:\Users\Mathieu\AppData\Local\Temp\ccOb9pnQ.s 			page 12


 546 03b1 04       		.byte	0x4
 547 03b2 7C       		.byte	0x7c
 548 03b3 A2000000 		.4byte	0xa2
 549 03b7 71       		.byte	0x71
 550 03b8 07       		.uleb128 0x7
 551 03b9 35030000 		.4byte	.LASF80
 552 03bd 04       		.byte	0x4
 553 03be 7D       		.byte	0x7d
 554 03bf A2000000 		.4byte	0xa2
 555 03c3 72       		.byte	0x72
 556 03c4 07       		.uleb128 0x7
 557 03c5 5D050000 		.4byte	.LASF81
 558 03c9 04       		.byte	0x4
 559 03ca 7E       		.byte	0x7e
 560 03cb A2000000 		.4byte	0xa2
 561 03cf 73       		.byte	0x73
 562 03d0 07       		.uleb128 0x7
 563 03d1 C2020000 		.4byte	.LASF82
 564 03d5 04       		.byte	0x4
 565 03d6 80       		.byte	0x80
 566 03d7 B8000000 		.4byte	0xb8
 567 03db 74       		.byte	0x74
 568 03dc 07       		.uleb128 0x7
 569 03dd F4070000 		.4byte	.LASF83
 570 03e1 04       		.byte	0x4
 571 03e2 81       		.byte	0x81
 572 03e3 B8000000 		.4byte	0xb8
 573 03e7 76       		.byte	0x76
 574 03e8 07       		.uleb128 0x7
 575 03e9 91020000 		.4byte	.LASF84
 576 03ed 04       		.byte	0x4
 577 03ee 82       		.byte	0x82
 578 03ef B8000000 		.4byte	0xb8
 579 03f3 78       		.byte	0x78
 580 03f4 07       		.uleb128 0x7
 581 03f5 07070000 		.4byte	.LASF85
 582 03f9 04       		.byte	0x4
 583 03fa 83       		.byte	0x83
 584 03fb B8000000 		.4byte	0xb8
 585 03ff 7A       		.byte	0x7a
 586 0400 07       		.uleb128 0x7
 587 0401 18090000 		.4byte	.LASF86
 588 0405 04       		.byte	0x4
 589 0406 86       		.byte	0x86
 590 0407 A2000000 		.4byte	0xa2
 591 040b 7C       		.byte	0x7c
 592 040c 07       		.uleb128 0x7
 593 040d 15040000 		.4byte	.LASF87
 594 0411 04       		.byte	0x4
 595 0412 87       		.byte	0x87
 596 0413 A2000000 		.4byte	0xa2
 597 0417 7D       		.byte	0x7d
 598 0418 07       		.uleb128 0x7
 599 0419 38000000 		.4byte	.LASF88
 600 041d 04       		.byte	0x4
 601 041e 88       		.byte	0x88
 602 041f A2000000 		.4byte	0xa2
ARM GAS  C:\Users\Mathieu\AppData\Local\Temp\ccOb9pnQ.s 			page 13


 603 0423 7E       		.byte	0x7e
 604 0424 07       		.uleb128 0x7
 605 0425 D4020000 		.4byte	.LASF89
 606 0429 04       		.byte	0x4
 607 042a 89       		.byte	0x89
 608 042b A2000000 		.4byte	0xa2
 609 042f 7F       		.byte	0x7f
 610 0430 07       		.uleb128 0x7
 611 0431 6A030000 		.4byte	.LASF90
 612 0435 04       		.byte	0x4
 613 0436 8A       		.byte	0x8a
 614 0437 A2000000 		.4byte	0xa2
 615 043b 80       		.byte	0x80
 616 043c 07       		.uleb128 0x7
 617 043d 7D040000 		.4byte	.LASF91
 618 0441 04       		.byte	0x4
 619 0442 8D       		.byte	0x8d
 620 0443 CE000000 		.4byte	0xce
 621 0447 84       		.byte	0x84
 622 0448 07       		.uleb128 0x7
 623 0449 BC000000 		.4byte	.LASF92
 624 044d 04       		.byte	0x4
 625 044e 8E       		.byte	0x8e
 626 044f CE000000 		.4byte	0xce
 627 0453 88       		.byte	0x88
 628 0454 07       		.uleb128 0x7
 629 0455 03090000 		.4byte	.LASF93
 630 0459 04       		.byte	0x4
 631 045a 8F       		.byte	0x8f
 632 045b CE000000 		.4byte	0xce
 633 045f 8C       		.byte	0x8c
 634 0460 07       		.uleb128 0x7
 635 0461 7E030000 		.4byte	.LASF94
 636 0465 04       		.byte	0x4
 637 0466 90       		.byte	0x90
 638 0467 CE000000 		.4byte	0xce
 639 046b 90       		.byte	0x90
 640 046c 07       		.uleb128 0x7
 641 046d 4B030000 		.4byte	.LASF95
 642 0471 04       		.byte	0x4
 643 0472 91       		.byte	0x91
 644 0473 CE000000 		.4byte	0xce
 645 0477 94       		.byte	0x94
 646 0478 07       		.uleb128 0x7
 647 0479 F2010000 		.4byte	.LASF96
 648 047d 04       		.byte	0x4
 649 047e 92       		.byte	0x92
 650 047f CE000000 		.4byte	0xce
 651 0483 98       		.byte	0x98
 652 0484 07       		.uleb128 0x7
 653 0485 3D090000 		.4byte	.LASF97
 654 0489 04       		.byte	0x4
 655 048a 93       		.byte	0x93
 656 048b CE000000 		.4byte	0xce
 657 048f 9C       		.byte	0x9c
 658 0490 07       		.uleb128 0x7
 659 0491 50010000 		.4byte	.LASF98
ARM GAS  C:\Users\Mathieu\AppData\Local\Temp\ccOb9pnQ.s 			page 14


 660 0495 04       		.byte	0x4
 661 0496 94       		.byte	0x94
 662 0497 CE000000 		.4byte	0xce
 663 049b A0       		.byte	0xa0
 664 049c 07       		.uleb128 0x7
 665 049d 13020000 		.4byte	.LASF99
 666 04a1 04       		.byte	0x4
 667 04a2 95       		.byte	0x95
 668 04a3 B8000000 		.4byte	0xb8
 669 04a7 A4       		.byte	0xa4
 670 04a8 07       		.uleb128 0x7
 671 04a9 9E070000 		.4byte	.LASF100
 672 04ad 04       		.byte	0x4
 673 04ae 96       		.byte	0x96
 674 04af B8000000 		.4byte	0xb8
 675 04b3 A6       		.byte	0xa6
 676 04b4 07       		.uleb128 0x7
 677 04b5 97060000 		.4byte	.LASF101
 678 04b9 04       		.byte	0x4
 679 04ba 97       		.byte	0x97
 680 04bb B8000000 		.4byte	0xb8
 681 04bf A8       		.byte	0xa8
 682 04c0 07       		.uleb128 0x7
 683 04c1 2E070000 		.4byte	.LASF102
 684 04c5 04       		.byte	0x4
 685 04c6 98       		.byte	0x98
 686 04c7 B8000000 		.4byte	0xb8
 687 04cb AA       		.byte	0xaa
 688 04cc 07       		.uleb128 0x7
 689 04cd FE030000 		.4byte	.LASF103
 690 04d1 04       		.byte	0x4
 691 04d2 99       		.byte	0x99
 692 04d3 B8000000 		.4byte	0xb8
 693 04d7 AC       		.byte	0xac
 694 04d8 07       		.uleb128 0x7
 695 04d9 85000000 		.4byte	.LASF104
 696 04dd 04       		.byte	0x4
 697 04de 9A       		.byte	0x9a
 698 04df B8000000 		.4byte	0xb8
 699 04e3 AE       		.byte	0xae
 700 04e4 07       		.uleb128 0x7
 701 04e5 6B080000 		.4byte	.LASF105
 702 04e9 04       		.byte	0x4
 703 04ea 9D       		.byte	0x9d
 704 04eb B8000000 		.4byte	0xb8
 705 04ef B0       		.byte	0xb0
 706 04f0 07       		.uleb128 0x7
 707 04f1 4B000000 		.4byte	.LASF106
 708 04f5 04       		.byte	0x4
 709 04f6 9E       		.byte	0x9e
 710 04f7 CE000000 		.4byte	0xce
 711 04fb B4       		.byte	0xb4
 712 04fc 00       		.byte	0
 713 04fd 03       		.uleb128 0x3
 714 04fe 32040000 		.4byte	.LASF107
 715 0502 04       		.byte	0x4
 716 0503 9F       		.byte	0x9f
ARM GAS  C:\Users\Mathieu\AppData\Local\Temp\ccOb9pnQ.s 			page 15


 717 0504 EC000000 		.4byte	0xec
 718 0508 02       		.uleb128 0x2
 719 0509 01       		.byte	0x1
 720 050a 08       		.byte	0x8
 721 050b D0070000 		.4byte	.LASF108
 722 050f 02       		.uleb128 0x2
 723 0510 04       		.byte	0x4
 724 0511 04       		.byte	0x4
 725 0512 76060000 		.4byte	.LASF109
 726 0516 02       		.uleb128 0x2
 727 0517 08       		.byte	0x8
 728 0518 04       		.byte	0x4
 729 0519 8A020000 		.4byte	.LASF110
 730 051d 08       		.uleb128 0x8
 731 051e 04       		.byte	0x4
 732 051f 02       		.uleb128 0x2
 733 0520 01       		.byte	0x1
 734 0521 02       		.byte	0x2
 735 0522 A6080000 		.4byte	.LASF111
 736 0526 09       		.uleb128 0x9
 737 0527 04       		.byte	0x4
 738 0528 2C050000 		.4byte	0x52c
 739 052c 0A       		.uleb128 0xa
 740 052d 37050000 		.4byte	0x537
 741 0531 0B       		.uleb128 0xb
 742 0532 CE000000 		.4byte	0xce
 743 0536 00       		.byte	0
 744 0537 0C       		.uleb128 0xc
 745 0538 28020000 		.4byte	.LASF112
 746 053c 05       		.byte	0x5
 747 053d F201     		.2byte	0x1f2
 748 053f 26050000 		.4byte	0x526
 749 0543 0D       		.uleb128 0xd
 750 0544 C6010000 		.4byte	.LASF123
 751 0548 24       		.byte	0x24
 752 0549 05       		.byte	0x5
 753 054a 7402     		.2byte	0x274
 754 054c C6050000 		.4byte	0x5c6
 755 0550 0E       		.uleb128 0xe
 756 0551 3C070000 		.4byte	.LASF113
 757 0555 05       		.byte	0x5
 758 0556 7702     		.2byte	0x277
 759 0558 E0000000 		.4byte	0xe0
 760 055c 00       		.byte	0
 761 055d 0E       		.uleb128 0xe
 762 055e 97080000 		.4byte	.LASF114
 763 0562 05       		.byte	0x5
 764 0563 7902     		.2byte	0x279
 765 0565 1D050000 		.4byte	0x51d
 766 0569 04       		.byte	0x4
 767 056a 0E       		.uleb128 0xe
 768 056b 1A000000 		.4byte	.LASF115
 769 056f 05       		.byte	0x5
 770 0570 7A02     		.2byte	0x27a
 771 0572 CE000000 		.4byte	0xce
 772 0576 08       		.byte	0x8
 773 0577 0E       		.uleb128 0xe
ARM GAS  C:\Users\Mathieu\AppData\Local\Temp\ccOb9pnQ.s 			page 16


 774 0578 2C030000 		.4byte	.LASF116
 775 057c 05       		.byte	0x5
 776 057d 7B02     		.2byte	0x27b
 777 057f E0000000 		.4byte	0xe0
 778 0583 0C       		.byte	0xc
 779 0584 0E       		.uleb128 0xe
 780 0585 66010000 		.4byte	.LASF117
 781 0589 05       		.byte	0x5
 782 058a 7D02     		.2byte	0x27d
 783 058c 1D050000 		.4byte	0x51d
 784 0590 10       		.byte	0x10
 785 0591 0E       		.uleb128 0xe
 786 0592 60030000 		.4byte	.LASF118
 787 0596 05       		.byte	0x5
 788 0597 7E02     		.2byte	0x27e
 789 0599 CE000000 		.4byte	0xce
 790 059d 14       		.byte	0x14
 791 059e 0E       		.uleb128 0xe
 792 059f B6090000 		.4byte	.LASF119
 793 05a3 05       		.byte	0x5
 794 05a4 7F02     		.2byte	0x27f
 795 05a6 E0000000 		.4byte	0xe0
 796 05aa 18       		.byte	0x18
 797 05ab 0E       		.uleb128 0xe
 798 05ac 0C040000 		.4byte	.LASF120
 799 05b0 05       		.byte	0x5
 800 05b1 8502     		.2byte	0x285
 801 05b3 37050000 		.4byte	0x537
 802 05b7 1C       		.byte	0x1c
 803 05b8 0E       		.uleb128 0xe
 804 05b9 8F080000 		.4byte	.LASF121
 805 05bd 05       		.byte	0x5
 806 05be 8802     		.2byte	0x288
 807 05c0 CE000000 		.4byte	0xce
 808 05c4 20       		.byte	0x20
 809 05c5 00       		.byte	0
 810 05c6 0C       		.uleb128 0xc
 811 05c7 42040000 		.4byte	.LASF122
 812 05cb 05       		.byte	0x5
 813 05cc 8B02     		.2byte	0x28b
 814 05ce 43050000 		.4byte	0x543
 815 05d2 0F       		.uleb128 0xf
 816 05d3 AB040000 		.4byte	.LASF124
 817 05d7 4C       		.byte	0x4c
 818 05d8 06       		.byte	0x6
 819 05d9 2F       		.byte	0x2f
 820 05da C3060000 		.4byte	0x6c3
 821 05de 07       		.uleb128 0x7
 822 05df FA000000 		.4byte	.LASF125
 823 05e3 06       		.byte	0x6
 824 05e4 31       		.byte	0x31
 825 05e5 CE000000 		.4byte	0xce
 826 05e9 00       		.byte	0
 827 05ea 07       		.uleb128 0x7
 828 05eb 31010000 		.4byte	.LASF126
 829 05ef 06       		.byte	0x6
 830 05f0 33       		.byte	0x33
ARM GAS  C:\Users\Mathieu\AppData\Local\Temp\ccOb9pnQ.s 			page 17


 831 05f1 CE000000 		.4byte	0xce
 832 05f5 04       		.byte	0x4
 833 05f6 07       		.uleb128 0x7
 834 05f7 12000000 		.4byte	.LASF127
 835 05fb 06       		.byte	0x6
 836 05fc 34       		.byte	0x34
 837 05fd CE000000 		.4byte	0xce
 838 0601 08       		.byte	0x8
 839 0602 07       		.uleb128 0x7
 840 0603 D3000000 		.4byte	.LASF128
 841 0607 06       		.byte	0x6
 842 0608 35       		.byte	0x35
 843 0609 CE000000 		.4byte	0xce
 844 060d 0C       		.byte	0xc
 845 060e 07       		.uleb128 0x7
 846 060f 57070000 		.4byte	.LASF129
 847 0613 06       		.byte	0x6
 848 0614 37       		.byte	0x37
 849 0615 CE000000 		.4byte	0xce
 850 0619 10       		.byte	0x10
 851 061a 07       		.uleb128 0x7
 852 061b B3070000 		.4byte	.LASF130
 853 061f 06       		.byte	0x6
 854 0620 38       		.byte	0x38
 855 0621 CE000000 		.4byte	0xce
 856 0625 14       		.byte	0x14
 857 0626 07       		.uleb128 0x7
 858 0627 BC070000 		.4byte	.LASF131
 859 062b 06       		.byte	0x6
 860 062c 39       		.byte	0x39
 861 062d CE000000 		.4byte	0xce
 862 0631 18       		.byte	0x18
 863 0632 07       		.uleb128 0x7
 864 0633 1C070000 		.4byte	.LASF132
 865 0637 06       		.byte	0x6
 866 0638 3A       		.byte	0x3a
 867 0639 1F050000 		.4byte	0x51f
 868 063d 1C       		.byte	0x1c
 869 063e 07       		.uleb128 0x7
 870 063f 28080000 		.4byte	.LASF133
 871 0643 06       		.byte	0x6
 872 0644 3C       		.byte	0x3c
 873 0645 CE000000 		.4byte	0xce
 874 0649 20       		.byte	0x20
 875 064a 07       		.uleb128 0x7
 876 064b B1020000 		.4byte	.LASF134
 877 064f 06       		.byte	0x6
 878 0650 3D       		.byte	0x3d
 879 0651 CE000000 		.4byte	0xce
 880 0655 24       		.byte	0x24
 881 0656 07       		.uleb128 0x7
 882 0657 0D010000 		.4byte	.LASF135
 883 065b 06       		.byte	0x6
 884 065c 3F       		.byte	0x3f
 885 065d CE000000 		.4byte	0xce
 886 0661 28       		.byte	0x28
 887 0662 07       		.uleb128 0x7
ARM GAS  C:\Users\Mathieu\AppData\Local\Temp\ccOb9pnQ.s 			page 18


 888 0663 2D090000 		.4byte	.LASF136
 889 0667 06       		.byte	0x6
 890 0668 40       		.byte	0x40
 891 0669 CE000000 		.4byte	0xce
 892 066d 2C       		.byte	0x2c
 893 066e 07       		.uleb128 0x7
 894 066f 39080000 		.4byte	.LASF137
 895 0673 06       		.byte	0x6
 896 0674 42       		.byte	0x42
 897 0675 CE000000 		.4byte	0xce
 898 0679 30       		.byte	0x30
 899 067a 07       		.uleb128 0x7
 900 067b C1060000 		.4byte	.LASF138
 901 067f 06       		.byte	0x6
 902 0680 43       		.byte	0x43
 903 0681 CE000000 		.4byte	0xce
 904 0685 34       		.byte	0x34
 905 0686 07       		.uleb128 0x7
 906 0687 BF090000 		.4byte	.LASF139
 907 068b 06       		.byte	0x6
 908 068c 45       		.byte	0x45
 909 068d CE000000 		.4byte	0xce
 910 0691 38       		.byte	0x38
 911 0692 07       		.uleb128 0x7
 912 0693 E2000000 		.4byte	.LASF140
 913 0697 06       		.byte	0x6
 914 0698 46       		.byte	0x46
 915 0699 CE000000 		.4byte	0xce
 916 069d 3C       		.byte	0x3c
 917 069e 07       		.uleb128 0x7
 918 069f 61080000 		.4byte	.LASF141
 919 06a3 06       		.byte	0x6
 920 06a4 48       		.byte	0x48
 921 06a5 CE000000 		.4byte	0xce
 922 06a9 40       		.byte	0x40
 923 06aa 07       		.uleb128 0x7
 924 06ab 6E040000 		.4byte	.LASF142
 925 06af 06       		.byte	0x6
 926 06b0 49       		.byte	0x49
 927 06b1 CE000000 		.4byte	0xce
 928 06b5 44       		.byte	0x44
 929 06b6 07       		.uleb128 0x7
 930 06b7 C5070000 		.4byte	.LASF143
 931 06bb 06       		.byte	0x6
 932 06bc 4B       		.byte	0x4b
 933 06bd CE000000 		.4byte	0xce
 934 06c1 48       		.byte	0x48
 935 06c2 00       		.byte	0
 936 06c3 03       		.uleb128 0x3
 937 06c4 A8010000 		.4byte	.LASF144
 938 06c8 06       		.byte	0x6
 939 06c9 4C       		.byte	0x4c
 940 06ca D2050000 		.4byte	0x5d2
 941 06ce 10       		.uleb128 0x10
 942 06cf 76090000 		.4byte	.LASF154
 943 06d3 01       		.byte	0x1
 944 06d4 4C       		.byte	0x4c
ARM GAS  C:\Users\Mathieu\AppData\Local\Temp\ccOb9pnQ.s 			page 19


 945 06d5 94000000 		.4byte	0x94
 946 06d9 00000000 		.4byte	.LFB561
 947 06dd 28000000 		.4byte	.LFE561-.LFB561
 948 06e1 01       		.uleb128 0x1
 949 06e2 9C       		.byte	0x9c
 950 06e3 20070000 		.4byte	0x720
 951 06e7 11       		.uleb128 0x11
 952 06e8 18000000 		.4byte	.LVL0
 953 06ec 62070000 		.4byte	0x762
 954 06f0 16070000 		.4byte	0x716
 955 06f4 12       		.uleb128 0x12
 956 06f5 01       		.uleb128 0x1
 957 06f6 51       		.byte	0x51
 958 06f7 05       		.uleb128 0x5
 959 06f8 03       		.byte	0x3
 960 06f9 00000000 		.4byte	.LC0
 961 06fd 12       		.uleb128 0x12
 962 06fe 01       		.uleb128 0x1
 963 06ff 52       		.byte	0x52
 964 0700 03       		.uleb128 0x3
 965 0701 0A       		.byte	0xa
 966 0702 E803     		.2byte	0x3e8
 967 0704 12       		.uleb128 0x12
 968 0705 01       		.uleb128 0x1
 969 0706 53       		.byte	0x53
 970 0707 01       		.uleb128 0x1
 971 0708 30       		.byte	0x30
 972 0709 12       		.uleb128 0x12
 973 070a 02       		.uleb128 0x2
 974 070b 7D       		.byte	0x7d
 975 070c 00       		.sleb128 0
 976 070d 01       		.uleb128 0x1
 977 070e 33       		.byte	0x33
 978 070f 12       		.uleb128 0x12
 979 0710 02       		.uleb128 0x2
 980 0711 7D       		.byte	0x7d
 981 0712 04       		.sleb128 4
 982 0713 01       		.uleb128 0x1
 983 0714 30       		.byte	0x30
 984 0715 00       		.byte	0
 985 0716 13       		.uleb128 0x13
 986 0717 1C000000 		.4byte	.LVL1
 987 071b 6E070000 		.4byte	0x76e
 988 071f 00       		.byte	0
 989 0720 14       		.uleb128 0x14
 990 0721 FA060000 		.4byte	.LASF145
 991 0725 07       		.byte	0x7
 992 0726 F907     		.2byte	0x7f9
 993 0728 2C070000 		.4byte	0x72c
 994 072c 05       		.uleb128 0x5
 995 072d C3000000 		.4byte	0xc3
 996 0731 15       		.uleb128 0x15
 997 0732 8D060000 		.4byte	.LASF146
 998 0736 04       		.byte	0x4
 999 0737 A7       		.byte	0xa7
 1000 0738 3C070000 		.4byte	0x73c
 1001 073c 09       		.uleb128 0x9
ARM GAS  C:\Users\Mathieu\AppData\Local\Temp\ccOb9pnQ.s 			page 20


 1002 073d 04       		.byte	0x4
 1003 073e 42070000 		.4byte	0x742
 1004 0742 16       		.uleb128 0x16
 1005 0743 FD040000 		.4byte	0x4fd
 1006 0747 15       		.uleb128 0x15
 1007 0748 AC080000 		.4byte	.LASF147
 1008 074c 08       		.byte	0x8
 1009 074d 5E       		.byte	0x5e
 1010 074e C6050000 		.4byte	0x5c6
 1011 0752 15       		.uleb128 0x15
 1012 0753 EE080000 		.4byte	.LASF148
 1013 0757 09       		.byte	0x9
 1014 0758 1F       		.byte	0x1f
 1015 0759 5D070000 		.4byte	0x75d
 1016 075d 16       		.uleb128 0x16
 1017 075e C3060000 		.4byte	0x6c3
 1018 0762 17       		.uleb128 0x17
 1019 0763 51050000 		.4byte	.LASF149
 1020 0767 51050000 		.4byte	.LASF149
 1021 076b 0A       		.byte	0xa
 1022 076c 4101     		.2byte	0x141
 1023 076e 17       		.uleb128 0x17
 1024 076f 0E030000 		.4byte	.LASF150
 1025 0773 0E030000 		.4byte	.LASF150
 1026 0777 0A       		.byte	0xa
 1027 0778 8E04     		.2byte	0x48e
 1028 077a 00       		.byte	0
 1029              		.section	.debug_abbrev,"",%progbits
 1030              	.Ldebug_abbrev0:
 1031 0000 01       		.uleb128 0x1
 1032 0001 11       		.uleb128 0x11
 1033 0002 01       		.byte	0x1
 1034 0003 25       		.uleb128 0x25
 1035 0004 0E       		.uleb128 0xe
 1036 0005 13       		.uleb128 0x13
 1037 0006 0B       		.uleb128 0xb
 1038 0007 03       		.uleb128 0x3
 1039 0008 0E       		.uleb128 0xe
 1040 0009 1B       		.uleb128 0x1b
 1041 000a 0E       		.uleb128 0xe
 1042 000b 55       		.uleb128 0x55
 1043 000c 17       		.uleb128 0x17
 1044 000d 11       		.uleb128 0x11
 1045 000e 01       		.uleb128 0x1
 1046 000f 10       		.uleb128 0x10
 1047 0010 17       		.uleb128 0x17
 1048 0011 00       		.byte	0
 1049 0012 00       		.byte	0
 1050 0013 02       		.uleb128 0x2
 1051 0014 24       		.uleb128 0x24
 1052 0015 00       		.byte	0
 1053 0016 0B       		.uleb128 0xb
 1054 0017 0B       		.uleb128 0xb
 1055 0018 3E       		.uleb128 0x3e
 1056 0019 0B       		.uleb128 0xb
 1057 001a 03       		.uleb128 0x3
 1058 001b 0E       		.uleb128 0xe
ARM GAS  C:\Users\Mathieu\AppData\Local\Temp\ccOb9pnQ.s 			page 21


 1059 001c 00       		.byte	0
 1060 001d 00       		.byte	0
 1061 001e 03       		.uleb128 0x3
 1062 001f 16       		.uleb128 0x16
 1063 0020 00       		.byte	0
 1064 0021 03       		.uleb128 0x3
 1065 0022 0E       		.uleb128 0xe
 1066 0023 3A       		.uleb128 0x3a
 1067 0024 0B       		.uleb128 0xb
 1068 0025 3B       		.uleb128 0x3b
 1069 0026 0B       		.uleb128 0xb
 1070 0027 49       		.uleb128 0x49
 1071 0028 13       		.uleb128 0x13
 1072 0029 00       		.byte	0
 1073 002a 00       		.byte	0
 1074 002b 04       		.uleb128 0x4
 1075 002c 24       		.uleb128 0x24
 1076 002d 00       		.byte	0
 1077 002e 0B       		.uleb128 0xb
 1078 002f 0B       		.uleb128 0xb
 1079 0030 3E       		.uleb128 0x3e
 1080 0031 0B       		.uleb128 0xb
 1081 0032 03       		.uleb128 0x3
 1082 0033 08       		.uleb128 0x8
 1083 0034 00       		.byte	0
 1084 0035 00       		.byte	0
 1085 0036 05       		.uleb128 0x5
 1086 0037 35       		.uleb128 0x35
 1087 0038 00       		.byte	0
 1088 0039 49       		.uleb128 0x49
 1089 003a 13       		.uleb128 0x13
 1090 003b 00       		.byte	0
 1091 003c 00       		.byte	0
 1092 003d 06       		.uleb128 0x6
 1093 003e 13       		.uleb128 0x13
 1094 003f 01       		.byte	0x1
 1095 0040 0B       		.uleb128 0xb
 1096 0041 0B       		.uleb128 0xb
 1097 0042 3A       		.uleb128 0x3a
 1098 0043 0B       		.uleb128 0xb
 1099 0044 3B       		.uleb128 0x3b
 1100 0045 0B       		.uleb128 0xb
 1101 0046 01       		.uleb128 0x1
 1102 0047 13       		.uleb128 0x13
 1103 0048 00       		.byte	0
 1104 0049 00       		.byte	0
 1105 004a 07       		.uleb128 0x7
 1106 004b 0D       		.uleb128 0xd
 1107 004c 00       		.byte	0
 1108 004d 03       		.uleb128 0x3
 1109 004e 0E       		.uleb128 0xe
 1110 004f 3A       		.uleb128 0x3a
 1111 0050 0B       		.uleb128 0xb
 1112 0051 3B       		.uleb128 0x3b
 1113 0052 0B       		.uleb128 0xb
 1114 0053 49       		.uleb128 0x49
 1115 0054 13       		.uleb128 0x13
ARM GAS  C:\Users\Mathieu\AppData\Local\Temp\ccOb9pnQ.s 			page 22


 1116 0055 38       		.uleb128 0x38
 1117 0056 0B       		.uleb128 0xb
 1118 0057 00       		.byte	0
 1119 0058 00       		.byte	0
 1120 0059 08       		.uleb128 0x8
 1121 005a 0F       		.uleb128 0xf
 1122 005b 00       		.byte	0
 1123 005c 0B       		.uleb128 0xb
 1124 005d 0B       		.uleb128 0xb
 1125 005e 00       		.byte	0
 1126 005f 00       		.byte	0
 1127 0060 09       		.uleb128 0x9
 1128 0061 0F       		.uleb128 0xf
 1129 0062 00       		.byte	0
 1130 0063 0B       		.uleb128 0xb
 1131 0064 0B       		.uleb128 0xb
 1132 0065 49       		.uleb128 0x49
 1133 0066 13       		.uleb128 0x13
 1134 0067 00       		.byte	0
 1135 0068 00       		.byte	0
 1136 0069 0A       		.uleb128 0xa
 1137 006a 15       		.uleb128 0x15
 1138 006b 01       		.byte	0x1
 1139 006c 27       		.uleb128 0x27
 1140 006d 19       		.uleb128 0x19
 1141 006e 01       		.uleb128 0x1
 1142 006f 13       		.uleb128 0x13
 1143 0070 00       		.byte	0
 1144 0071 00       		.byte	0
 1145 0072 0B       		.uleb128 0xb
 1146 0073 05       		.uleb128 0x5
 1147 0074 00       		.byte	0
 1148 0075 49       		.uleb128 0x49
 1149 0076 13       		.uleb128 0x13
 1150 0077 00       		.byte	0
 1151 0078 00       		.byte	0
 1152 0079 0C       		.uleb128 0xc
 1153 007a 16       		.uleb128 0x16
 1154 007b 00       		.byte	0
 1155 007c 03       		.uleb128 0x3
 1156 007d 0E       		.uleb128 0xe
 1157 007e 3A       		.uleb128 0x3a
 1158 007f 0B       		.uleb128 0xb
 1159 0080 3B       		.uleb128 0x3b
 1160 0081 05       		.uleb128 0x5
 1161 0082 49       		.uleb128 0x49
 1162 0083 13       		.uleb128 0x13
 1163 0084 00       		.byte	0
 1164 0085 00       		.byte	0
 1165 0086 0D       		.uleb128 0xd
 1166 0087 13       		.uleb128 0x13
 1167 0088 01       		.byte	0x1
 1168 0089 03       		.uleb128 0x3
 1169 008a 0E       		.uleb128 0xe
 1170 008b 0B       		.uleb128 0xb
 1171 008c 0B       		.uleb128 0xb
 1172 008d 3A       		.uleb128 0x3a
ARM GAS  C:\Users\Mathieu\AppData\Local\Temp\ccOb9pnQ.s 			page 23


 1173 008e 0B       		.uleb128 0xb
 1174 008f 3B       		.uleb128 0x3b
 1175 0090 05       		.uleb128 0x5
 1176 0091 01       		.uleb128 0x1
 1177 0092 13       		.uleb128 0x13
 1178 0093 00       		.byte	0
 1179 0094 00       		.byte	0
 1180 0095 0E       		.uleb128 0xe
 1181 0096 0D       		.uleb128 0xd
 1182 0097 00       		.byte	0
 1183 0098 03       		.uleb128 0x3
 1184 0099 0E       		.uleb128 0xe
 1185 009a 3A       		.uleb128 0x3a
 1186 009b 0B       		.uleb128 0xb
 1187 009c 3B       		.uleb128 0x3b
 1188 009d 05       		.uleb128 0x5
 1189 009e 49       		.uleb128 0x49
 1190 009f 13       		.uleb128 0x13
 1191 00a0 38       		.uleb128 0x38
 1192 00a1 0B       		.uleb128 0xb
 1193 00a2 00       		.byte	0
 1194 00a3 00       		.byte	0
 1195 00a4 0F       		.uleb128 0xf
 1196 00a5 13       		.uleb128 0x13
 1197 00a6 01       		.byte	0x1
 1198 00a7 03       		.uleb128 0x3
 1199 00a8 0E       		.uleb128 0xe
 1200 00a9 0B       		.uleb128 0xb
 1201 00aa 0B       		.uleb128 0xb
 1202 00ab 3A       		.uleb128 0x3a
 1203 00ac 0B       		.uleb128 0xb
 1204 00ad 3B       		.uleb128 0x3b
 1205 00ae 0B       		.uleb128 0xb
 1206 00af 01       		.uleb128 0x1
 1207 00b0 13       		.uleb128 0x13
 1208 00b1 00       		.byte	0
 1209 00b2 00       		.byte	0
 1210 00b3 10       		.uleb128 0x10
 1211 00b4 2E       		.uleb128 0x2e
 1212 00b5 01       		.byte	0x1
 1213 00b6 3F       		.uleb128 0x3f
 1214 00b7 19       		.uleb128 0x19
 1215 00b8 03       		.uleb128 0x3
 1216 00b9 0E       		.uleb128 0xe
 1217 00ba 3A       		.uleb128 0x3a
 1218 00bb 0B       		.uleb128 0xb
 1219 00bc 3B       		.uleb128 0x3b
 1220 00bd 0B       		.uleb128 0xb
 1221 00be 27       		.uleb128 0x27
 1222 00bf 19       		.uleb128 0x19
 1223 00c0 49       		.uleb128 0x49
 1224 00c1 13       		.uleb128 0x13
 1225 00c2 8701     		.uleb128 0x87
 1226 00c4 19       		.uleb128 0x19
 1227 00c5 11       		.uleb128 0x11
 1228 00c6 01       		.uleb128 0x1
 1229 00c7 12       		.uleb128 0x12
ARM GAS  C:\Users\Mathieu\AppData\Local\Temp\ccOb9pnQ.s 			page 24


 1230 00c8 06       		.uleb128 0x6
 1231 00c9 40       		.uleb128 0x40
 1232 00ca 18       		.uleb128 0x18
 1233 00cb 9742     		.uleb128 0x2117
 1234 00cd 19       		.uleb128 0x19
 1235 00ce 01       		.uleb128 0x1
 1236 00cf 13       		.uleb128 0x13
 1237 00d0 00       		.byte	0
 1238 00d1 00       		.byte	0
 1239 00d2 11       		.uleb128 0x11
 1240 00d3 898201   		.uleb128 0x4109
 1241 00d6 01       		.byte	0x1
 1242 00d7 11       		.uleb128 0x11
 1243 00d8 01       		.uleb128 0x1
 1244 00d9 31       		.uleb128 0x31
 1245 00da 13       		.uleb128 0x13
 1246 00db 01       		.uleb128 0x1
 1247 00dc 13       		.uleb128 0x13
 1248 00dd 00       		.byte	0
 1249 00de 00       		.byte	0
 1250 00df 12       		.uleb128 0x12
 1251 00e0 8A8201   		.uleb128 0x410a
 1252 00e3 00       		.byte	0
 1253 00e4 02       		.uleb128 0x2
 1254 00e5 18       		.uleb128 0x18
 1255 00e6 9142     		.uleb128 0x2111
 1256 00e8 18       		.uleb128 0x18
 1257 00e9 00       		.byte	0
 1258 00ea 00       		.byte	0
 1259 00eb 13       		.uleb128 0x13
 1260 00ec 898201   		.uleb128 0x4109
 1261 00ef 00       		.byte	0
 1262 00f0 11       		.uleb128 0x11
 1263 00f1 01       		.uleb128 0x1
 1264 00f2 31       		.uleb128 0x31
 1265 00f3 13       		.uleb128 0x13
 1266 00f4 00       		.byte	0
 1267 00f5 00       		.byte	0
 1268 00f6 14       		.uleb128 0x14
 1269 00f7 34       		.uleb128 0x34
 1270 00f8 00       		.byte	0
 1271 00f9 03       		.uleb128 0x3
 1272 00fa 0E       		.uleb128 0xe
 1273 00fb 3A       		.uleb128 0x3a
 1274 00fc 0B       		.uleb128 0xb
 1275 00fd 3B       		.uleb128 0x3b
 1276 00fe 05       		.uleb128 0x5
 1277 00ff 49       		.uleb128 0x49
 1278 0100 13       		.uleb128 0x13
 1279 0101 3F       		.uleb128 0x3f
 1280 0102 19       		.uleb128 0x19
 1281 0103 3C       		.uleb128 0x3c
 1282 0104 19       		.uleb128 0x19
 1283 0105 00       		.byte	0
 1284 0106 00       		.byte	0
 1285 0107 15       		.uleb128 0x15
 1286 0108 34       		.uleb128 0x34
ARM GAS  C:\Users\Mathieu\AppData\Local\Temp\ccOb9pnQ.s 			page 25


 1287 0109 00       		.byte	0
 1288 010a 03       		.uleb128 0x3
 1289 010b 0E       		.uleb128 0xe
 1290 010c 3A       		.uleb128 0x3a
 1291 010d 0B       		.uleb128 0xb
 1292 010e 3B       		.uleb128 0x3b
 1293 010f 0B       		.uleb128 0xb
 1294 0110 49       		.uleb128 0x49
 1295 0111 13       		.uleb128 0x13
 1296 0112 3F       		.uleb128 0x3f
 1297 0113 19       		.uleb128 0x19
 1298 0114 3C       		.uleb128 0x3c
 1299 0115 19       		.uleb128 0x19
 1300 0116 00       		.byte	0
 1301 0117 00       		.byte	0
 1302 0118 16       		.uleb128 0x16
 1303 0119 26       		.uleb128 0x26
 1304 011a 00       		.byte	0
 1305 011b 49       		.uleb128 0x49
 1306 011c 13       		.uleb128 0x13
 1307 011d 00       		.byte	0
 1308 011e 00       		.byte	0
 1309 011f 17       		.uleb128 0x17
 1310 0120 2E       		.uleb128 0x2e
 1311 0121 00       		.byte	0
 1312 0122 3F       		.uleb128 0x3f
 1313 0123 19       		.uleb128 0x19
 1314 0124 3C       		.uleb128 0x3c
 1315 0125 19       		.uleb128 0x19
 1316 0126 6E       		.uleb128 0x6e
 1317 0127 0E       		.uleb128 0xe
 1318 0128 03       		.uleb128 0x3
 1319 0129 0E       		.uleb128 0xe
 1320 012a 3A       		.uleb128 0x3a
 1321 012b 0B       		.uleb128 0xb
 1322 012c 3B       		.uleb128 0x3b
 1323 012d 05       		.uleb128 0x5
 1324 012e 00       		.byte	0
 1325 012f 00       		.byte	0
 1326 0130 00       		.byte	0
 1327              		.section	.debug_aranges,"",%progbits
 1328 0000 1C000000 		.4byte	0x1c
 1329 0004 0200     		.2byte	0x2
 1330 0006 00000000 		.4byte	.Ldebug_info0
 1331 000a 04       		.byte	0x4
 1332 000b 00       		.byte	0
 1333 000c 0000     		.2byte	0
 1334 000e 0000     		.2byte	0
 1335 0010 00000000 		.4byte	.LFB561
 1336 0014 28000000 		.4byte	.LFE561-.LFB561
 1337 0018 00000000 		.4byte	0
 1338 001c 00000000 		.4byte	0
 1339              		.section	.debug_ranges,"",%progbits
 1340              	.Ldebug_ranges0:
 1341 0000 00000000 		.4byte	.LFB561
 1342 0004 28000000 		.4byte	.LFE561
 1343 0008 00000000 		.4byte	0
ARM GAS  C:\Users\Mathieu\AppData\Local\Temp\ccOb9pnQ.s 			page 26


 1344 000c 00000000 		.4byte	0
 1345              		.section	.debug_line,"",%progbits
 1346              	.Ldebug_line0:
 1347 0000 C2020000 		.section	.debug_str,"MS",%progbits,1
 1347      0200AA02 
 1347      00000201 
 1347      FB0E0D00 
 1347      01010101 
 1348              	.LASF56:
 1349 0000 70726F74 		.ascii	"protBusMasterMask\000"
 1349      4275734D 
 1349      61737465 
 1349      724D6173 
 1349      6B00
 1350              	.LASF127:
 1351 0012 72756E4D 		.ascii	"runMode\000"
 1351      6F646500 
 1352              	.LASF115:
 1353 001a 72784275 		.ascii	"rxBufSize\000"
 1353      6653697A 
 1353      6500
 1354              	.LASF66:
 1355 0024 666C6173 		.ascii	"flashCtlMainWs3Freq\000"
 1355      6843746C 
 1355      4D61696E 
 1355      57733346 
 1355      72657100 
 1356              	.LASF88:
 1357 0038 6770696F 		.ascii	"gpioPrtCfgInOffset\000"
 1357      50727443 
 1357      6667496E 
 1357      4F666673 
 1357      657400
 1358              	.LASF106:
 1359 004b 6970634C 		.ascii	"ipcLockStatusOffset\000"
 1359      6F636B53 
 1359      74617475 
 1359      734F6666 
 1359      73657400 
 1360              	.LASF32:
 1361 005f 63727970 		.ascii	"cryptoVersion\000"
 1361      746F5665 
 1361      7273696F 
 1361      6E00
 1362              	.LASF70:
 1363 006d 64774368 		.ascii	"dwChCtlPrioPos\000"
 1363      43746C50 
 1363      72696F50 
 1363      6F7300
 1364              	.LASF28:
 1365 007c 70617373 		.ascii	"passBase\000"
 1365      42617365 
 1365      00
 1366              	.LASF104:
 1367 0085 63707573 		.ascii	"cpussRam2Ctl0\000"
 1367      7352616D 
 1367      3243746C 
ARM GAS  C:\Users\Mathieu\AppData\Local\Temp\ccOb9pnQ.s 			page 27


 1367      3000
 1368              	.LASF41:
 1369 0093 63707573 		.ascii	"cpussIpcIrqNr\000"
 1369      73497063 
 1369      4972714E 
 1369      7200
 1370              	.LASF3:
 1371 00a1 5F5F7569 		.ascii	"__uint8_t\000"
 1371      6E74385F 
 1371      7400
 1372              	.LASF43:
 1373 00ab 63707573 		.ascii	"cpussFlashPaSize\000"
 1373      73466C61 
 1373      73685061 
 1373      53697A65 
 1373      00
 1374              	.LASF92:
 1375 00bc 63707573 		.ascii	"cpussCm4ClockCtlOffset\000"
 1375      73436D34 
 1375      436C6F63 
 1375      6B43746C 
 1375      4F666673 
 1376              	.LASF128:
 1377 00d3 636F756E 		.ascii	"countDirection\000"
 1377      74446972 
 1377      65637469 
 1377      6F6E00
 1378              	.LASF140:
 1379 00e2 73746F70 		.ascii	"stopInputMode\000"
 1379      496E7075 
 1379      744D6F64 
 1379      6500
 1380              	.LASF21:
 1381 00f0 63707573 		.ascii	"cpussBase\000"
 1381      73426173 
 1381      6500
 1382              	.LASF125:
 1383 00fa 70657269 		.ascii	"period\000"
 1383      6F6400
 1384              	.LASF50:
 1385 0101 70657269 		.ascii	"periClockNr\000"
 1385      436C6F63 
 1385      6B4E7200 
 1386              	.LASF135:
 1387 010d 63617074 		.ascii	"captureInput\000"
 1387      75726549 
 1387      6E707574 
 1387      00
 1388              	.LASF12:
 1389 011a 6C6F6E67 		.ascii	"long long unsigned int\000"
 1389      206C6F6E 
 1389      6720756E 
 1389      7369676E 
 1389      65642069 
 1390              	.LASF126:
 1391 0131 636C6F63 		.ascii	"clockPrescaler\000"
 1391      6B507265 
ARM GAS  C:\Users\Mathieu\AppData\Local\Temp\ccOb9pnQ.s 			page 28


 1391      7363616C 
 1391      657200
 1392              	.LASF74:
 1393 0140 70657269 		.ascii	"periTrCmdOffset\000"
 1393      5472436D 
 1393      644F6666 
 1393      73657400 
 1394              	.LASF98:
 1395 0150 63707573 		.ascii	"cpussSysTickCtlOffset\000"
 1395      73537973 
 1395      5469636B 
 1395      43746C4F 
 1395      66667365 
 1396              	.LASF117:
 1397 0166 74784275 		.ascii	"txBuf\000"
 1397      6600
 1398              	.LASF59:
 1399 016c 666C6173 		.ascii	"flashPipeRequired\000"
 1399      68506970 
 1399      65526571 
 1399      75697265 
 1399      6400
 1400              	.LASF63:
 1401 017e 666C6173 		.ascii	"flashCtlMainWs0Freq\000"
 1401      6843746C 
 1401      4D61696E 
 1401      57733046 
 1401      72657100 
 1402              	.LASF15:
 1403 0192 696E7431 		.ascii	"int16_t\000"
 1403      365F7400 
 1404              	.LASF11:
 1405 019a 6C6F6E67 		.ascii	"long long int\000"
 1405      206C6F6E 
 1405      6720696E 
 1405      7400
 1406              	.LASF144:
 1407 01a8 63795F73 		.ascii	"cy_stc_tcpwm_counter_config_t\000"
 1407      74635F74 
 1407      6370776D 
 1407      5F636F75 
 1407      6E746572 
 1408              	.LASF123:
 1409 01c6 63795F73 		.ascii	"cy_stc_scb_spi_context\000"
 1409      74635F73 
 1409      63625F73 
 1409      70695F63 
 1409      6F6E7465 
 1410              	.LASF79:
 1411 01dd 70657269 		.ascii	"periDivCmdTypeSelPos\000"
 1411      44697643 
 1411      6D645479 
 1411      70655365 
 1411      6C506F73 
 1412              	.LASF96:
 1413 01f2 63707573 		.ascii	"cpussTrimRamCtlOffset\000"
 1413      73547269 
ARM GAS  C:\Users\Mathieu\AppData\Local\Temp\ccOb9pnQ.s 			page 29


 1413      6D52616D 
 1413      43746C4F 
 1413      66667365 
 1414              	.LASF37:
 1415 0208 69706356 		.ascii	"ipcVersion\000"
 1415      65727369 
 1415      6F6E00
 1416              	.LASF99:
 1417 0213 63707573 		.ascii	"cpussCm0NmiCtlOffset\000"
 1417      73436D30 
 1417      4E6D6943 
 1417      746C4F66 
 1417      66736574 
 1418              	.LASF112:
 1419 0228 63795F63 		.ascii	"cy_cb_scb_spi_handle_events_t\000"
 1419      625F7363 
 1419      625F7370 
 1419      695F6861 
 1419      6E646C65 
 1420              	.LASF26:
 1421 0246 6873696F 		.ascii	"hsiomBase\000"
 1421      6D426173 
 1421      6500
 1422              	.LASF8:
 1423 0250 6C6F6E67 		.ascii	"long int\000"
 1423      20696E74 
 1423      00
 1424              	.LASF57:
 1425 0259 63727970 		.ascii	"cryptoMemSize\000"
 1425      746F4D65 
 1425      6D53697A 
 1425      6500
 1426              	.LASF23:
 1427 0267 70657269 		.ascii	"periBase\000"
 1427      42617365 
 1427      00
 1428              	.LASF55:
 1429 0270 73797350 		.ascii	"sysPmSimoPresent\000"
 1429      6D53696D 
 1429      6F507265 
 1429      73656E74 
 1429      00
 1430              	.LASF16:
 1431 0281 75696E74 		.ascii	"uint16_t\000"
 1431      31365F74 
 1431      00
 1432              	.LASF110:
 1433 028a 646F7562 		.ascii	"double\000"
 1433      6C6500
 1434              	.LASF84:
 1435 0291 70657269 		.ascii	"periDiv16_5CtlOffset\000"
 1435      44697631 
 1435      365F3543 
 1435      746C4F66 
 1435      66736574 
 1436              	.LASF48:
 1437 02a6 73727373 		.ascii	"srssNumPll\000"
ARM GAS  C:\Users\Mathieu\AppData\Local\Temp\ccOb9pnQ.s 			page 30


 1437      4E756D50 
 1437      6C6C00
 1438              	.LASF134:
 1439 02b1 63617074 		.ascii	"captureInputMode\000"
 1439      75726549 
 1439      6E707574 
 1439      4D6F6465 
 1439      00
 1440              	.LASF82:
 1441 02c2 70657269 		.ascii	"periDiv8CtlOffset\000"
 1441      44697638 
 1441      43746C4F 
 1441      66667365 
 1441      7400
 1442              	.LASF89:
 1443 02d4 6770696F 		.ascii	"gpioPrtCfgOutOffset\000"
 1443      50727443 
 1443      66674F75 
 1443      744F6666 
 1443      73657400 
 1444              	.LASF22:
 1445 02e8 666C6173 		.ascii	"flashcBase\000"
 1445      68634261 
 1445      736500
 1446              	.LASF9:
 1447 02f3 5F5F7569 		.ascii	"__uint32_t\000"
 1447      6E743332 
 1447      5F7400
 1448              	.LASF52:
 1449 02fe 70617373 		.ascii	"passSarChannels\000"
 1449      53617243 
 1449      68616E6E 
 1449      656C7300 
 1450              	.LASF150:
 1451 030e 76546173 		.ascii	"vTaskStartScheduler\000"
 1451      6B537461 
 1451      72745363 
 1451      68656475 
 1451      6C657200 
 1452              	.LASF4:
 1453 0322 5F5F696E 		.ascii	"__int16_t\000"
 1453      7431365F 
 1453      7400
 1454              	.LASF116:
 1455 032c 72784275 		.ascii	"rxBufIdx\000"
 1455      66496478 
 1455      00
 1456              	.LASF80:
 1457 0335 70657269 		.ascii	"periDivCmdPaDivSelPos\000"
 1457      44697643 
 1457      6D645061 
 1457      44697653 
 1457      656C506F 
 1458              	.LASF95:
 1459 034b 63707573 		.ascii	"cpussCm4PwrCtlOffset\000"
 1459      73436D34 
 1459      50777243 
ARM GAS  C:\Users\Mathieu\AppData\Local\Temp\ccOb9pnQ.s 			page 31


 1459      746C4F66 
 1459      66736574 
 1460              	.LASF118:
 1461 0360 74784275 		.ascii	"txBufSize\000"
 1461      6653697A 
 1461      6500
 1462              	.LASF90:
 1463 036a 6770696F 		.ascii	"gpioPrtCfgSioOffset\000"
 1463      50727443 
 1463      66675369 
 1463      6F4F6666 
 1463      73657400 
 1464              	.LASF94:
 1465 037e 63707573 		.ascii	"cpussCm0StatusOffset\000"
 1465      73436D30 
 1465      53746174 
 1465      75734F66 
 1465      66736574 
 1466              	.LASF13:
 1467 0393 756E7369 		.ascii	"unsigned int\000"
 1467      676E6564 
 1467      20696E74 
 1467      00
 1468              	.LASF75:
 1469 03a0 70657269 		.ascii	"periTrCmdGrSelMsk\000"
 1469      5472436D 
 1469      64477253 
 1469      656C4D73 
 1469      6B00
 1470              	.LASF10:
 1471 03b2 6C6F6E67 		.ascii	"long unsigned int\000"
 1471      20756E73 
 1471      69676E65 
 1471      6420696E 
 1471      7400
 1472              	.LASF40:
 1473 03c4 63707573 		.ascii	"cpussIpcNr\000"
 1473      73497063 
 1473      4E7200
 1474              	.LASF42:
 1475 03cf 63707573 		.ascii	"cpussDwChNr\000"
 1475      73447743 
 1475      684E7200 
 1476              	.LASF65:
 1477 03db 666C6173 		.ascii	"flashCtlMainWs2Freq\000"
 1477      6843746C 
 1477      4D61696E 
 1477      57733246 
 1477      72657100 
 1478              	.LASF76:
 1479 03ef 70657269 		.ascii	"periTrGrOffset\000"
 1479      54724772 
 1479      4F666673 
 1479      657400
 1480              	.LASF103:
 1481 03fe 63707573 		.ascii	"cpussRam1Ctl0\000"
 1481      7352616D 
ARM GAS  C:\Users\Mathieu\AppData\Local\Temp\ccOb9pnQ.s 			page 32


 1481      3143746C 
 1481      3000
 1482              	.LASF120:
 1483 040c 63624576 		.ascii	"cbEvents\000"
 1483      656E7473 
 1483      00
 1484              	.LASF87:
 1485 0415 6770696F 		.ascii	"gpioPrtCfgOffset\000"
 1485      50727443 
 1485      66674F66 
 1485      66736574 
 1485      00
 1486              	.LASF35:
 1487 0426 6770696F 		.ascii	"gpioVersion\000"
 1487      56657273 
 1487      696F6E00 
 1488              	.LASF107:
 1489 0432 63795F73 		.ascii	"cy_stc_device_t\000"
 1489      74635F64 
 1489      65766963 
 1489      655F7400 
 1490              	.LASF122:
 1491 0442 63795F73 		.ascii	"cy_stc_scb_spi_context_t\000"
 1491      74635F73 
 1491      63625F73 
 1491      70695F63 
 1491      6F6E7465 
 1492              	.LASF0:
 1493 045b 73686F72 		.ascii	"short int\000"
 1493      7420696E 
 1493      7400
 1494              	.LASF25:
 1495 0465 70726F74 		.ascii	"protBase\000"
 1495      42617365 
 1495      00
 1496              	.LASF142:
 1497 046e 636F756E 		.ascii	"countInputMode\000"
 1497      74496E70 
 1497      75744D6F 
 1497      646500
 1498              	.LASF91:
 1499 047d 63707573 		.ascii	"cpussCm0ClockCtlOffset\000"
 1499      73436D30 
 1499      436C6F63 
 1499      6B43746C 
 1499      4F666673 
 1500              	.LASF30:
 1501 0494 63727970 		.ascii	"cryptoBase\000"
 1501      746F4261 
 1501      736500
 1502              	.LASF38:
 1503 049f 70657269 		.ascii	"periVersion\000"
 1503      56657273 
 1503      696F6E00 
 1504              	.LASF124:
 1505 04ab 63795F73 		.ascii	"cy_stc_tcpwm_counter_config\000"
 1505      74635F74 
ARM GAS  C:\Users\Mathieu\AppData\Local\Temp\ccOb9pnQ.s 			page 33


 1505      6370776D 
 1505      5F636F75 
 1505      6E746572 
 1506              	.LASF19:
 1507 04c7 73697A65 		.ascii	"sizetype\000"
 1507      74797065 
 1507      00
 1508              	.LASF68:
 1509 04d0 64774368 		.ascii	"dwChOffset\000"
 1509      4F666673 
 1509      657400
 1510              	.LASF20:
 1511 04db 6C6F6E67 		.ascii	"long double\000"
 1511      20646F75 
 1511      626C6500 
 1512              	.LASF153:
 1513 04e7 433A5C55 		.ascii	"C:\\Users\\Mathieu\\Google Drive\\Polytechnique\\Co"
 1513      73657273 
 1513      5C4D6174 
 1513      68696575 
 1513      5C476F6F 
 1514 0515 7572735C 		.ascii	"urs\\GBM2100 - Projet 2\\WorkspaceProjet2Eq1\\Proje"
 1514      47424D32 
 1514      31303020 
 1514      2D205072 
 1514      6F6A6574 
 1515 0545 74324571 		.ascii	"t2Eq1.cydsn\000"
 1515      312E6379 
 1515      64736E00 
 1516              	.LASF149:
 1517 0551 78546173 		.ascii	"xTaskCreate\000"
 1517      6B437265 
 1517      61746500 
 1518              	.LASF81:
 1519 055d 70657269 		.ascii	"periDivCmdPaTypeSelPos\000"
 1519      44697643 
 1519      6D645061 
 1519      54797065 
 1519      53656C50 
 1520              	.LASF53:
 1521 0574 65704D6F 		.ascii	"epMonitorNr\000"
 1521      6E69746F 
 1521      724E7200 
 1522              	.LASF39:
 1523 0580 70726F74 		.ascii	"protVersion\000"
 1523      56657273 
 1523      696F6E00 
 1524              	.LASF72:
 1525 058c 64775374 		.ascii	"dwStatusChIdxPos\000"
 1525      61747573 
 1525      43684964 
 1525      78506F73 
 1525      00
 1526              	.LASF54:
 1527 059d 75646250 		.ascii	"udbPresent\000"
 1527      72657365 
 1527      6E7400
ARM GAS  C:\Users\Mathieu\AppData\Local\Temp\ccOb9pnQ.s 			page 34


 1528              	.LASF34:
 1529 05a8 666C6173 		.ascii	"flashcVersion\000"
 1529      68635665 
 1529      7273696F 
 1529      6E00
 1530              	.LASF51:
 1531 05b6 736D6966 		.ascii	"smifDeviceNr\000"
 1531      44657669 
 1531      63654E72 
 1531      00
 1532              	.LASF151:
 1533 05c3 474E5520 		.ascii	"GNU C11 5.4.1 20160609 (release) [ARM/embedded-5-br"
 1533      43313120 
 1533      352E342E 
 1533      31203230 
 1533      31363036 
 1534 05f6 616E6368 		.ascii	"anch revision 237715] -mcpu=cortex-m4 -mfloat-abi=s"
 1534      20726576 
 1534      6973696F 
 1534      6E203233 
 1534      37373135 
 1535 0629 6F667466 		.ascii	"oftfp -mfpu=fpv4-sp-d16 -mthumb -g -Og -ffunction-s"
 1535      70202D6D 
 1535      6670753D 
 1535      66707634 
 1535      2D73702D 
 1536 065c 65637469 		.ascii	"ections -ffat-lto-objects\000"
 1536      6F6E7320 
 1536      2D666661 
 1536      742D6C74 
 1536      6F2D6F62 
 1537              	.LASF109:
 1538 0676 666C6F61 		.ascii	"float\000"
 1538      7400
 1539              	.LASF73:
 1540 067c 64775374 		.ascii	"dwStatusChIdxMsk\000"
 1540      61747573 
 1540      43684964 
 1540      784D736B 
 1540      00
 1541              	.LASF146:
 1542 068d 63795F64 		.ascii	"cy_device\000"
 1542      65766963 
 1542      6500
 1543              	.LASF101:
 1544 0697 63707573 		.ascii	"cpussRomCtl\000"
 1544      73526F6D 
 1544      43746C00 
 1545              	.LASF71:
 1546 06a3 64774368 		.ascii	"dwChCtlPreemptablePos\000"
 1546      43746C50 
 1546      7265656D 
 1546      70746162 
 1546      6C65506F 
 1547              	.LASF24:
 1548 06b9 75646242 		.ascii	"udbBase\000"
 1548      61736500 
ARM GAS  C:\Users\Mathieu\AppData\Local\Temp\ccOb9pnQ.s 			page 35


 1549              	.LASF138:
 1550 06c1 73746172 		.ascii	"startInputMode\000"
 1550      74496E70 
 1550      75744D6F 
 1550      646500
 1551              	.LASF17:
 1552 06d0 696E7433 		.ascii	"int32_t\000"
 1552      325F7400 
 1553              	.LASF2:
 1554 06d8 756E7369 		.ascii	"unsigned char\000"
 1554      676E6564 
 1554      20636861 
 1554      7200
 1555              	.LASF67:
 1556 06e6 666C6173 		.ascii	"flashCtlMainWs4Freq\000"
 1556      6843746C 
 1556      4D61696E 
 1556      57733446 
 1556      72657100 
 1557              	.LASF145:
 1558 06fa 49544D5F 		.ascii	"ITM_RxBuffer\000"
 1558      52784275 
 1558      66666572 
 1558      00
 1559              	.LASF85:
 1560 0707 70657269 		.ascii	"periDiv24_5CtlOffset\000"
 1560      44697632 
 1560      345F3543 
 1560      746C4F66 
 1560      66736574 
 1561              	.LASF132:
 1562 071c 656E6162 		.ascii	"enableCompareSwap\000"
 1562      6C65436F 
 1562      6D706172 
 1562      65537761 
 1562      7000
 1563              	.LASF102:
 1564 072e 63707573 		.ascii	"cpussRam0Ctl0\000"
 1564      7352616D 
 1564      3043746C 
 1564      3000
 1565              	.LASF113:
 1566 073c 73746174 		.ascii	"status\000"
 1566      757300
 1567              	.LASF78:
 1568 0743 70657269 		.ascii	"periDivCmdDivSelMsk\000"
 1568      44697643 
 1568      6D644469 
 1568      7653656C 
 1568      4D736B00 
 1569              	.LASF129:
 1570 0757 636F6D70 		.ascii	"compareOrCapture\000"
 1570      6172654F 
 1570      72436170 
 1570      74757265 
 1570      00
 1571              	.LASF49:
ARM GAS  C:\Users\Mathieu\AppData\Local\Temp\ccOb9pnQ.s 			page 36


 1572 0768 73727373 		.ascii	"srssNumHfroot\000"
 1572      4E756D48 
 1572      66726F6F 
 1572      7400
 1573              	.LASF62:
 1574 0776 666C6173 		.ascii	"flashEraseDelay\000"
 1574      68457261 
 1574      73654465 
 1574      6C617900 
 1575              	.LASF45:
 1576 0786 63707573 		.ascii	"cpussFmIrq\000"
 1576      73466D49 
 1576      727100
 1577              	.LASF77:
 1578 0791 70657269 		.ascii	"periTrGrSize\000"
 1578      54724772 
 1578      53697A65 
 1578      00
 1579              	.LASF100:
 1580 079e 63707573 		.ascii	"cpussCm4NmiCtlOffset\000"
 1580      73436D34 
 1580      4E6D6943 
 1580      746C4F66 
 1580      66736574 
 1581              	.LASF130:
 1582 07b3 636F6D70 		.ascii	"compare0\000"
 1582      61726530 
 1582      00
 1583              	.LASF131:
 1584 07bc 636F6D70 		.ascii	"compare1\000"
 1584      61726531 
 1584      00
 1585              	.LASF143:
 1586 07c5 636F756E 		.ascii	"countInput\000"
 1586      74496E70 
 1586      757400
 1587              	.LASF108:
 1588 07d0 63686172 		.ascii	"char\000"
 1588      00
 1589              	.LASF64:
 1590 07d5 666C6173 		.ascii	"flashCtlMainWs1Freq\000"
 1590      6843746C 
 1590      4D61696E 
 1590      57733146 
 1590      72657100 
 1591              	.LASF5:
 1592 07e9 5F5F7569 		.ascii	"__uint16_t\000"
 1592      6E743136 
 1592      5F7400
 1593              	.LASF83:
 1594 07f4 70657269 		.ascii	"periDiv16CtlOffset\000"
 1594      44697631 
 1594      3643746C 
 1594      4F666673 
 1594      657400
 1595              	.LASF7:
 1596 0807 5F5F696E 		.ascii	"__int32_t\000"
ARM GAS  C:\Users\Mathieu\AppData\Local\Temp\ccOb9pnQ.s 			page 37


 1596      7433325F 
 1596      7400
 1597              	.LASF33:
 1598 0811 64775665 		.ascii	"dwVersion\000"
 1598      7273696F 
 1598      6E00
 1599              	.LASF36:
 1600 081b 6873696F 		.ascii	"hsiomVersion\000"
 1600      6D566572 
 1600      73696F6E 
 1600      00
 1601              	.LASF133:
 1602 0828 696E7465 		.ascii	"interruptSources\000"
 1602      72727570 
 1602      74536F75 
 1602      72636573 
 1602      00
 1603              	.LASF137:
 1604 0839 72656C6F 		.ascii	"reloadInput\000"
 1604      6164496E 
 1604      70757400 
 1605              	.LASF6:
 1606 0845 73686F72 		.ascii	"short unsigned int\000"
 1606      7420756E 
 1606      7369676E 
 1606      65642069 
 1606      6E7400
 1607              	.LASF69:
 1608 0858 64774368 		.ascii	"dwChSize\000"
 1608      53697A65 
 1608      00
 1609              	.LASF141:
 1610 0861 73746F70 		.ascii	"stopInput\000"
 1610      496E7075 
 1610      7400
 1611              	.LASF105:
 1612 086b 69706353 		.ascii	"ipcStructSize\000"
 1612      74727563 
 1612      7453697A 
 1612      6500
 1613              	.LASF44:
 1614 0879 63707573 		.ascii	"cpussIpc0Irq\000"
 1614      73497063 
 1614      30497271 
 1614      00
 1615              	.LASF27:
 1616 0886 6770696F 		.ascii	"gpioBase\000"
 1616      42617365 
 1616      00
 1617              	.LASF121:
 1618 088f 696E6974 		.ascii	"initKey\000"
 1618      4B657900 
 1619              	.LASF114:
 1620 0897 72784275 		.ascii	"rxBuf\000"
 1620      6600
 1621              	.LASF18:
 1622 089d 75696E74 		.ascii	"uint32_t\000"
ARM GAS  C:\Users\Mathieu\AppData\Local\Temp\ccOb9pnQ.s 			page 38


 1622      33325F74 
 1622      00
 1623              	.LASF111:
 1624 08a6 5F426F6F 		.ascii	"_Bool\000"
 1624      6C00
 1625              	.LASF147:
 1626 08ac 43595F45 		.ascii	"CY_EINK_SPIM_context\000"
 1626      494E4B5F 
 1626      5350494D 
 1626      5F636F6E 
 1626      74657874 
 1627              	.LASF46:
 1628 08c1 63707573 		.ascii	"cpussNotConnectedIrq\000"
 1628      734E6F74 
 1628      436F6E6E 
 1628      65637465 
 1628      64497271 
 1629              	.LASF60:
 1630 08d6 666C6173 		.ascii	"flashWriteDelay\000"
 1630      68577269 
 1630      74654465 
 1630      6C617900 
 1631              	.LASF14:
 1632 08e6 75696E74 		.ascii	"uint8_t\000"
 1632      385F7400 
 1633              	.LASF148:
 1634 08ee 43595F45 		.ascii	"CY_EINK_Timer_config\000"
 1634      494E4B5F 
 1634      54696D65 
 1634      725F636F 
 1634      6E666967 
 1635              	.LASF93:
 1636 0903 63707573 		.ascii	"cpussCm4StatusOffset\000"
 1636      73436D34 
 1636      53746174 
 1636      75734F66 
 1636      66736574 
 1637              	.LASF86:
 1638 0918 6770696F 		.ascii	"gpioPrtIntrCfgOffset\000"
 1638      50727449 
 1638      6E747243 
 1638      66674F66 
 1638      66736574 
 1639              	.LASF136:
 1640 092d 72656C6F 		.ascii	"reloadInputMode\000"
 1640      6164496E 
 1640      7075744D 
 1640      6F646500 
 1641              	.LASF97:
 1642 093d 63707573 		.ascii	"cpussTrimRomCtlOffset\000"
 1642      73547269 
 1642      6D526F6D 
 1642      43746C4F 
 1642      66667365 
 1643              	.LASF47:
 1644 0953 73727373 		.ascii	"srssNumClkpath\000"
 1644      4E756D43 
ARM GAS  C:\Users\Mathieu\AppData\Local\Temp\ccOb9pnQ.s 			page 39


 1644      6C6B7061 
 1644      746800
 1645              	.LASF1:
 1646 0962 7369676E 		.ascii	"signed char\000"
 1646      65642063 
 1646      68617200 
 1647              	.LASF29:
 1648 096e 69706342 		.ascii	"ipcBase\000"
 1648      61736500 
 1649              	.LASF154:
 1650 0976 6D61696E 		.ascii	"main\000"
 1650      00
 1651              	.LASF61:
 1652 097b 666C6173 		.ascii	"flashProgramDelay\000"
 1652      6850726F 
 1652      6772616D 
 1652      44656C61 
 1652      7900
 1653              	.LASF152:
 1654 098d 6D61696E 		.ascii	"main_cm4.c\000"
 1654      5F636D34 
 1654      2E6300
 1655              	.LASF31:
 1656 0998 63707573 		.ascii	"cpussVersion\000"
 1656      73566572 
 1656      73696F6E 
 1656      00
 1657              	.LASF58:
 1658 09a5 666C6173 		.ascii	"flashRwwRequired\000"
 1658      68527777 
 1658      52657175 
 1658      69726564 
 1658      00
 1659              	.LASF119:
 1660 09b6 74784275 		.ascii	"txBufIdx\000"
 1660      66496478 
 1660      00
 1661              	.LASF139:
 1662 09bf 73746172 		.ascii	"startInput\000"
 1662      74496E70 
 1662      757400
 1663              		.ident	"GCC: (GNU Tools for ARM Embedded Processors) 5.4.1 20160609 (release) [ARM/embedded-5-bran
