ARM GAS  C:\Users\Ariane\AppData\Local\Temp\ccSI84Ew.s 			page 1


   1              		.syntax unified
   2              		.cpu cortex-m4
   3              		.eabi_attribute 27, 1
   4              		.fpu fpv4-sp-d16
   5              		.eabi_attribute 20, 1
   6              		.eabi_attribute 21, 1
   7              		.eabi_attribute 23, 3
   8              		.eabi_attribute 24, 1
   9              		.eabi_attribute 25, 1
  10              		.eabi_attribute 26, 1
  11              		.eabi_attribute 30, 1
  12              		.eabi_attribute 34, 1
  13              		.eabi_attribute 18, 4
  14              		.thumb
  15              		.syntax unified
  16              		.file	"traitement.c"
  17              		.text
  18              	.Ltext0:
  19              		.cfi_sections	.debug_frame
  20              		.section	.text.acquisitionSignaux,"ax",%progbits
  21              		.align	2
  22              		.global	acquisitionSignaux
  23              		.thumb
  24              		.thumb_func
  25              		.type	acquisitionSignaux, %function
  26              	acquisitionSignaux:
  27              	.LFB589:
  28              		.file 1 "traitement.c"
   1:traitement.c  **** /* ========================================
   2:traitement.c  ****  *
   3:traitement.c  ****  * Copyright YOUR COMPANY, THE YEAR
   4:traitement.c  ****  * All Rights Reserved
   5:traitement.c  ****  * UNPUBLISHED, LICENSED SOFTWARE.
   6:traitement.c  ****  *
   7:traitement.c  ****  * CONFIDENTIAL AND PROPRIETARY INFORMATION
   8:traitement.c  ****  * WHICH IS THE PROPERTY OF your company.
   9:traitement.c  ****  *
  10:traitement.c  ****  * ========================================
  11:traitement.c  **** */
  12:traitement.c  **** #include "traitement.h"
  13:traitement.c  **** 
  14:traitement.c  **** 
  15:traitement.c  **** // extern int testVar; --> communication entre Mathieu et moi pour les flag et entre moi Andréa
  16:traitement.c  **** 
  17:traitement.c  **** 
  18:traitement.c  **** void acquisitionSignaux()
  19:traitement.c  **** {
  29              		.loc 1 19 0
  30              		.cfi_startproc
  31              		@ args = 0, pretend = 0, frame = 0
  32              		@ frame_needed = 0, uses_anonymous_args = 0
  33              		@ link register save eliminated.
  34 0000 7047     		bx	lr
  35              		.cfi_endproc
  36              	.LFE589:
  37              		.size	acquisitionSignaux, .-acquisitionSignaux
  38 0002 00BF     		.section	.text.traitementSignal,"ax",%progbits
ARM GAS  C:\Users\Ariane\AppData\Local\Temp\ccSI84Ew.s 			page 2


  39              		.align	2
  40              		.global	traitementSignal
  41              		.thumb
  42              		.thumb_func
  43              		.type	traitementSignal, %function
  44              	traitementSignal:
  45              	.LFB590:
  20:traitement.c  ****     
  21:traitement.c  ****     
  22:traitement.c  **** }
  23:traitement.c  **** 
  24:traitement.c  **** void traitementSignal(uint32_t *buffer)
  25:traitement.c  **** {
  46              		.loc 1 25 0
  47              		.cfi_startproc
  48              		@ args = 0, pretend = 0, frame = 0
  49              		@ frame_needed = 0, uses_anonymous_args = 0
  50              		@ link register save eliminated.
  51              	.LVL0:
  52 0000 7047     		bx	lr
  53              		.cfi_endproc
  54              	.LFE590:
  55              		.size	traitementSignal, .-traitementSignal
  56 0002 00BF     		.section	.text.calculFrequenceCardiaque,"ax",%progbits
  57              		.align	2
  58              		.global	calculFrequenceCardiaque
  59              		.thumb
  60              		.thumb_func
  61              		.type	calculFrequenceCardiaque, %function
  62              	calculFrequenceCardiaque:
  63              	.LFB591:
  26:traitement.c  ****    
  27:traitement.c  ****     
  28:traitement.c  **** }
  29:traitement.c  **** 
  30:traitement.c  **** uint8_t calculFrequenceCardiaque()
  31:traitement.c  **** {
  64              		.loc 1 31 0
  65              		.cfi_startproc
  66              		@ args = 0, pretend = 0, frame = 0
  67              		@ frame_needed = 0, uses_anonymous_args = 0
  68              		@ link register save eliminated.
  32:traitement.c  ****    return 1;
  33:traitement.c  ****     
  34:traitement.c  **** }
  69              		.loc 1 34 0
  70 0000 0120     		movs	r0, #1
  71 0002 7047     		bx	lr
  72              		.cfi_endproc
  73              	.LFE591:
  74              		.size	calculFrequenceCardiaque, .-calculFrequenceCardiaque
  75              		.section	.text.calculSaturation,"ax",%progbits
  76              		.align	2
  77              		.global	calculSaturation
  78              		.thumb
  79              		.thumb_func
  80              		.type	calculSaturation, %function
ARM GAS  C:\Users\Ariane\AppData\Local\Temp\ccSI84Ew.s 			page 3


  81              	calculSaturation:
  82              	.LFB592:
  35:traitement.c  **** 
  36:traitement.c  **** uint8_t calculSaturation(uint32_t AC_red, uint32_t DC_red,uint32_t AC_IR,uint32_t DC_IR)
  37:traitement.c  **** {
  83              		.loc 1 37 0
  84              		.cfi_startproc
  85              		@ args = 0, pretend = 0, frame = 0
  86              		@ frame_needed = 0, uses_anonymous_args = 0
  87              		@ link register save eliminated.
  88              	.LVL1:
  38:traitement.c  ****     
  39:traitement.c  ****     return AC_red;
  40:traitement.c  ****     
  41:traitement.c  **** }
  89              		.loc 1 41 0
  90 0000 C0B2     		uxtb	r0, r0
  91              	.LVL2:
  92 0002 7047     		bx	lr
  93              		.cfi_endproc
  94              	.LFE592:
  95              		.size	calculSaturation, .-calculSaturation
  96              		.text
  97              	.Letext0:
  98              		.file 2 "c:\\program files (x86)\\cypress\\psoc creator\\4.4\\psoc creator\\import\\gnu\\arm\\5.4.
  99              		.file 3 "c:\\program files (x86)\\cypress\\psoc creator\\4.4\\psoc creator\\import\\gnu\\arm\\5.4.
 100              		.file 4 "Generated_Source\\PSoC6\\pdl\\drivers/peripheral/device/cy_device.h"
 101              		.file 5 "Generated_Source\\PSoC6\\pdl\\drivers/peripheral/scb/cy_scb_spi.h"
 102              		.file 6 "Generated_Source\\PSoC6\\pdl\\drivers/peripheral/tcpwm/cy_tcpwm_counter.h"
 103              		.file 7 ".\\CMSIS\\Core\\Include/core_cm4.h"
 104              		.file 8 "Generated_Source\\PSoC6/CY_EINK_SPIM.h"
 105              		.file 9 "Generated_Source\\PSoC6/CY_EINK_Timer.h"
 106              		.section	.debug_info,"",%progbits
 107              	.Ldebug_info0:
 108 0000 AC070000 		.4byte	0x7ac
 109 0004 0400     		.2byte	0x4
 110 0006 00000000 		.4byte	.Ldebug_abbrev0
 111 000a 04       		.byte	0x4
 112 000b 01       		.uleb128 0x1
 113 000c A7050000 		.4byte	.LASF154
 114 0010 0C       		.byte	0xc
 115 0011 24080000 		.4byte	.LASF155
 116 0015 5F000000 		.4byte	.LASF156
 117 0019 00000000 		.4byte	.Ldebug_ranges0+0
 118 001d 00000000 		.4byte	0
 119 0021 00000000 		.4byte	.Ldebug_line0
 120 0025 02       		.uleb128 0x2
 121 0026 02       		.byte	0x2
 122 0027 05       		.byte	0x5
 123 0028 AF040000 		.4byte	.LASF0
 124 002c 02       		.uleb128 0x2
 125 002d 01       		.byte	0x1
 126 002e 06       		.byte	0x6
 127 002f 84090000 		.4byte	.LASF1
 128 0033 03       		.uleb128 0x3
 129 0034 F8000000 		.4byte	.LASF3
 130 0038 02       		.byte	0x2
ARM GAS  C:\Users\Ariane\AppData\Local\Temp\ccSI84Ew.s 			page 4


 131 0039 1D       		.byte	0x1d
 132 003a 3E000000 		.4byte	0x3e
 133 003e 02       		.uleb128 0x2
 134 003f 01       		.byte	0x1
 135 0040 08       		.byte	0x8
 136 0041 C3060000 		.4byte	.LASF2
 137 0045 03       		.uleb128 0x3
 138 0046 73030000 		.4byte	.LASF4
 139 004a 02       		.byte	0x2
 140 004b 29       		.byte	0x29
 141 004c 25000000 		.4byte	0x25
 142 0050 03       		.uleb128 0x3
 143 0051 E5070000 		.4byte	.LASF5
 144 0055 02       		.byte	0x2
 145 0056 2B       		.byte	0x2b
 146 0057 5B000000 		.4byte	0x5b
 147 005b 02       		.uleb128 0x2
 148 005c 02       		.byte	0x2
 149 005d 07       		.byte	0x7
 150 005e 4E080000 		.4byte	.LASF6
 151 0062 03       		.uleb128 0x3
 152 0063 03080000 		.4byte	.LASF7
 153 0067 02       		.byte	0x2
 154 0068 3F       		.byte	0x3f
 155 0069 6D000000 		.4byte	0x6d
 156 006d 02       		.uleb128 0x2
 157 006e 04       		.byte	0x4
 158 006f 05       		.byte	0x5
 159 0070 A7020000 		.4byte	.LASF8
 160 0074 03       		.uleb128 0x3
 161 0075 58030000 		.4byte	.LASF9
 162 0079 02       		.byte	0x2
 163 007a 41       		.byte	0x41
 164 007b 7F000000 		.4byte	0x7f
 165 007f 02       		.uleb128 0x2
 166 0080 04       		.byte	0x4
 167 0081 07       		.byte	0x7
 168 0082 06040000 		.4byte	.LASF10
 169 0086 02       		.uleb128 0x2
 170 0087 08       		.byte	0x8
 171 0088 05       		.byte	0x5
 172 0089 F1010000 		.4byte	.LASF11
 173 008d 02       		.uleb128 0x2
 174 008e 08       		.byte	0x8
 175 008f 07       		.byte	0x7
 176 0090 71010000 		.4byte	.LASF12
 177 0094 04       		.uleb128 0x4
 178 0095 04       		.byte	0x4
 179 0096 05       		.byte	0x5
 180 0097 696E7400 		.ascii	"int\000"
 181 009b 02       		.uleb128 0x2
 182 009c 04       		.byte	0x4
 183 009d 07       		.byte	0x7
 184 009e CE030000 		.4byte	.LASF13
 185 00a2 03       		.uleb128 0x3
 186 00a3 08090000 		.4byte	.LASF14
 187 00a7 03       		.byte	0x3
ARM GAS  C:\Users\Ariane\AppData\Local\Temp\ccSI84Ew.s 			page 5


 188 00a8 18       		.byte	0x18
 189 00a9 33000000 		.4byte	0x33
 190 00ad 03       		.uleb128 0x3
 191 00ae E9010000 		.4byte	.LASF15
 192 00b2 03       		.byte	0x3
 193 00b3 20       		.byte	0x20
 194 00b4 45000000 		.4byte	0x45
 195 00b8 03       		.uleb128 0x3
 196 00b9 D8020000 		.4byte	.LASF16
 197 00bd 03       		.byte	0x3
 198 00be 24       		.byte	0x24
 199 00bf 50000000 		.4byte	0x50
 200 00c3 03       		.uleb128 0x3
 201 00c4 BB060000 		.4byte	.LASF17
 202 00c8 03       		.byte	0x3
 203 00c9 2C       		.byte	0x2c
 204 00ca 62000000 		.4byte	0x62
 205 00ce 03       		.uleb128 0x3
 206 00cf BF080000 		.4byte	.LASF18
 207 00d3 03       		.byte	0x3
 208 00d4 30       		.byte	0x30
 209 00d5 74000000 		.4byte	0x74
 210 00d9 02       		.uleb128 0x2
 211 00da 04       		.byte	0x4
 212 00db 07       		.byte	0x7
 213 00dc 1B050000 		.4byte	.LASF19
 214 00e0 05       		.uleb128 0x5
 215 00e1 CE000000 		.4byte	0xce
 216 00e5 02       		.uleb128 0x2
 217 00e6 08       		.byte	0x8
 218 00e7 04       		.byte	0x4
 219 00e8 35050000 		.4byte	.LASF20
 220 00ec 06       		.uleb128 0x6
 221 00ed B8       		.byte	0xb8
 222 00ee 04       		.byte	0x4
 223 00ef 34       		.byte	0x34
 224 00f0 FD040000 		.4byte	0x4fd
 225 00f4 07       		.uleb128 0x7
 226 00f5 47010000 		.4byte	.LASF21
 227 00f9 04       		.byte	0x4
 228 00fa 37       		.byte	0x37
 229 00fb CE000000 		.4byte	0xce
 230 00ff 00       		.byte	0
 231 0100 07       		.uleb128 0x7
 232 0101 4D030000 		.4byte	.LASF22
 233 0105 04       		.byte	0x4
 234 0106 38       		.byte	0x38
 235 0107 CE000000 		.4byte	0xce
 236 010b 04       		.byte	0x4
 237 010c 07       		.uleb128 0x7
 238 010d BE020000 		.4byte	.LASF23
 239 0111 04       		.byte	0x4
 240 0112 39       		.byte	0x39
 241 0113 CE000000 		.4byte	0xce
 242 0117 08       		.byte	0x8
 243 0118 07       		.uleb128 0x7
 244 0119 A4060000 		.4byte	.LASF24
ARM GAS  C:\Users\Ariane\AppData\Local\Temp\ccSI84Ew.s 			page 6


 245 011d 04       		.byte	0x4
 246 011e 3A       		.byte	0x3a
 247 011f CE000000 		.4byte	0xce
 248 0123 0C       		.byte	0xc
 249 0124 07       		.uleb128 0x7
 250 0125 B9040000 		.4byte	.LASF25
 251 0129 04       		.byte	0x4
 252 012a 3B       		.byte	0x3b
 253 012b CE000000 		.4byte	0xce
 254 012f 10       		.byte	0x10
 255 0130 07       		.uleb128 0x7
 256 0131 9D020000 		.4byte	.LASF26
 257 0135 04       		.byte	0x4
 258 0136 3C       		.byte	0x3c
 259 0137 CE000000 		.4byte	0xce
 260 013b 14       		.byte	0x14
 261 013c 07       		.uleb128 0x7
 262 013d A8080000 		.4byte	.LASF27
 263 0141 04       		.byte	0x4
 264 0142 3D       		.byte	0x3d
 265 0143 CE000000 		.4byte	0xce
 266 0147 18       		.byte	0x18
 267 0148 07       		.uleb128 0x7
 268 0149 D3000000 		.4byte	.LASF28
 269 014d 04       		.byte	0x4
 270 014e 3E       		.byte	0x3e
 271 014f CE000000 		.4byte	0xce
 272 0153 1C       		.byte	0x1c
 273 0154 07       		.uleb128 0x7
 274 0155 90090000 		.4byte	.LASF29
 275 0159 04       		.byte	0x4
 276 015a 3F       		.byte	0x3f
 277 015b CE000000 		.4byte	0xce
 278 015f 20       		.byte	0x20
 279 0160 07       		.uleb128 0x7
 280 0161 E8040000 		.4byte	.LASF30
 281 0165 04       		.byte	0x4
 282 0166 40       		.byte	0x40
 283 0167 CE000000 		.4byte	0xce
 284 016b 24       		.byte	0x24
 285 016c 07       		.uleb128 0x7
 286 016d D1090000 		.4byte	.LASF31
 287 0171 04       		.byte	0x4
 288 0172 43       		.byte	0x43
 289 0173 A2000000 		.4byte	0xa2
 290 0177 28       		.byte	0x28
 291 0178 07       		.uleb128 0x7
 292 0179 B6000000 		.4byte	.LASF32
 293 017d 04       		.byte	0x4
 294 017e 44       		.byte	0x44
 295 017f A2000000 		.4byte	0xa2
 296 0183 29       		.byte	0x29
 297 0184 07       		.uleb128 0x7
 298 0185 0D080000 		.4byte	.LASF33
 299 0189 04       		.byte	0x4
 300 018a 45       		.byte	0x45
 301 018b A2000000 		.4byte	0xa2
ARM GAS  C:\Users\Ariane\AppData\Local\Temp\ccSI84Ew.s 			page 7


 302 018f 2A       		.byte	0x2a
 303 0190 07       		.uleb128 0x7
 304 0191 8C050000 		.4byte	.LASF34
 305 0195 04       		.byte	0x4
 306 0196 46       		.byte	0x46
 307 0197 A2000000 		.4byte	0xa2
 308 019b 2B       		.byte	0x2b
 309 019c 07       		.uleb128 0x7
 310 019d 7A040000 		.4byte	.LASF35
 311 01a1 04       		.byte	0x4
 312 01a2 47       		.byte	0x47
 313 01a3 A2000000 		.4byte	0xa2
 314 01a7 2C       		.byte	0x2c
 315 01a8 07       		.uleb128 0x7
 316 01a9 17080000 		.4byte	.LASF36
 317 01ad 04       		.byte	0x4
 318 01ae 48       		.byte	0x48
 319 01af A2000000 		.4byte	0xa2
 320 01b3 2D       		.byte	0x2d
 321 01b4 07       		.uleb128 0x7
 322 01b5 5F020000 		.4byte	.LASF37
 323 01b9 04       		.byte	0x4
 324 01ba 49       		.byte	0x49
 325 01bb A2000000 		.4byte	0xa2
 326 01bf 2E       		.byte	0x2e
 327 01c0 07       		.uleb128 0x7
 328 01c1 F3040000 		.4byte	.LASF38
 329 01c5 04       		.byte	0x4
 330 01c6 4A       		.byte	0x4a
 331 01c7 A2000000 		.4byte	0xa2
 332 01cb 2F       		.byte	0x2f
 333 01cc 07       		.uleb128 0x7
 334 01cd 64050000 		.4byte	.LASF39
 335 01d1 04       		.byte	0x4
 336 01d2 4B       		.byte	0x4b
 337 01d3 A2000000 		.4byte	0xa2
 338 01d7 30       		.byte	0x30
 339 01d8 07       		.uleb128 0x7
 340 01d9 18040000 		.4byte	.LASF40
 341 01dd 04       		.byte	0x4
 342 01de 4E       		.byte	0x4e
 343 01df A2000000 		.4byte	0xa2
 344 01e3 31       		.byte	0x31
 345 01e4 07       		.uleb128 0x7
 346 01e5 EA000000 		.4byte	.LASF41
 347 01e9 04       		.byte	0x4
 348 01ea 4F       		.byte	0x4f
 349 01eb A2000000 		.4byte	0xa2
 350 01ef 32       		.byte	0x32
 351 01f0 07       		.uleb128 0x7
 352 01f1 23040000 		.4byte	.LASF42
 353 01f5 04       		.byte	0x4
 354 01f6 50       		.byte	0x50
 355 01f7 A2000000 		.4byte	0xa2
 356 01fb 33       		.byte	0x33
 357 01fc 07       		.uleb128 0x7
 358 01fd 02010000 		.4byte	.LASF43
ARM GAS  C:\Users\Ariane\AppData\Local\Temp\ccSI84Ew.s 			page 8


 359 0201 04       		.byte	0x4
 360 0202 51       		.byte	0x51
 361 0203 A2000000 		.4byte	0xa2
 362 0207 34       		.byte	0x34
 363 0208 07       		.uleb128 0x7
 364 0209 82080000 		.4byte	.LASF44
 365 020d 04       		.byte	0x4
 366 020e 52       		.byte	0x52
 367 020f AD000000 		.4byte	0xad
 368 0213 36       		.byte	0x36
 369 0214 07       		.uleb128 0x7
 370 0215 82070000 		.4byte	.LASF45
 371 0219 04       		.byte	0x4
 372 021a 53       		.byte	0x53
 373 021b AD000000 		.4byte	0xad
 374 021f 38       		.byte	0x38
 375 0220 07       		.uleb128 0x7
 376 0221 E3080000 		.4byte	.LASF46
 377 0225 04       		.byte	0x4
 378 0226 54       		.byte	0x54
 379 0227 AD000000 		.4byte	0xad
 380 022b 3A       		.byte	0x3a
 381 022c 07       		.uleb128 0x7
 382 022d 75090000 		.4byte	.LASF47
 383 0231 04       		.byte	0x4
 384 0232 55       		.byte	0x55
 385 0233 A2000000 		.4byte	0xa2
 386 0237 3C       		.byte	0x3c
 387 0238 07       		.uleb128 0x7
 388 0239 FD020000 		.4byte	.LASF48
 389 023d 04       		.byte	0x4
 390 023e 56       		.byte	0x56
 391 023f A2000000 		.4byte	0xa2
 392 0243 3D       		.byte	0x3d
 393 0244 07       		.uleb128 0x7
 394 0245 64070000 		.4byte	.LASF49
 395 0249 04       		.byte	0x4
 396 024a 57       		.byte	0x57
 397 024b A2000000 		.4byte	0xa2
 398 024f 3E       		.byte	0x3e
 399 0250 07       		.uleb128 0x7
 400 0251 58010000 		.4byte	.LASF50
 401 0255 04       		.byte	0x4
 402 0256 58       		.byte	0x58
 403 0257 A2000000 		.4byte	0xa2
 404 025b 3F       		.byte	0x3f
 405 025c 07       		.uleb128 0x7
 406 025d 9A050000 		.4byte	.LASF51
 407 0261 04       		.byte	0x4
 408 0262 59       		.byte	0x59
 409 0263 A2000000 		.4byte	0xa2
 410 0267 40       		.byte	0x40
 411 0268 07       		.uleb128 0x7
 412 0269 63030000 		.4byte	.LASF52
 413 026d 04       		.byte	0x4
 414 026e 5A       		.byte	0x5a
 415 026f A2000000 		.4byte	0xa2
ARM GAS  C:\Users\Ariane\AppData\Local\Temp\ccSI84Ew.s 			page 9


 416 0273 41       		.byte	0x41
 417 0274 07       		.uleb128 0x7
 418 0275 58050000 		.4byte	.LASF53
 419 0279 04       		.byte	0x4
 420 027a 5B       		.byte	0x5b
 421 027b A2000000 		.4byte	0xa2
 422 027f 42       		.byte	0x42
 423 0280 07       		.uleb128 0x7
 424 0281 81050000 		.4byte	.LASF54
 425 0285 04       		.byte	0x4
 426 0286 5C       		.byte	0x5c
 427 0287 A2000000 		.4byte	0xa2
 428 028b 43       		.byte	0x43
 429 028c 07       		.uleb128 0x7
 430 028d C7020000 		.4byte	.LASF55
 431 0291 04       		.byte	0x4
 432 0292 5D       		.byte	0x5d
 433 0293 A2000000 		.4byte	0xa2
 434 0297 44       		.byte	0x44
 435 0298 07       		.uleb128 0x7
 436 0299 00000000 		.4byte	.LASF56
 437 029d 04       		.byte	0x4
 438 029e 5E       		.byte	0x5e
 439 029f CE000000 		.4byte	0xce
 440 02a3 48       		.byte	0x48
 441 02a4 07       		.uleb128 0x7
 442 02a5 B0020000 		.4byte	.LASF57
 443 02a9 04       		.byte	0x4
 444 02aa 5F       		.byte	0x5f
 445 02ab CE000000 		.4byte	0xce
 446 02af 4C       		.byte	0x4c
 447 02b0 07       		.uleb128 0x7
 448 02b1 DE090000 		.4byte	.LASF58
 449 02b5 04       		.byte	0x4
 450 02b6 60       		.byte	0x60
 451 02b7 A2000000 		.4byte	0xa2
 452 02bb 50       		.byte	0x50
 453 02bc 07       		.uleb128 0x7
 454 02bd C3010000 		.4byte	.LASF59
 455 02c1 04       		.byte	0x4
 456 02c2 61       		.byte	0x61
 457 02c3 A2000000 		.4byte	0xa2
 458 02c7 51       		.byte	0x51
 459 02c8 07       		.uleb128 0x7
 460 02c9 F8080000 		.4byte	.LASF60
 461 02cd 04       		.byte	0x4
 462 02ce 62       		.byte	0x62
 463 02cf A2000000 		.4byte	0xa2
 464 02d3 52       		.byte	0x52
 465 02d4 07       		.uleb128 0x7
 466 02d5 BF090000 		.4byte	.LASF61
 467 02d9 04       		.byte	0x4
 468 02da 63       		.byte	0x63
 469 02db A2000000 		.4byte	0xa2
 470 02df 53       		.byte	0x53
 471 02e0 07       		.uleb128 0x7
 472 02e1 72070000 		.4byte	.LASF62
ARM GAS  C:\Users\Ariane\AppData\Local\Temp\ccSI84Ew.s 			page 10


 473 02e5 04       		.byte	0x4
 474 02e6 64       		.byte	0x64
 475 02e7 A2000000 		.4byte	0xa2
 476 02eb 54       		.byte	0x54
 477 02ec 07       		.uleb128 0x7
 478 02ed D5010000 		.4byte	.LASF63
 479 02f1 04       		.byte	0x4
 480 02f2 65       		.byte	0x65
 481 02f3 A2000000 		.4byte	0xa2
 482 02f7 55       		.byte	0x55
 483 02f8 07       		.uleb128 0x7
 484 02f9 D1070000 		.4byte	.LASF64
 485 02fd 04       		.byte	0x4
 486 02fe 66       		.byte	0x66
 487 02ff A2000000 		.4byte	0xa2
 488 0303 56       		.byte	0x56
 489 0304 07       		.uleb128 0x7
 490 0305 2F040000 		.4byte	.LASF65
 491 0309 04       		.byte	0x4
 492 030a 67       		.byte	0x67
 493 030b A2000000 		.4byte	0xa2
 494 030f 57       		.byte	0x57
 495 0310 07       		.uleb128 0x7
 496 0311 24000000 		.4byte	.LASF66
 497 0315 04       		.byte	0x4
 498 0316 68       		.byte	0x68
 499 0317 A2000000 		.4byte	0xa2
 500 031b 58       		.byte	0x58
 501 031c 07       		.uleb128 0x7
 502 031d D1060000 		.4byte	.LASF67
 503 0321 04       		.byte	0x4
 504 0322 69       		.byte	0x69
 505 0323 A2000000 		.4byte	0xa2
 506 0327 59       		.byte	0x59
 507 0328 07       		.uleb128 0x7
 508 0329 24050000 		.4byte	.LASF68
 509 032d 04       		.byte	0x4
 510 032e 6E       		.byte	0x6e
 511 032f B8000000 		.4byte	0xb8
 512 0333 5A       		.byte	0x5a
 513 0334 07       		.uleb128 0x7
 514 0335 61080000 		.4byte	.LASF69
 515 0339 04       		.byte	0x4
 516 033a 6F       		.byte	0x6f
 517 033b B8000000 		.4byte	0xb8
 518 033f 5C       		.byte	0x5c
 519 0340 07       		.uleb128 0x7
 520 0341 C4000000 		.4byte	.LASF70
 521 0345 04       		.byte	0x4
 522 0346 70       		.byte	0x70
 523 0347 A2000000 		.4byte	0xa2
 524 034b 5E       		.byte	0x5e
 525 034c 07       		.uleb128 0x7
 526 034d 8E060000 		.4byte	.LASF71
 527 0351 04       		.byte	0x4
 528 0352 71       		.byte	0x71
 529 0353 A2000000 		.4byte	0xa2
ARM GAS  C:\Users\Ariane\AppData\Local\Temp\ccSI84Ew.s 			page 11


 530 0357 5F       		.byte	0x5f
 531 0358 07       		.uleb128 0x7
 532 0359 70050000 		.4byte	.LASF72
 533 035d 04       		.byte	0x4
 534 035e 72       		.byte	0x72
 535 035f A2000000 		.4byte	0xa2
 536 0363 60       		.byte	0x60
 537 0364 07       		.uleb128 0x7
 538 0365 67060000 		.4byte	.LASF73
 539 0369 04       		.byte	0x4
 540 036a 73       		.byte	0x73
 541 036b CE000000 		.4byte	0xce
 542 036f 64       		.byte	0x64
 543 0370 07       		.uleb128 0x7
 544 0371 97010000 		.4byte	.LASF74
 545 0375 04       		.byte	0x4
 546 0376 76       		.byte	0x76
 547 0377 B8000000 		.4byte	0xb8
 548 037b 68       		.byte	0x68
 549 037c 07       		.uleb128 0x7
 550 037d F4030000 		.4byte	.LASF75
 551 0381 04       		.byte	0x4
 552 0382 77       		.byte	0x77
 553 0383 B8000000 		.4byte	0xb8
 554 0387 6A       		.byte	0x6a
 555 0388 07       		.uleb128 0x7
 556 0389 43040000 		.4byte	.LASF76
 557 038d 04       		.byte	0x4
 558 038e 78       		.byte	0x78
 559 038f B8000000 		.4byte	0xb8
 560 0393 6C       		.byte	0x6c
 561 0394 07       		.uleb128 0x7
 562 0395 8D070000 		.4byte	.LASF77
 563 0399 04       		.byte	0x4
 564 039a 79       		.byte	0x79
 565 039b B8000000 		.4byte	0xb8
 566 039f 6E       		.byte	0x6e
 567 03a0 07       		.uleb128 0x7
 568 03a1 3F070000 		.4byte	.LASF78
 569 03a5 04       		.byte	0x4
 570 03a6 7B       		.byte	0x7b
 571 03a7 A2000000 		.4byte	0xa2
 572 03ab 70       		.byte	0x70
 573 03ac 07       		.uleb128 0x7
 574 03ad 34020000 		.4byte	.LASF79
 575 03b1 04       		.byte	0x4
 576 03b2 7C       		.byte	0x7c
 577 03b3 A2000000 		.4byte	0xa2
 578 03b7 71       		.byte	0x71
 579 03b8 07       		.uleb128 0x7
 580 03b9 A9090000 		.4byte	.LASF80
 581 03bd 04       		.byte	0x4
 582 03be 7D       		.byte	0x7d
 583 03bf A2000000 		.4byte	0xa2
 584 03c3 72       		.byte	0x72
 585 03c4 07       		.uleb128 0x7
 586 03c5 41050000 		.4byte	.LASF81
ARM GAS  C:\Users\Ariane\AppData\Local\Temp\ccSI84Ew.s 			page 12


 587 03c9 04       		.byte	0x4
 588 03ca 7E       		.byte	0x7e
 589 03cb A2000000 		.4byte	0xa2
 590 03cf 73       		.byte	0x73
 591 03d0 07       		.uleb128 0x7
 592 03d1 27030000 		.4byte	.LASF82
 593 03d5 04       		.byte	0x4
 594 03d6 80       		.byte	0x80
 595 03d7 B8000000 		.4byte	0xb8
 596 03db 74       		.byte	0x74
 597 03dc 07       		.uleb128 0x7
 598 03dd F0070000 		.4byte	.LASF83
 599 03e1 04       		.byte	0x4
 600 03e2 81       		.byte	0x81
 601 03e3 B8000000 		.4byte	0xb8
 602 03e7 76       		.byte	0x76
 603 03e8 07       		.uleb128 0x7
 604 03e9 E8020000 		.4byte	.LASF84
 605 03ed 04       		.byte	0x4
 606 03ee 82       		.byte	0x82
 607 03ef B8000000 		.4byte	0xb8
 608 03f3 78       		.byte	0x78
 609 03f4 07       		.uleb128 0x7
 610 03f5 F2060000 		.4byte	.LASF85
 611 03f9 04       		.byte	0x4
 612 03fa 83       		.byte	0x83
 613 03fb B8000000 		.4byte	0xb8
 614 03ff 7A       		.byte	0x7a
 615 0400 07       		.uleb128 0x7
 616 0401 3A090000 		.4byte	.LASF86
 617 0405 04       		.byte	0x4
 618 0406 86       		.byte	0x86
 619 0407 A2000000 		.4byte	0xa2
 620 040b 7C       		.byte	0x7c
 621 040c 07       		.uleb128 0x7
 622 040d 69040000 		.4byte	.LASF87
 623 0411 04       		.byte	0x4
 624 0412 87       		.byte	0x87
 625 0413 A2000000 		.4byte	0xa2
 626 0417 7D       		.byte	0x7d
 627 0418 07       		.uleb128 0x7
 628 0419 38000000 		.4byte	.LASF88
 629 041d 04       		.byte	0x4
 630 041e 88       		.byte	0x88
 631 041f A2000000 		.4byte	0xa2
 632 0423 7E       		.byte	0x7e
 633 0424 07       		.uleb128 0x7
 634 0425 39030000 		.4byte	.LASF89
 635 0429 04       		.byte	0x4
 636 042a 89       		.byte	0x89
 637 042b A2000000 		.4byte	0xa2
 638 042f 7F       		.byte	0x7f
 639 0430 07       		.uleb128 0x7
 640 0431 A5030000 		.4byte	.LASF90
 641 0435 04       		.byte	0x4
 642 0436 8A       		.byte	0x8a
 643 0437 A2000000 		.4byte	0xa2
ARM GAS  C:\Users\Ariane\AppData\Local\Temp\ccSI84Ew.s 			page 13


 644 043b 80       		.byte	0x80
 645 043c 07       		.uleb128 0x7
 646 043d D1040000 		.4byte	.LASF91
 647 0441 04       		.byte	0x4
 648 0442 8D       		.byte	0x8d
 649 0443 CE000000 		.4byte	0xce
 650 0447 84       		.byte	0x84
 651 0448 07       		.uleb128 0x7
 652 0449 13010000 		.4byte	.LASF92
 653 044d 04       		.byte	0x4
 654 044e 8E       		.byte	0x8e
 655 044f CE000000 		.4byte	0xce
 656 0453 88       		.byte	0x88
 657 0454 07       		.uleb128 0x7
 658 0455 25090000 		.4byte	.LASF93
 659 0459 04       		.byte	0x4
 660 045a 8F       		.byte	0x8f
 661 045b CE000000 		.4byte	0xce
 662 045f 8C       		.byte	0x8c
 663 0460 07       		.uleb128 0x7
 664 0461 B9030000 		.4byte	.LASF94
 665 0465 04       		.byte	0x4
 666 0466 90       		.byte	0x90
 667 0467 CE000000 		.4byte	0xce
 668 046b 90       		.byte	0x90
 669 046c 07       		.uleb128 0x7
 670 046d 86030000 		.4byte	.LASF95
 671 0471 04       		.byte	0x4
 672 0472 91       		.byte	0x91
 673 0473 CE000000 		.4byte	0xce
 674 0477 94       		.byte	0x94
 675 0478 07       		.uleb128 0x7
 676 0479 49020000 		.4byte	.LASF96
 677 047d 04       		.byte	0x4
 678 047e 92       		.byte	0x92
 679 047f CE000000 		.4byte	0xce
 680 0483 98       		.byte	0x98
 681 0484 07       		.uleb128 0x7
 682 0485 5F090000 		.4byte	.LASF97
 683 0489 04       		.byte	0x4
 684 048a 93       		.byte	0x93
 685 048b CE000000 		.4byte	0xce
 686 048f 9C       		.byte	0x9c
 687 0490 07       		.uleb128 0x7
 688 0491 A7010000 		.4byte	.LASF98
 689 0495 04       		.byte	0x4
 690 0496 94       		.byte	0x94
 691 0497 CE000000 		.4byte	0xce
 692 049b A0       		.byte	0xa0
 693 049c 07       		.uleb128 0x7
 694 049d 6A020000 		.4byte	.LASF99
 695 04a1 04       		.byte	0x4
 696 04a2 95       		.byte	0x95
 697 04a3 B8000000 		.4byte	0xb8
 698 04a7 A4       		.byte	0xa4
 699 04a8 07       		.uleb128 0x7
 700 04a9 9A070000 		.4byte	.LASF100
ARM GAS  C:\Users\Ariane\AppData\Local\Temp\ccSI84Ew.s 			page 14


 701 04ad 04       		.byte	0x4
 702 04ae 96       		.byte	0x96
 703 04af B8000000 		.4byte	0xb8
 704 04b3 A6       		.byte	0xa6
 705 04b4 07       		.uleb128 0x7
 706 04b5 82060000 		.4byte	.LASF101
 707 04b9 04       		.byte	0x4
 708 04ba 97       		.byte	0x97
 709 04bb B8000000 		.4byte	0xb8
 710 04bf A8       		.byte	0xa8
 711 04c0 07       		.uleb128 0x7
 712 04c1 19070000 		.4byte	.LASF102
 713 04c5 04       		.byte	0x4
 714 04c6 98       		.byte	0x98
 715 04c7 B8000000 		.4byte	0xb8
 716 04cb AA       		.byte	0xaa
 717 04cc 07       		.uleb128 0x7
 718 04cd 52040000 		.4byte	.LASF103
 719 04d1 04       		.byte	0x4
 720 04d2 99       		.byte	0x99
 721 04d3 B8000000 		.4byte	0xb8
 722 04d7 AC       		.byte	0xac
 723 04d8 07       		.uleb128 0x7
 724 04d9 DC000000 		.4byte	.LASF104
 725 04dd 04       		.byte	0x4
 726 04de 9A       		.byte	0x9a
 727 04df B8000000 		.4byte	0xb8
 728 04e3 AE       		.byte	0xae
 729 04e4 07       		.uleb128 0x7
 730 04e5 74080000 		.4byte	.LASF105
 731 04e9 04       		.byte	0x4
 732 04ea 9D       		.byte	0x9d
 733 04eb B8000000 		.4byte	0xb8
 734 04ef B0       		.byte	0xb0
 735 04f0 07       		.uleb128 0x7
 736 04f1 4B000000 		.4byte	.LASF106
 737 04f5 04       		.byte	0x4
 738 04f6 9E       		.byte	0x9e
 739 04f7 CE000000 		.4byte	0xce
 740 04fb B4       		.byte	0xb4
 741 04fc 00       		.byte	0
 742 04fd 03       		.uleb128 0x3
 743 04fe 86040000 		.4byte	.LASF107
 744 0502 04       		.byte	0x4
 745 0503 9F       		.byte	0x9f
 746 0504 EC000000 		.4byte	0xec
 747 0508 02       		.uleb128 0x2
 748 0509 01       		.byte	0x1
 749 050a 08       		.byte	0x8
 750 050b CC070000 		.4byte	.LASF108
 751 050f 02       		.uleb128 0x2
 752 0510 04       		.byte	0x4
 753 0511 04       		.byte	0x4
 754 0512 61060000 		.4byte	.LASF109
 755 0516 02       		.uleb128 0x2
 756 0517 08       		.byte	0x8
 757 0518 04       		.byte	0x4
ARM GAS  C:\Users\Ariane\AppData\Local\Temp\ccSI84Ew.s 			page 15


 758 0519 E1020000 		.4byte	.LASF110
 759 051d 08       		.uleb128 0x8
 760 051e 04       		.byte	0x4
 761 051f CE000000 		.4byte	0xce
 762 0523 09       		.uleb128 0x9
 763 0524 04       		.byte	0x4
 764 0525 02       		.uleb128 0x2
 765 0526 01       		.byte	0x1
 766 0527 02       		.byte	0x2
 767 0528 C8080000 		.4byte	.LASF111
 768 052c 08       		.uleb128 0x8
 769 052d 04       		.byte	0x4
 770 052e 32050000 		.4byte	0x532
 771 0532 0A       		.uleb128 0xa
 772 0533 3D050000 		.4byte	0x53d
 773 0537 0B       		.uleb128 0xb
 774 0538 CE000000 		.4byte	0xce
 775 053c 00       		.byte	0
 776 053d 0C       		.uleb128 0xc
 777 053e 7F020000 		.4byte	.LASF112
 778 0542 05       		.byte	0x5
 779 0543 F201     		.2byte	0x1f2
 780 0545 2C050000 		.4byte	0x52c
 781 0549 0D       		.uleb128 0xd
 782 054a 1D020000 		.4byte	.LASF123
 783 054e 24       		.byte	0x24
 784 054f 05       		.byte	0x5
 785 0550 7402     		.2byte	0x274
 786 0552 CC050000 		.4byte	0x5cc
 787 0556 0E       		.uleb128 0xe
 788 0557 38070000 		.4byte	.LASF113
 789 055b 05       		.byte	0x5
 790 055c 7702     		.2byte	0x277
 791 055e E0000000 		.4byte	0xe0
 792 0562 00       		.byte	0
 793 0563 0E       		.uleb128 0xe
 794 0564 B9080000 		.4byte	.LASF114
 795 0568 05       		.byte	0x5
 796 0569 7902     		.2byte	0x279
 797 056b 23050000 		.4byte	0x523
 798 056f 04       		.byte	0x4
 799 0570 0E       		.uleb128 0xe
 800 0571 1A000000 		.4byte	.LASF115
 801 0575 05       		.byte	0x5
 802 0576 7A02     		.2byte	0x27a
 803 0578 CE000000 		.4byte	0xce
 804 057c 08       		.byte	0x8
 805 057d 0E       		.uleb128 0xe
 806 057e 7D030000 		.4byte	.LASF116
 807 0582 05       		.byte	0x5
 808 0583 7B02     		.2byte	0x27b
 809 0585 E0000000 		.4byte	0xe0
 810 0589 0C       		.byte	0xc
 811 058a 0E       		.uleb128 0xe
 812 058b BD010000 		.4byte	.LASF117
 813 058f 05       		.byte	0x5
 814 0590 7D02     		.2byte	0x27d
ARM GAS  C:\Users\Ariane\AppData\Local\Temp\ccSI84Ew.s 			page 16


 815 0592 23050000 		.4byte	0x523
 816 0596 10       		.byte	0x10
 817 0597 0E       		.uleb128 0xe
 818 0598 9B030000 		.4byte	.LASF118
 819 059c 05       		.byte	0x5
 820 059d 7E02     		.2byte	0x27e
 821 059f CE000000 		.4byte	0xce
 822 05a3 14       		.byte	0x14
 823 05a4 0E       		.uleb128 0xe
 824 05a5 EF090000 		.4byte	.LASF119
 825 05a9 05       		.byte	0x5
 826 05aa 7F02     		.2byte	0x27f
 827 05ac E0000000 		.4byte	0xe0
 828 05b0 18       		.byte	0x18
 829 05b1 0E       		.uleb128 0xe
 830 05b2 60040000 		.4byte	.LASF120
 831 05b6 05       		.byte	0x5
 832 05b7 8502     		.2byte	0x285
 833 05b9 3D050000 		.4byte	0x53d
 834 05bd 1C       		.byte	0x1c
 835 05be 0E       		.uleb128 0xe
 836 05bf B1080000 		.4byte	.LASF121
 837 05c3 05       		.byte	0x5
 838 05c4 8802     		.2byte	0x288
 839 05c6 CE000000 		.4byte	0xce
 840 05ca 20       		.byte	0x20
 841 05cb 00       		.byte	0
 842 05cc 0C       		.uleb128 0xc
 843 05cd 96040000 		.4byte	.LASF122
 844 05d1 05       		.byte	0x5
 845 05d2 8B02     		.2byte	0x28b
 846 05d4 49050000 		.4byte	0x549
 847 05d8 0F       		.uleb128 0xf
 848 05d9 FF040000 		.4byte	.LASF124
 849 05dd 4C       		.byte	0x4c
 850 05de 06       		.byte	0x6
 851 05df 2F       		.byte	0x2f
 852 05e0 C9060000 		.4byte	0x6c9
 853 05e4 07       		.uleb128 0x7
 854 05e5 51010000 		.4byte	.LASF125
 855 05e9 06       		.byte	0x6
 856 05ea 31       		.byte	0x31
 857 05eb CE000000 		.4byte	0xce
 858 05ef 00       		.byte	0
 859 05f0 07       		.uleb128 0x7
 860 05f1 88010000 		.4byte	.LASF126
 861 05f5 06       		.byte	0x6
 862 05f6 33       		.byte	0x33
 863 05f7 CE000000 		.4byte	0xce
 864 05fb 04       		.byte	0x4
 865 05fc 07       		.uleb128 0x7
 866 05fd 12000000 		.4byte	.LASF127
 867 0601 06       		.byte	0x6
 868 0602 34       		.byte	0x34
 869 0603 CE000000 		.4byte	0xce
 870 0607 08       		.byte	0x8
 871 0608 07       		.uleb128 0x7
ARM GAS  C:\Users\Ariane\AppData\Local\Temp\ccSI84Ew.s 			page 17


 872 0609 2A010000 		.4byte	.LASF128
 873 060d 06       		.byte	0x6
 874 060e 35       		.byte	0x35
 875 060f CE000000 		.4byte	0xce
 876 0613 0C       		.byte	0xc
 877 0614 07       		.uleb128 0x7
 878 0615 53070000 		.4byte	.LASF129
 879 0619 06       		.byte	0x6
 880 061a 37       		.byte	0x37
 881 061b CE000000 		.4byte	0xce
 882 061f 10       		.byte	0x10
 883 0620 07       		.uleb128 0x7
 884 0621 AF070000 		.4byte	.LASF130
 885 0625 06       		.byte	0x6
 886 0626 38       		.byte	0x38
 887 0627 CE000000 		.4byte	0xce
 888 062b 14       		.byte	0x14
 889 062c 07       		.uleb128 0x7
 890 062d B8070000 		.4byte	.LASF131
 891 0631 06       		.byte	0x6
 892 0632 39       		.byte	0x39
 893 0633 CE000000 		.4byte	0xce
 894 0637 18       		.byte	0x18
 895 0638 07       		.uleb128 0x7
 896 0639 07070000 		.4byte	.LASF132
 897 063d 06       		.byte	0x6
 898 063e 3A       		.byte	0x3a
 899 063f 25050000 		.4byte	0x525
 900 0643 1C       		.byte	0x1c
 901 0644 07       		.uleb128 0x7
 902 0645 31080000 		.4byte	.LASF133
 903 0649 06       		.byte	0x6
 904 064a 3C       		.byte	0x3c
 905 064b CE000000 		.4byte	0xce
 906 064f 20       		.byte	0x20
 907 0650 07       		.uleb128 0x7
 908 0651 16030000 		.4byte	.LASF134
 909 0655 06       		.byte	0x6
 910 0656 3D       		.byte	0x3d
 911 0657 CE000000 		.4byte	0xce
 912 065b 24       		.byte	0x24
 913 065c 07       		.uleb128 0x7
 914 065d 64010000 		.4byte	.LASF135
 915 0661 06       		.byte	0x6
 916 0662 3F       		.byte	0x3f
 917 0663 CE000000 		.4byte	0xce
 918 0667 28       		.byte	0x28
 919 0668 07       		.uleb128 0x7
 920 0669 4F090000 		.4byte	.LASF136
 921 066d 06       		.byte	0x6
 922 066e 40       		.byte	0x40
 923 066f CE000000 		.4byte	0xce
 924 0673 2C       		.byte	0x2c
 925 0674 07       		.uleb128 0x7
 926 0675 42080000 		.4byte	.LASF137
 927 0679 06       		.byte	0x6
 928 067a 42       		.byte	0x42
ARM GAS  C:\Users\Ariane\AppData\Local\Temp\ccSI84Ew.s 			page 18


 929 067b CE000000 		.4byte	0xce
 930 067f 30       		.byte	0x30
 931 0680 07       		.uleb128 0x7
 932 0681 AC060000 		.4byte	.LASF138
 933 0685 06       		.byte	0x6
 934 0686 43       		.byte	0x43
 935 0687 CE000000 		.4byte	0xce
 936 068b 34       		.byte	0x34
 937 068c 07       		.uleb128 0x7
 938 068d F8090000 		.4byte	.LASF139
 939 0691 06       		.byte	0x6
 940 0692 45       		.byte	0x45
 941 0693 CE000000 		.4byte	0xce
 942 0697 38       		.byte	0x38
 943 0698 07       		.uleb128 0x7
 944 0699 39010000 		.4byte	.LASF140
 945 069d 06       		.byte	0x6
 946 069e 46       		.byte	0x46
 947 069f CE000000 		.4byte	0xce
 948 06a3 3C       		.byte	0x3c
 949 06a4 07       		.uleb128 0x7
 950 06a5 6A080000 		.4byte	.LASF141
 951 06a9 06       		.byte	0x6
 952 06aa 48       		.byte	0x48
 953 06ab CE000000 		.4byte	0xce
 954 06af 40       		.byte	0x40
 955 06b0 07       		.uleb128 0x7
 956 06b1 C2040000 		.4byte	.LASF142
 957 06b5 06       		.byte	0x6
 958 06b6 49       		.byte	0x49
 959 06b7 CE000000 		.4byte	0xce
 960 06bb 44       		.byte	0x44
 961 06bc 07       		.uleb128 0x7
 962 06bd C1070000 		.4byte	.LASF143
 963 06c1 06       		.byte	0x6
 964 06c2 4B       		.byte	0x4b
 965 06c3 CE000000 		.4byte	0xce
 966 06c7 48       		.byte	0x48
 967 06c8 00       		.byte	0
 968 06c9 03       		.uleb128 0x3
 969 06ca FF010000 		.4byte	.LASF144
 970 06ce 06       		.byte	0x6
 971 06cf 4C       		.byte	0x4c
 972 06d0 D8050000 		.4byte	0x5d8
 973 06d4 10       		.uleb128 0x10
 974 06d5 DB030000 		.4byte	.LASF157
 975 06d9 01       		.byte	0x1
 976 06da 12       		.byte	0x12
 977 06db 00000000 		.4byte	.LFB589
 978 06df 02000000 		.4byte	.LFE589-.LFB589
 979 06e3 01       		.uleb128 0x1
 980 06e4 9C       		.byte	0x9c
 981 06e5 11       		.uleb128 0x11
 982 06e6 98090000 		.4byte	.LASF158
 983 06ea 01       		.byte	0x1
 984 06eb 18       		.byte	0x18
 985 06ec 00000000 		.4byte	.LFB590
ARM GAS  C:\Users\Ariane\AppData\Local\Temp\ccSI84Ew.s 			page 19


 986 06f0 02000000 		.4byte	.LFE590-.LFB590
 987 06f4 01       		.uleb128 0x1
 988 06f5 9C       		.byte	0x9c
 989 06f6 08070000 		.4byte	0x708
 990 06fa 12       		.uleb128 0x12
 991 06fb 08030000 		.4byte	.LASF145
 992 06ff 01       		.byte	0x1
 993 0700 18       		.byte	0x18
 994 0701 1D050000 		.4byte	0x51d
 995 0705 01       		.uleb128 0x1
 996 0706 50       		.byte	0x50
 997 0707 00       		.byte	0
 998 0708 13       		.uleb128 0x13
 999 0709 8F080000 		.4byte	.LASF159
 1000 070d 01       		.byte	0x1
 1001 070e 1E       		.byte	0x1e
 1002 070f A2000000 		.4byte	0xa2
 1003 0713 00000000 		.4byte	.LFB591
 1004 0717 04000000 		.4byte	.LFE591-.LFB591
 1005 071b 01       		.uleb128 0x1
 1006 071c 9C       		.byte	0x9c
 1007 071d 14       		.uleb128 0x14
 1008 071e 27070000 		.4byte	.LASF160
 1009 0722 01       		.byte	0x1
 1010 0723 24       		.byte	0x24
 1011 0724 A2000000 		.4byte	0xa2
 1012 0728 00000000 		.4byte	.LFB592
 1013 072c 04000000 		.4byte	.LFE592-.LFB592
 1014 0730 01       		.uleb128 0x1
 1015 0731 9C       		.byte	0x9c
 1016 0732 6D070000 		.4byte	0x76d
 1017 0736 15       		.uleb128 0x15
 1018 0737 5A060000 		.4byte	.LASF146
 1019 073b 01       		.byte	0x1
 1020 073c 24       		.byte	0x24
 1021 073d CE000000 		.4byte	0xce
 1022 0741 00000000 		.4byte	.LLST0
 1023 0745 12       		.uleb128 0x12
 1024 0746 0F030000 		.4byte	.LASF147
 1025 074a 01       		.byte	0x1
 1026 074b 24       		.byte	0x24
 1027 074c CE000000 		.4byte	0xce
 1028 0750 01       		.uleb128 0x1
 1029 0751 51       		.byte	0x51
 1030 0752 12       		.uleb128 0x12
 1031 0753 2F050000 		.4byte	.LASF148
 1032 0757 01       		.byte	0x1
 1033 0758 24       		.byte	0x24
 1034 0759 CE000000 		.4byte	0xce
 1035 075d 01       		.uleb128 0x1
 1036 075e 52       		.byte	0x52
 1037 075f 12       		.uleb128 0x12
 1038 0760 EE030000 		.4byte	.LASF149
 1039 0764 01       		.byte	0x1
 1040 0765 24       		.byte	0x24
 1041 0766 CE000000 		.4byte	0xce
 1042 076a 01       		.uleb128 0x1
ARM GAS  C:\Users\Ariane\AppData\Local\Temp\ccSI84Ew.s 			page 20


 1043 076b 53       		.byte	0x53
 1044 076c 00       		.byte	0
 1045 076d 16       		.uleb128 0x16
 1046 076e E5060000 		.4byte	.LASF150
 1047 0772 07       		.byte	0x7
 1048 0773 0108     		.2byte	0x801
 1049 0775 79070000 		.4byte	0x779
 1050 0779 05       		.uleb128 0x5
 1051 077a C3000000 		.4byte	0xc3
 1052 077e 17       		.uleb128 0x17
 1053 077f 78060000 		.4byte	.LASF151
 1054 0783 04       		.byte	0x4
 1055 0784 A7       		.byte	0xa7
 1056 0785 89070000 		.4byte	0x789
 1057 0789 08       		.uleb128 0x8
 1058 078a 04       		.byte	0x4
 1059 078b 8F070000 		.4byte	0x78f
 1060 078f 18       		.uleb128 0x18
 1061 0790 FD040000 		.4byte	0x4fd
 1062 0794 17       		.uleb128 0x17
 1063 0795 CE080000 		.4byte	.LASF152
 1064 0799 08       		.byte	0x8
 1065 079a 5E       		.byte	0x5e
 1066 079b CC050000 		.4byte	0x5cc
 1067 079f 17       		.uleb128 0x17
 1068 07a0 10090000 		.4byte	.LASF153
 1069 07a4 09       		.byte	0x9
 1070 07a5 1F       		.byte	0x1f
 1071 07a6 AA070000 		.4byte	0x7aa
 1072 07aa 18       		.uleb128 0x18
 1073 07ab C9060000 		.4byte	0x6c9
 1074 07af 00       		.byte	0
 1075              		.section	.debug_abbrev,"",%progbits
 1076              	.Ldebug_abbrev0:
 1077 0000 01       		.uleb128 0x1
 1078 0001 11       		.uleb128 0x11
 1079 0002 01       		.byte	0x1
 1080 0003 25       		.uleb128 0x25
 1081 0004 0E       		.uleb128 0xe
 1082 0005 13       		.uleb128 0x13
 1083 0006 0B       		.uleb128 0xb
 1084 0007 03       		.uleb128 0x3
 1085 0008 0E       		.uleb128 0xe
 1086 0009 1B       		.uleb128 0x1b
 1087 000a 0E       		.uleb128 0xe
 1088 000b 55       		.uleb128 0x55
 1089 000c 17       		.uleb128 0x17
 1090 000d 11       		.uleb128 0x11
 1091 000e 01       		.uleb128 0x1
 1092 000f 10       		.uleb128 0x10
 1093 0010 17       		.uleb128 0x17
 1094 0011 00       		.byte	0
 1095 0012 00       		.byte	0
 1096 0013 02       		.uleb128 0x2
 1097 0014 24       		.uleb128 0x24
 1098 0015 00       		.byte	0
 1099 0016 0B       		.uleb128 0xb
ARM GAS  C:\Users\Ariane\AppData\Local\Temp\ccSI84Ew.s 			page 21


 1100 0017 0B       		.uleb128 0xb
 1101 0018 3E       		.uleb128 0x3e
 1102 0019 0B       		.uleb128 0xb
 1103 001a 03       		.uleb128 0x3
 1104 001b 0E       		.uleb128 0xe
 1105 001c 00       		.byte	0
 1106 001d 00       		.byte	0
 1107 001e 03       		.uleb128 0x3
 1108 001f 16       		.uleb128 0x16
 1109 0020 00       		.byte	0
 1110 0021 03       		.uleb128 0x3
 1111 0022 0E       		.uleb128 0xe
 1112 0023 3A       		.uleb128 0x3a
 1113 0024 0B       		.uleb128 0xb
 1114 0025 3B       		.uleb128 0x3b
 1115 0026 0B       		.uleb128 0xb
 1116 0027 49       		.uleb128 0x49
 1117 0028 13       		.uleb128 0x13
 1118 0029 00       		.byte	0
 1119 002a 00       		.byte	0
 1120 002b 04       		.uleb128 0x4
 1121 002c 24       		.uleb128 0x24
 1122 002d 00       		.byte	0
 1123 002e 0B       		.uleb128 0xb
 1124 002f 0B       		.uleb128 0xb
 1125 0030 3E       		.uleb128 0x3e
 1126 0031 0B       		.uleb128 0xb
 1127 0032 03       		.uleb128 0x3
 1128 0033 08       		.uleb128 0x8
 1129 0034 00       		.byte	0
 1130 0035 00       		.byte	0
 1131 0036 05       		.uleb128 0x5
 1132 0037 35       		.uleb128 0x35
 1133 0038 00       		.byte	0
 1134 0039 49       		.uleb128 0x49
 1135 003a 13       		.uleb128 0x13
 1136 003b 00       		.byte	0
 1137 003c 00       		.byte	0
 1138 003d 06       		.uleb128 0x6
 1139 003e 13       		.uleb128 0x13
 1140 003f 01       		.byte	0x1
 1141 0040 0B       		.uleb128 0xb
 1142 0041 0B       		.uleb128 0xb
 1143 0042 3A       		.uleb128 0x3a
 1144 0043 0B       		.uleb128 0xb
 1145 0044 3B       		.uleb128 0x3b
 1146 0045 0B       		.uleb128 0xb
 1147 0046 01       		.uleb128 0x1
 1148 0047 13       		.uleb128 0x13
 1149 0048 00       		.byte	0
 1150 0049 00       		.byte	0
 1151 004a 07       		.uleb128 0x7
 1152 004b 0D       		.uleb128 0xd
 1153 004c 00       		.byte	0
 1154 004d 03       		.uleb128 0x3
 1155 004e 0E       		.uleb128 0xe
 1156 004f 3A       		.uleb128 0x3a
ARM GAS  C:\Users\Ariane\AppData\Local\Temp\ccSI84Ew.s 			page 22


 1157 0050 0B       		.uleb128 0xb
 1158 0051 3B       		.uleb128 0x3b
 1159 0052 0B       		.uleb128 0xb
 1160 0053 49       		.uleb128 0x49
 1161 0054 13       		.uleb128 0x13
 1162 0055 38       		.uleb128 0x38
 1163 0056 0B       		.uleb128 0xb
 1164 0057 00       		.byte	0
 1165 0058 00       		.byte	0
 1166 0059 08       		.uleb128 0x8
 1167 005a 0F       		.uleb128 0xf
 1168 005b 00       		.byte	0
 1169 005c 0B       		.uleb128 0xb
 1170 005d 0B       		.uleb128 0xb
 1171 005e 49       		.uleb128 0x49
 1172 005f 13       		.uleb128 0x13
 1173 0060 00       		.byte	0
 1174 0061 00       		.byte	0
 1175 0062 09       		.uleb128 0x9
 1176 0063 0F       		.uleb128 0xf
 1177 0064 00       		.byte	0
 1178 0065 0B       		.uleb128 0xb
 1179 0066 0B       		.uleb128 0xb
 1180 0067 00       		.byte	0
 1181 0068 00       		.byte	0
 1182 0069 0A       		.uleb128 0xa
 1183 006a 15       		.uleb128 0x15
 1184 006b 01       		.byte	0x1
 1185 006c 27       		.uleb128 0x27
 1186 006d 19       		.uleb128 0x19
 1187 006e 01       		.uleb128 0x1
 1188 006f 13       		.uleb128 0x13
 1189 0070 00       		.byte	0
 1190 0071 00       		.byte	0
 1191 0072 0B       		.uleb128 0xb
 1192 0073 05       		.uleb128 0x5
 1193 0074 00       		.byte	0
 1194 0075 49       		.uleb128 0x49
 1195 0076 13       		.uleb128 0x13
 1196 0077 00       		.byte	0
 1197 0078 00       		.byte	0
 1198 0079 0C       		.uleb128 0xc
 1199 007a 16       		.uleb128 0x16
 1200 007b 00       		.byte	0
 1201 007c 03       		.uleb128 0x3
 1202 007d 0E       		.uleb128 0xe
 1203 007e 3A       		.uleb128 0x3a
 1204 007f 0B       		.uleb128 0xb
 1205 0080 3B       		.uleb128 0x3b
 1206 0081 05       		.uleb128 0x5
 1207 0082 49       		.uleb128 0x49
 1208 0083 13       		.uleb128 0x13
 1209 0084 00       		.byte	0
 1210 0085 00       		.byte	0
 1211 0086 0D       		.uleb128 0xd
 1212 0087 13       		.uleb128 0x13
 1213 0088 01       		.byte	0x1
ARM GAS  C:\Users\Ariane\AppData\Local\Temp\ccSI84Ew.s 			page 23


 1214 0089 03       		.uleb128 0x3
 1215 008a 0E       		.uleb128 0xe
 1216 008b 0B       		.uleb128 0xb
 1217 008c 0B       		.uleb128 0xb
 1218 008d 3A       		.uleb128 0x3a
 1219 008e 0B       		.uleb128 0xb
 1220 008f 3B       		.uleb128 0x3b
 1221 0090 05       		.uleb128 0x5
 1222 0091 01       		.uleb128 0x1
 1223 0092 13       		.uleb128 0x13
 1224 0093 00       		.byte	0
 1225 0094 00       		.byte	0
 1226 0095 0E       		.uleb128 0xe
 1227 0096 0D       		.uleb128 0xd
 1228 0097 00       		.byte	0
 1229 0098 03       		.uleb128 0x3
 1230 0099 0E       		.uleb128 0xe
 1231 009a 3A       		.uleb128 0x3a
 1232 009b 0B       		.uleb128 0xb
 1233 009c 3B       		.uleb128 0x3b
 1234 009d 05       		.uleb128 0x5
 1235 009e 49       		.uleb128 0x49
 1236 009f 13       		.uleb128 0x13
 1237 00a0 38       		.uleb128 0x38
 1238 00a1 0B       		.uleb128 0xb
 1239 00a2 00       		.byte	0
 1240 00a3 00       		.byte	0
 1241 00a4 0F       		.uleb128 0xf
 1242 00a5 13       		.uleb128 0x13
 1243 00a6 01       		.byte	0x1
 1244 00a7 03       		.uleb128 0x3
 1245 00a8 0E       		.uleb128 0xe
 1246 00a9 0B       		.uleb128 0xb
 1247 00aa 0B       		.uleb128 0xb
 1248 00ab 3A       		.uleb128 0x3a
 1249 00ac 0B       		.uleb128 0xb
 1250 00ad 3B       		.uleb128 0x3b
 1251 00ae 0B       		.uleb128 0xb
 1252 00af 01       		.uleb128 0x1
 1253 00b0 13       		.uleb128 0x13
 1254 00b1 00       		.byte	0
 1255 00b2 00       		.byte	0
 1256 00b3 10       		.uleb128 0x10
 1257 00b4 2E       		.uleb128 0x2e
 1258 00b5 00       		.byte	0
 1259 00b6 3F       		.uleb128 0x3f
 1260 00b7 19       		.uleb128 0x19
 1261 00b8 03       		.uleb128 0x3
 1262 00b9 0E       		.uleb128 0xe
 1263 00ba 3A       		.uleb128 0x3a
 1264 00bb 0B       		.uleb128 0xb
 1265 00bc 3B       		.uleb128 0x3b
 1266 00bd 0B       		.uleb128 0xb
 1267 00be 11       		.uleb128 0x11
 1268 00bf 01       		.uleb128 0x1
 1269 00c0 12       		.uleb128 0x12
 1270 00c1 06       		.uleb128 0x6
ARM GAS  C:\Users\Ariane\AppData\Local\Temp\ccSI84Ew.s 			page 24


 1271 00c2 40       		.uleb128 0x40
 1272 00c3 18       		.uleb128 0x18
 1273 00c4 9742     		.uleb128 0x2117
 1274 00c6 19       		.uleb128 0x19
 1275 00c7 00       		.byte	0
 1276 00c8 00       		.byte	0
 1277 00c9 11       		.uleb128 0x11
 1278 00ca 2E       		.uleb128 0x2e
 1279 00cb 01       		.byte	0x1
 1280 00cc 3F       		.uleb128 0x3f
 1281 00cd 19       		.uleb128 0x19
 1282 00ce 03       		.uleb128 0x3
 1283 00cf 0E       		.uleb128 0xe
 1284 00d0 3A       		.uleb128 0x3a
 1285 00d1 0B       		.uleb128 0xb
 1286 00d2 3B       		.uleb128 0x3b
 1287 00d3 0B       		.uleb128 0xb
 1288 00d4 27       		.uleb128 0x27
 1289 00d5 19       		.uleb128 0x19
 1290 00d6 11       		.uleb128 0x11
 1291 00d7 01       		.uleb128 0x1
 1292 00d8 12       		.uleb128 0x12
 1293 00d9 06       		.uleb128 0x6
 1294 00da 40       		.uleb128 0x40
 1295 00db 18       		.uleb128 0x18
 1296 00dc 9742     		.uleb128 0x2117
 1297 00de 19       		.uleb128 0x19
 1298 00df 01       		.uleb128 0x1
 1299 00e0 13       		.uleb128 0x13
 1300 00e1 00       		.byte	0
 1301 00e2 00       		.byte	0
 1302 00e3 12       		.uleb128 0x12
 1303 00e4 05       		.uleb128 0x5
 1304 00e5 00       		.byte	0
 1305 00e6 03       		.uleb128 0x3
 1306 00e7 0E       		.uleb128 0xe
 1307 00e8 3A       		.uleb128 0x3a
 1308 00e9 0B       		.uleb128 0xb
 1309 00ea 3B       		.uleb128 0x3b
 1310 00eb 0B       		.uleb128 0xb
 1311 00ec 49       		.uleb128 0x49
 1312 00ed 13       		.uleb128 0x13
 1313 00ee 02       		.uleb128 0x2
 1314 00ef 18       		.uleb128 0x18
 1315 00f0 00       		.byte	0
 1316 00f1 00       		.byte	0
 1317 00f2 13       		.uleb128 0x13
 1318 00f3 2E       		.uleb128 0x2e
 1319 00f4 00       		.byte	0
 1320 00f5 3F       		.uleb128 0x3f
 1321 00f6 19       		.uleb128 0x19
 1322 00f7 03       		.uleb128 0x3
 1323 00f8 0E       		.uleb128 0xe
 1324 00f9 3A       		.uleb128 0x3a
 1325 00fa 0B       		.uleb128 0xb
 1326 00fb 3B       		.uleb128 0x3b
 1327 00fc 0B       		.uleb128 0xb
ARM GAS  C:\Users\Ariane\AppData\Local\Temp\ccSI84Ew.s 			page 25


 1328 00fd 49       		.uleb128 0x49
 1329 00fe 13       		.uleb128 0x13
 1330 00ff 11       		.uleb128 0x11
 1331 0100 01       		.uleb128 0x1
 1332 0101 12       		.uleb128 0x12
 1333 0102 06       		.uleb128 0x6
 1334 0103 40       		.uleb128 0x40
 1335 0104 18       		.uleb128 0x18
 1336 0105 9742     		.uleb128 0x2117
 1337 0107 19       		.uleb128 0x19
 1338 0108 00       		.byte	0
 1339 0109 00       		.byte	0
 1340 010a 14       		.uleb128 0x14
 1341 010b 2E       		.uleb128 0x2e
 1342 010c 01       		.byte	0x1
 1343 010d 3F       		.uleb128 0x3f
 1344 010e 19       		.uleb128 0x19
 1345 010f 03       		.uleb128 0x3
 1346 0110 0E       		.uleb128 0xe
 1347 0111 3A       		.uleb128 0x3a
 1348 0112 0B       		.uleb128 0xb
 1349 0113 3B       		.uleb128 0x3b
 1350 0114 0B       		.uleb128 0xb
 1351 0115 27       		.uleb128 0x27
 1352 0116 19       		.uleb128 0x19
 1353 0117 49       		.uleb128 0x49
 1354 0118 13       		.uleb128 0x13
 1355 0119 11       		.uleb128 0x11
 1356 011a 01       		.uleb128 0x1
 1357 011b 12       		.uleb128 0x12
 1358 011c 06       		.uleb128 0x6
 1359 011d 40       		.uleb128 0x40
 1360 011e 18       		.uleb128 0x18
 1361 011f 9742     		.uleb128 0x2117
 1362 0121 19       		.uleb128 0x19
 1363 0122 01       		.uleb128 0x1
 1364 0123 13       		.uleb128 0x13
 1365 0124 00       		.byte	0
 1366 0125 00       		.byte	0
 1367 0126 15       		.uleb128 0x15
 1368 0127 05       		.uleb128 0x5
 1369 0128 00       		.byte	0
 1370 0129 03       		.uleb128 0x3
 1371 012a 0E       		.uleb128 0xe
 1372 012b 3A       		.uleb128 0x3a
 1373 012c 0B       		.uleb128 0xb
 1374 012d 3B       		.uleb128 0x3b
 1375 012e 0B       		.uleb128 0xb
 1376 012f 49       		.uleb128 0x49
 1377 0130 13       		.uleb128 0x13
 1378 0131 02       		.uleb128 0x2
 1379 0132 17       		.uleb128 0x17
 1380 0133 00       		.byte	0
 1381 0134 00       		.byte	0
 1382 0135 16       		.uleb128 0x16
 1383 0136 34       		.uleb128 0x34
 1384 0137 00       		.byte	0
ARM GAS  C:\Users\Ariane\AppData\Local\Temp\ccSI84Ew.s 			page 26


 1385 0138 03       		.uleb128 0x3
 1386 0139 0E       		.uleb128 0xe
 1387 013a 3A       		.uleb128 0x3a
 1388 013b 0B       		.uleb128 0xb
 1389 013c 3B       		.uleb128 0x3b
 1390 013d 05       		.uleb128 0x5
 1391 013e 49       		.uleb128 0x49
 1392 013f 13       		.uleb128 0x13
 1393 0140 3F       		.uleb128 0x3f
 1394 0141 19       		.uleb128 0x19
 1395 0142 3C       		.uleb128 0x3c
 1396 0143 19       		.uleb128 0x19
 1397 0144 00       		.byte	0
 1398 0145 00       		.byte	0
 1399 0146 17       		.uleb128 0x17
 1400 0147 34       		.uleb128 0x34
 1401 0148 00       		.byte	0
 1402 0149 03       		.uleb128 0x3
 1403 014a 0E       		.uleb128 0xe
 1404 014b 3A       		.uleb128 0x3a
 1405 014c 0B       		.uleb128 0xb
 1406 014d 3B       		.uleb128 0x3b
 1407 014e 0B       		.uleb128 0xb
 1408 014f 49       		.uleb128 0x49
 1409 0150 13       		.uleb128 0x13
 1410 0151 3F       		.uleb128 0x3f
 1411 0152 19       		.uleb128 0x19
 1412 0153 3C       		.uleb128 0x3c
 1413 0154 19       		.uleb128 0x19
 1414 0155 00       		.byte	0
 1415 0156 00       		.byte	0
 1416 0157 18       		.uleb128 0x18
 1417 0158 26       		.uleb128 0x26
 1418 0159 00       		.byte	0
 1419 015a 49       		.uleb128 0x49
 1420 015b 13       		.uleb128 0x13
 1421 015c 00       		.byte	0
 1422 015d 00       		.byte	0
 1423 015e 00       		.byte	0
 1424              		.section	.debug_loc,"",%progbits
 1425              	.Ldebug_loc0:
 1426              	.LLST0:
 1427 0000 00000000 		.4byte	.LVL1
 1428 0004 02000000 		.4byte	.LVL2
 1429 0008 0100     		.2byte	0x1
 1430 000a 50       		.byte	0x50
 1431 000b 02000000 		.4byte	.LVL2
 1432 000f 04000000 		.4byte	.LFE592
 1433 0013 0400     		.2byte	0x4
 1434 0015 F3       		.byte	0xf3
 1435 0016 01       		.uleb128 0x1
 1436 0017 50       		.byte	0x50
 1437 0018 9F       		.byte	0x9f
 1438 0019 00000000 		.4byte	0
 1439 001d 00000000 		.4byte	0
 1440              		.section	.debug_aranges,"",%progbits
 1441 0000 34000000 		.4byte	0x34
ARM GAS  C:\Users\Ariane\AppData\Local\Temp\ccSI84Ew.s 			page 27


 1442 0004 0200     		.2byte	0x2
 1443 0006 00000000 		.4byte	.Ldebug_info0
 1444 000a 04       		.byte	0x4
 1445 000b 00       		.byte	0
 1446 000c 0000     		.2byte	0
 1447 000e 0000     		.2byte	0
 1448 0010 00000000 		.4byte	.LFB589
 1449 0014 02000000 		.4byte	.LFE589-.LFB589
 1450 0018 00000000 		.4byte	.LFB590
 1451 001c 02000000 		.4byte	.LFE590-.LFB590
 1452 0020 00000000 		.4byte	.LFB591
 1453 0024 04000000 		.4byte	.LFE591-.LFB591
 1454 0028 00000000 		.4byte	.LFB592
 1455 002c 04000000 		.4byte	.LFE592-.LFB592
 1456 0030 00000000 		.4byte	0
 1457 0034 00000000 		.4byte	0
 1458              		.section	.debug_ranges,"",%progbits
 1459              	.Ldebug_ranges0:
 1460 0000 00000000 		.4byte	.LFB589
 1461 0004 02000000 		.4byte	.LFE589
 1462 0008 00000000 		.4byte	.LFB590
 1463 000c 02000000 		.4byte	.LFE590
 1464 0010 00000000 		.4byte	.LFB591
 1465 0014 04000000 		.4byte	.LFE591
 1466 0018 00000000 		.4byte	.LFB592
 1467 001c 04000000 		.4byte	.LFE592
 1468 0020 00000000 		.4byte	0
 1469 0024 00000000 		.4byte	0
 1470              		.section	.debug_line,"",%progbits
 1471              	.Ldebug_line0:
 1472 0000 93020000 		.section	.debug_str,"MS",%progbits,1
 1472      02004F02 
 1472      00000201 
 1472      FB0E0D00 
 1472      01010101 
 1473              	.LASF56:
 1474 0000 70726F74 		.ascii	"protBusMasterMask\000"
 1474      4275734D 
 1474      61737465 
 1474      724D6173 
 1474      6B00
 1475              	.LASF127:
 1476 0012 72756E4D 		.ascii	"runMode\000"
 1476      6F646500 
 1477              	.LASF115:
 1478 001a 72784275 		.ascii	"rxBufSize\000"
 1478      6653697A 
 1478      6500
 1479              	.LASF66:
 1480 0024 666C6173 		.ascii	"flashCtlMainWs3Freq\000"
 1480      6843746C 
 1480      4D61696E 
 1480      57733346 
 1480      72657100 
 1481              	.LASF88:
 1482 0038 6770696F 		.ascii	"gpioPrtCfgInOffset\000"
 1482      50727443 
ARM GAS  C:\Users\Ariane\AppData\Local\Temp\ccSI84Ew.s 			page 28


 1482      6667496E 
 1482      4F666673 
 1482      657400
 1483              	.LASF106:
 1484 004b 6970634C 		.ascii	"ipcLockStatusOffset\000"
 1484      6F636B53 
 1484      74617475 
 1484      734F6666 
 1484      73657400 
 1485              	.LASF156:
 1486 005f 433A5C55 		.ascii	"C:\\Users\\Ariane\\Documents\\PSoC Creator\\Projet_"
 1486      73657273 
 1486      5C417269 
 1486      616E655C 
 1486      446F6375 
 1487 008d 6571315C 		.ascii	"eq1\\WorkspaceProjet2Eq1\\Projet2Eq1.cydsn\000"
 1487      576F726B 
 1487      73706163 
 1487      6550726F 
 1487      6A657432 
 1488              	.LASF32:
 1489 00b6 63727970 		.ascii	"cryptoVersion\000"
 1489      746F5665 
 1489      7273696F 
 1489      6E00
 1490              	.LASF70:
 1491 00c4 64774368 		.ascii	"dwChCtlPrioPos\000"
 1491      43746C50 
 1491      72696F50 
 1491      6F7300
 1492              	.LASF28:
 1493 00d3 70617373 		.ascii	"passBase\000"
 1493      42617365 
 1493      00
 1494              	.LASF104:
 1495 00dc 63707573 		.ascii	"cpussRam2Ctl0\000"
 1495      7352616D 
 1495      3243746C 
 1495      3000
 1496              	.LASF41:
 1497 00ea 63707573 		.ascii	"cpussIpcIrqNr\000"
 1497      73497063 
 1497      4972714E 
 1497      7200
 1498              	.LASF3:
 1499 00f8 5F5F7569 		.ascii	"__uint8_t\000"
 1499      6E74385F 
 1499      7400
 1500              	.LASF43:
 1501 0102 63707573 		.ascii	"cpussFlashPaSize\000"
 1501      73466C61 
 1501      73685061 
 1501      53697A65 
 1501      00
 1502              	.LASF92:
 1503 0113 63707573 		.ascii	"cpussCm4ClockCtlOffset\000"
 1503      73436D34 
ARM GAS  C:\Users\Ariane\AppData\Local\Temp\ccSI84Ew.s 			page 29


 1503      436C6F63 
 1503      6B43746C 
 1503      4F666673 
 1504              	.LASF128:
 1505 012a 636F756E 		.ascii	"countDirection\000"
 1505      74446972 
 1505      65637469 
 1505      6F6E00
 1506              	.LASF140:
 1507 0139 73746F70 		.ascii	"stopInputMode\000"
 1507      496E7075 
 1507      744D6F64 
 1507      6500
 1508              	.LASF21:
 1509 0147 63707573 		.ascii	"cpussBase\000"
 1509      73426173 
 1509      6500
 1510              	.LASF125:
 1511 0151 70657269 		.ascii	"period\000"
 1511      6F6400
 1512              	.LASF50:
 1513 0158 70657269 		.ascii	"periClockNr\000"
 1513      436C6F63 
 1513      6B4E7200 
 1514              	.LASF135:
 1515 0164 63617074 		.ascii	"captureInput\000"
 1515      75726549 
 1515      6E707574 
 1515      00
 1516              	.LASF12:
 1517 0171 6C6F6E67 		.ascii	"long long unsigned int\000"
 1517      206C6F6E 
 1517      6720756E 
 1517      7369676E 
 1517      65642069 
 1518              	.LASF126:
 1519 0188 636C6F63 		.ascii	"clockPrescaler\000"
 1519      6B507265 
 1519      7363616C 
 1519      657200
 1520              	.LASF74:
 1521 0197 70657269 		.ascii	"periTrCmdOffset\000"
 1521      5472436D 
 1521      644F6666 
 1521      73657400 
 1522              	.LASF98:
 1523 01a7 63707573 		.ascii	"cpussSysTickCtlOffset\000"
 1523      73537973 
 1523      5469636B 
 1523      43746C4F 
 1523      66667365 
 1524              	.LASF117:
 1525 01bd 74784275 		.ascii	"txBuf\000"
 1525      6600
 1526              	.LASF59:
 1527 01c3 666C6173 		.ascii	"flashPipeRequired\000"
 1527      68506970 
ARM GAS  C:\Users\Ariane\AppData\Local\Temp\ccSI84Ew.s 			page 30


 1527      65526571 
 1527      75697265 
 1527      6400
 1528              	.LASF63:
 1529 01d5 666C6173 		.ascii	"flashCtlMainWs0Freq\000"
 1529      6843746C 
 1529      4D61696E 
 1529      57733046 
 1529      72657100 
 1530              	.LASF15:
 1531 01e9 696E7431 		.ascii	"int16_t\000"
 1531      365F7400 
 1532              	.LASF11:
 1533 01f1 6C6F6E67 		.ascii	"long long int\000"
 1533      206C6F6E 
 1533      6720696E 
 1533      7400
 1534              	.LASF144:
 1535 01ff 63795F73 		.ascii	"cy_stc_tcpwm_counter_config_t\000"
 1535      74635F74 
 1535      6370776D 
 1535      5F636F75 
 1535      6E746572 
 1536              	.LASF123:
 1537 021d 63795F73 		.ascii	"cy_stc_scb_spi_context\000"
 1537      74635F73 
 1537      63625F73 
 1537      70695F63 
 1537      6F6E7465 
 1538              	.LASF79:
 1539 0234 70657269 		.ascii	"periDivCmdTypeSelPos\000"
 1539      44697643 
 1539      6D645479 
 1539      70655365 
 1539      6C506F73 
 1540              	.LASF96:
 1541 0249 63707573 		.ascii	"cpussTrimRamCtlOffset\000"
 1541      73547269 
 1541      6D52616D 
 1541      43746C4F 
 1541      66667365 
 1542              	.LASF37:
 1543 025f 69706356 		.ascii	"ipcVersion\000"
 1543      65727369 
 1543      6F6E00
 1544              	.LASF99:
 1545 026a 63707573 		.ascii	"cpussCm0NmiCtlOffset\000"
 1545      73436D30 
 1545      4E6D6943 
 1545      746C4F66 
 1545      66736574 
 1546              	.LASF112:
 1547 027f 63795F63 		.ascii	"cy_cb_scb_spi_handle_events_t\000"
 1547      625F7363 
 1547      625F7370 
 1547      695F6861 
 1547      6E646C65 
ARM GAS  C:\Users\Ariane\AppData\Local\Temp\ccSI84Ew.s 			page 31


 1548              	.LASF26:
 1549 029d 6873696F 		.ascii	"hsiomBase\000"
 1549      6D426173 
 1549      6500
 1550              	.LASF8:
 1551 02a7 6C6F6E67 		.ascii	"long int\000"
 1551      20696E74 
 1551      00
 1552              	.LASF57:
 1553 02b0 63727970 		.ascii	"cryptoMemSize\000"
 1553      746F4D65 
 1553      6D53697A 
 1553      6500
 1554              	.LASF23:
 1555 02be 70657269 		.ascii	"periBase\000"
 1555      42617365 
 1555      00
 1556              	.LASF55:
 1557 02c7 73797350 		.ascii	"sysPmSimoPresent\000"
 1557      6D53696D 
 1557      6F507265 
 1557      73656E74 
 1557      00
 1558              	.LASF16:
 1559 02d8 75696E74 		.ascii	"uint16_t\000"
 1559      31365F74 
 1559      00
 1560              	.LASF110:
 1561 02e1 646F7562 		.ascii	"double\000"
 1561      6C6500
 1562              	.LASF84:
 1563 02e8 70657269 		.ascii	"periDiv16_5CtlOffset\000"
 1563      44697631 
 1563      365F3543 
 1563      746C4F66 
 1563      66736574 
 1564              	.LASF48:
 1565 02fd 73727373 		.ascii	"srssNumPll\000"
 1565      4E756D50 
 1565      6C6C00
 1566              	.LASF145:
 1567 0308 62756666 		.ascii	"buffer\000"
 1567      657200
 1568              	.LASF147:
 1569 030f 44435F72 		.ascii	"DC_red\000"
 1569      656400
 1570              	.LASF134:
 1571 0316 63617074 		.ascii	"captureInputMode\000"
 1571      75726549 
 1571      6E707574 
 1571      4D6F6465 
 1571      00
 1572              	.LASF82:
 1573 0327 70657269 		.ascii	"periDiv8CtlOffset\000"
 1573      44697638 
 1573      43746C4F 
 1573      66667365 
ARM GAS  C:\Users\Ariane\AppData\Local\Temp\ccSI84Ew.s 			page 32


 1573      7400
 1574              	.LASF89:
 1575 0339 6770696F 		.ascii	"gpioPrtCfgOutOffset\000"
 1575      50727443 
 1575      66674F75 
 1575      744F6666 
 1575      73657400 
 1576              	.LASF22:
 1577 034d 666C6173 		.ascii	"flashcBase\000"
 1577      68634261 
 1577      736500
 1578              	.LASF9:
 1579 0358 5F5F7569 		.ascii	"__uint32_t\000"
 1579      6E743332 
 1579      5F7400
 1580              	.LASF52:
 1581 0363 70617373 		.ascii	"passSarChannels\000"
 1581      53617243 
 1581      68616E6E 
 1581      656C7300 
 1582              	.LASF4:
 1583 0373 5F5F696E 		.ascii	"__int16_t\000"
 1583      7431365F 
 1583      7400
 1584              	.LASF116:
 1585 037d 72784275 		.ascii	"rxBufIdx\000"
 1585      66496478 
 1585      00
 1586              	.LASF95:
 1587 0386 63707573 		.ascii	"cpussCm4PwrCtlOffset\000"
 1587      73436D34 
 1587      50777243 
 1587      746C4F66 
 1587      66736574 
 1588              	.LASF118:
 1589 039b 74784275 		.ascii	"txBufSize\000"
 1589      6653697A 
 1589      6500
 1590              	.LASF90:
 1591 03a5 6770696F 		.ascii	"gpioPrtCfgSioOffset\000"
 1591      50727443 
 1591      66675369 
 1591      6F4F6666 
 1591      73657400 
 1592              	.LASF94:
 1593 03b9 63707573 		.ascii	"cpussCm0StatusOffset\000"
 1593      73436D30 
 1593      53746174 
 1593      75734F66 
 1593      66736574 
 1594              	.LASF13:
 1595 03ce 756E7369 		.ascii	"unsigned int\000"
 1595      676E6564 
 1595      20696E74 
 1595      00
 1596              	.LASF157:
 1597 03db 61637175 		.ascii	"acquisitionSignaux\000"
ARM GAS  C:\Users\Ariane\AppData\Local\Temp\ccSI84Ew.s 			page 33


 1597      69736974 
 1597      696F6E53 
 1597      69676E61 
 1597      757800
 1598              	.LASF149:
 1599 03ee 44435F49 		.ascii	"DC_IR\000"
 1599      5200
 1600              	.LASF75:
 1601 03f4 70657269 		.ascii	"periTrCmdGrSelMsk\000"
 1601      5472436D 
 1601      64477253 
 1601      656C4D73 
 1601      6B00
 1602              	.LASF10:
 1603 0406 6C6F6E67 		.ascii	"long unsigned int\000"
 1603      20756E73 
 1603      69676E65 
 1603      6420696E 
 1603      7400
 1604              	.LASF40:
 1605 0418 63707573 		.ascii	"cpussIpcNr\000"
 1605      73497063 
 1605      4E7200
 1606              	.LASF42:
 1607 0423 63707573 		.ascii	"cpussDwChNr\000"
 1607      73447743 
 1607      684E7200 
 1608              	.LASF65:
 1609 042f 666C6173 		.ascii	"flashCtlMainWs2Freq\000"
 1609      6843746C 
 1609      4D61696E 
 1609      57733246 
 1609      72657100 
 1610              	.LASF76:
 1611 0443 70657269 		.ascii	"periTrGrOffset\000"
 1611      54724772 
 1611      4F666673 
 1611      657400
 1612              	.LASF103:
 1613 0452 63707573 		.ascii	"cpussRam1Ctl0\000"
 1613      7352616D 
 1613      3143746C 
 1613      3000
 1614              	.LASF120:
 1615 0460 63624576 		.ascii	"cbEvents\000"
 1615      656E7473 
 1615      00
 1616              	.LASF87:
 1617 0469 6770696F 		.ascii	"gpioPrtCfgOffset\000"
 1617      50727443 
 1617      66674F66 
 1617      66736574 
 1617      00
 1618              	.LASF35:
 1619 047a 6770696F 		.ascii	"gpioVersion\000"
 1619      56657273 
 1619      696F6E00 
ARM GAS  C:\Users\Ariane\AppData\Local\Temp\ccSI84Ew.s 			page 34


 1620              	.LASF107:
 1621 0486 63795F73 		.ascii	"cy_stc_device_t\000"
 1621      74635F64 
 1621      65766963 
 1621      655F7400 
 1622              	.LASF122:
 1623 0496 63795F73 		.ascii	"cy_stc_scb_spi_context_t\000"
 1623      74635F73 
 1623      63625F73 
 1623      70695F63 
 1623      6F6E7465 
 1624              	.LASF0:
 1625 04af 73686F72 		.ascii	"short int\000"
 1625      7420696E 
 1625      7400
 1626              	.LASF25:
 1627 04b9 70726F74 		.ascii	"protBase\000"
 1627      42617365 
 1627      00
 1628              	.LASF142:
 1629 04c2 636F756E 		.ascii	"countInputMode\000"
 1629      74496E70 
 1629      75744D6F 
 1629      646500
 1630              	.LASF91:
 1631 04d1 63707573 		.ascii	"cpussCm0ClockCtlOffset\000"
 1631      73436D30 
 1631      436C6F63 
 1631      6B43746C 
 1631      4F666673 
 1632              	.LASF30:
 1633 04e8 63727970 		.ascii	"cryptoBase\000"
 1633      746F4261 
 1633      736500
 1634              	.LASF38:
 1635 04f3 70657269 		.ascii	"periVersion\000"
 1635      56657273 
 1635      696F6E00 
 1636              	.LASF124:
 1637 04ff 63795F73 		.ascii	"cy_stc_tcpwm_counter_config\000"
 1637      74635F74 
 1637      6370776D 
 1637      5F636F75 
 1637      6E746572 
 1638              	.LASF19:
 1639 051b 73697A65 		.ascii	"sizetype\000"
 1639      74797065 
 1639      00
 1640              	.LASF68:
 1641 0524 64774368 		.ascii	"dwChOffset\000"
 1641      4F666673 
 1641      657400
 1642              	.LASF148:
 1643 052f 41435F49 		.ascii	"AC_IR\000"
 1643      5200
 1644              	.LASF20:
 1645 0535 6C6F6E67 		.ascii	"long double\000"
ARM GAS  C:\Users\Ariane\AppData\Local\Temp\ccSI84Ew.s 			page 35


 1645      20646F75 
 1645      626C6500 
 1646              	.LASF81:
 1647 0541 70657269 		.ascii	"periDivCmdPaTypeSelPos\000"
 1647      44697643 
 1647      6D645061 
 1647      54797065 
 1647      53656C50 
 1648              	.LASF53:
 1649 0558 65704D6F 		.ascii	"epMonitorNr\000"
 1649      6E69746F 
 1649      724E7200 
 1650              	.LASF39:
 1651 0564 70726F74 		.ascii	"protVersion\000"
 1651      56657273 
 1651      696F6E00 
 1652              	.LASF72:
 1653 0570 64775374 		.ascii	"dwStatusChIdxPos\000"
 1653      61747573 
 1653      43684964 
 1653      78506F73 
 1653      00
 1654              	.LASF54:
 1655 0581 75646250 		.ascii	"udbPresent\000"
 1655      72657365 
 1655      6E7400
 1656              	.LASF34:
 1657 058c 666C6173 		.ascii	"flashcVersion\000"
 1657      68635665 
 1657      7273696F 
 1657      6E00
 1658              	.LASF51:
 1659 059a 736D6966 		.ascii	"smifDeviceNr\000"
 1659      44657669 
 1659      63654E72 
 1659      00
 1660              	.LASF154:
 1661 05a7 474E5520 		.ascii	"GNU C11 5.4.1 20160609 (release) [ARM/embedded-5-br"
 1661      43313120 
 1661      352E342E 
 1661      31203230 
 1661      31363036 
 1662 05da 616E6368 		.ascii	"anch revision 237715] -mcpu=cortex-m4 -mfloat-abi=s"
 1662      20726576 
 1662      6973696F 
 1662      6E203233 
 1662      37373135 
 1663 060d 6F667466 		.ascii	"oftfp -mfpu=fpv4-sp-d16 -mthumb -g -Og -ffunction-s"
 1663      70202D6D 
 1663      6670753D 
 1663      66707634 
 1663      2D73702D 
 1664 0640 65637469 		.ascii	"ections -ffat-lto-objects\000"
 1664      6F6E7320 
 1664      2D666661 
 1664      742D6C74 
 1664      6F2D6F62 
ARM GAS  C:\Users\Ariane\AppData\Local\Temp\ccSI84Ew.s 			page 36


 1665              	.LASF146:
 1666 065a 41435F72 		.ascii	"AC_red\000"
 1666      656400
 1667              	.LASF109:
 1668 0661 666C6F61 		.ascii	"float\000"
 1668      7400
 1669              	.LASF73:
 1670 0667 64775374 		.ascii	"dwStatusChIdxMsk\000"
 1670      61747573 
 1670      43684964 
 1670      784D736B 
 1670      00
 1671              	.LASF151:
 1672 0678 63795F64 		.ascii	"cy_device\000"
 1672      65766963 
 1672      6500
 1673              	.LASF101:
 1674 0682 63707573 		.ascii	"cpussRomCtl\000"
 1674      73526F6D 
 1674      43746C00 
 1675              	.LASF71:
 1676 068e 64774368 		.ascii	"dwChCtlPreemptablePos\000"
 1676      43746C50 
 1676      7265656D 
 1676      70746162 
 1676      6C65506F 
 1677              	.LASF24:
 1678 06a4 75646242 		.ascii	"udbBase\000"
 1678      61736500 
 1679              	.LASF138:
 1680 06ac 73746172 		.ascii	"startInputMode\000"
 1680      74496E70 
 1680      75744D6F 
 1680      646500
 1681              	.LASF17:
 1682 06bb 696E7433 		.ascii	"int32_t\000"
 1682      325F7400 
 1683              	.LASF2:
 1684 06c3 756E7369 		.ascii	"unsigned char\000"
 1684      676E6564 
 1684      20636861 
 1684      7200
 1685              	.LASF67:
 1686 06d1 666C6173 		.ascii	"flashCtlMainWs4Freq\000"
 1686      6843746C 
 1686      4D61696E 
 1686      57733446 
 1686      72657100 
 1687              	.LASF150:
 1688 06e5 49544D5F 		.ascii	"ITM_RxBuffer\000"
 1688      52784275 
 1688      66666572 
 1688      00
 1689              	.LASF85:
 1690 06f2 70657269 		.ascii	"periDiv24_5CtlOffset\000"
 1690      44697632 
 1690      345F3543 
ARM GAS  C:\Users\Ariane\AppData\Local\Temp\ccSI84Ew.s 			page 37


 1690      746C4F66 
 1690      66736574 
 1691              	.LASF132:
 1692 0707 656E6162 		.ascii	"enableCompareSwap\000"
 1692      6C65436F 
 1692      6D706172 
 1692      65537761 
 1692      7000
 1693              	.LASF102:
 1694 0719 63707573 		.ascii	"cpussRam0Ctl0\000"
 1694      7352616D 
 1694      3043746C 
 1694      3000
 1695              	.LASF160:
 1696 0727 63616C63 		.ascii	"calculSaturation\000"
 1696      756C5361 
 1696      74757261 
 1696      74696F6E 
 1696      00
 1697              	.LASF113:
 1698 0738 73746174 		.ascii	"status\000"
 1698      757300
 1699              	.LASF78:
 1700 073f 70657269 		.ascii	"periDivCmdDivSelMsk\000"
 1700      44697643 
 1700      6D644469 
 1700      7653656C 
 1700      4D736B00 
 1701              	.LASF129:
 1702 0753 636F6D70 		.ascii	"compareOrCapture\000"
 1702      6172654F 
 1702      72436170 
 1702      74757265 
 1702      00
 1703              	.LASF49:
 1704 0764 73727373 		.ascii	"srssNumHfroot\000"
 1704      4E756D48 
 1704      66726F6F 
 1704      7400
 1705              	.LASF62:
 1706 0772 666C6173 		.ascii	"flashEraseDelay\000"
 1706      68457261 
 1706      73654465 
 1706      6C617900 
 1707              	.LASF45:
 1708 0782 63707573 		.ascii	"cpussFmIrq\000"
 1708      73466D49 
 1708      727100
 1709              	.LASF77:
 1710 078d 70657269 		.ascii	"periTrGrSize\000"
 1710      54724772 
 1710      53697A65 
 1710      00
 1711              	.LASF100:
 1712 079a 63707573 		.ascii	"cpussCm4NmiCtlOffset\000"
 1712      73436D34 
 1712      4E6D6943 
ARM GAS  C:\Users\Ariane\AppData\Local\Temp\ccSI84Ew.s 			page 38


 1712      746C4F66 
 1712      66736574 
 1713              	.LASF130:
 1714 07af 636F6D70 		.ascii	"compare0\000"
 1714      61726530 
 1714      00
 1715              	.LASF131:
 1716 07b8 636F6D70 		.ascii	"compare1\000"
 1716      61726531 
 1716      00
 1717              	.LASF143:
 1718 07c1 636F756E 		.ascii	"countInput\000"
 1718      74496E70 
 1718      757400
 1719              	.LASF108:
 1720 07cc 63686172 		.ascii	"char\000"
 1720      00
 1721              	.LASF64:
 1722 07d1 666C6173 		.ascii	"flashCtlMainWs1Freq\000"
 1722      6843746C 
 1722      4D61696E 
 1722      57733146 
 1722      72657100 
 1723              	.LASF5:
 1724 07e5 5F5F7569 		.ascii	"__uint16_t\000"
 1724      6E743136 
 1724      5F7400
 1725              	.LASF83:
 1726 07f0 70657269 		.ascii	"periDiv16CtlOffset\000"
 1726      44697631 
 1726      3643746C 
 1726      4F666673 
 1726      657400
 1727              	.LASF7:
 1728 0803 5F5F696E 		.ascii	"__int32_t\000"
 1728      7433325F 
 1728      7400
 1729              	.LASF33:
 1730 080d 64775665 		.ascii	"dwVersion\000"
 1730      7273696F 
 1730      6E00
 1731              	.LASF36:
 1732 0817 6873696F 		.ascii	"hsiomVersion\000"
 1732      6D566572 
 1732      73696F6E 
 1732      00
 1733              	.LASF155:
 1734 0824 74726169 		.ascii	"traitement.c\000"
 1734      74656D65 
 1734      6E742E63 
 1734      00
 1735              	.LASF133:
 1736 0831 696E7465 		.ascii	"interruptSources\000"
 1736      72727570 
 1736      74536F75 
 1736      72636573 
 1736      00
ARM GAS  C:\Users\Ariane\AppData\Local\Temp\ccSI84Ew.s 			page 39


 1737              	.LASF137:
 1738 0842 72656C6F 		.ascii	"reloadInput\000"
 1738      6164496E 
 1738      70757400 
 1739              	.LASF6:
 1740 084e 73686F72 		.ascii	"short unsigned int\000"
 1740      7420756E 
 1740      7369676E 
 1740      65642069 
 1740      6E7400
 1741              	.LASF69:
 1742 0861 64774368 		.ascii	"dwChSize\000"
 1742      53697A65 
 1742      00
 1743              	.LASF141:
 1744 086a 73746F70 		.ascii	"stopInput\000"
 1744      496E7075 
 1744      7400
 1745              	.LASF105:
 1746 0874 69706353 		.ascii	"ipcStructSize\000"
 1746      74727563 
 1746      7453697A 
 1746      6500
 1747              	.LASF44:
 1748 0882 63707573 		.ascii	"cpussIpc0Irq\000"
 1748      73497063 
 1748      30497271 
 1748      00
 1749              	.LASF159:
 1750 088f 63616C63 		.ascii	"calculFrequenceCardiaque\000"
 1750      756C4672 
 1750      65717565 
 1750      6E636543 
 1750      61726469 
 1751              	.LASF27:
 1752 08a8 6770696F 		.ascii	"gpioBase\000"
 1752      42617365 
 1752      00
 1753              	.LASF121:
 1754 08b1 696E6974 		.ascii	"initKey\000"
 1754      4B657900 
 1755              	.LASF114:
 1756 08b9 72784275 		.ascii	"rxBuf\000"
 1756      6600
 1757              	.LASF18:
 1758 08bf 75696E74 		.ascii	"uint32_t\000"
 1758      33325F74 
 1758      00
 1759              	.LASF111:
 1760 08c8 5F426F6F 		.ascii	"_Bool\000"
 1760      6C00
 1761              	.LASF152:
 1762 08ce 43595F45 		.ascii	"CY_EINK_SPIM_context\000"
 1762      494E4B5F 
 1762      5350494D 
 1762      5F636F6E 
 1762      74657874 
ARM GAS  C:\Users\Ariane\AppData\Local\Temp\ccSI84Ew.s 			page 40


 1763              	.LASF46:
 1764 08e3 63707573 		.ascii	"cpussNotConnectedIrq\000"
 1764      734E6F74 
 1764      436F6E6E 
 1764      65637465 
 1764      64497271 
 1765              	.LASF60:
 1766 08f8 666C6173 		.ascii	"flashWriteDelay\000"
 1766      68577269 
 1766      74654465 
 1766      6C617900 
 1767              	.LASF14:
 1768 0908 75696E74 		.ascii	"uint8_t\000"
 1768      385F7400 
 1769              	.LASF153:
 1770 0910 43595F45 		.ascii	"CY_EINK_Timer_config\000"
 1770      494E4B5F 
 1770      54696D65 
 1770      725F636F 
 1770      6E666967 
 1771              	.LASF93:
 1772 0925 63707573 		.ascii	"cpussCm4StatusOffset\000"
 1772      73436D34 
 1772      53746174 
 1772      75734F66 
 1772      66736574 
 1773              	.LASF86:
 1774 093a 6770696F 		.ascii	"gpioPrtIntrCfgOffset\000"
 1774      50727449 
 1774      6E747243 
 1774      66674F66 
 1774      66736574 
 1775              	.LASF136:
 1776 094f 72656C6F 		.ascii	"reloadInputMode\000"
 1776      6164496E 
 1776      7075744D 
 1776      6F646500 
 1777              	.LASF97:
 1778 095f 63707573 		.ascii	"cpussTrimRomCtlOffset\000"
 1778      73547269 
 1778      6D526F6D 
 1778      43746C4F 
 1778      66667365 
 1779              	.LASF47:
 1780 0975 73727373 		.ascii	"srssNumClkpath\000"
 1780      4E756D43 
 1780      6C6B7061 
 1780      746800
 1781              	.LASF1:
 1782 0984 7369676E 		.ascii	"signed char\000"
 1782      65642063 
 1782      68617200 
 1783              	.LASF29:
 1784 0990 69706342 		.ascii	"ipcBase\000"
 1784      61736500 
 1785              	.LASF158:
 1786 0998 74726169 		.ascii	"traitementSignal\000"
ARM GAS  C:\Users\Ariane\AppData\Local\Temp\ccSI84Ew.s 			page 41


 1786      74656D65 
 1786      6E745369 
 1786      676E616C 
 1786      00
 1787              	.LASF80:
 1788 09a9 70657269 		.ascii	"periDivCmdPaDivSelPos\000"
 1788      44697643 
 1788      6D645061 
 1788      44697653 
 1788      656C506F 
 1789              	.LASF61:
 1790 09bf 666C6173 		.ascii	"flashProgramDelay\000"
 1790      6850726F 
 1790      6772616D 
 1790      44656C61 
 1790      7900
 1791              	.LASF31:
 1792 09d1 63707573 		.ascii	"cpussVersion\000"
 1792      73566572 
 1792      73696F6E 
 1792      00
 1793              	.LASF58:
 1794 09de 666C6173 		.ascii	"flashRwwRequired\000"
 1794      68527777 
 1794      52657175 
 1794      69726564 
 1794      00
 1795              	.LASF119:
 1796 09ef 74784275 		.ascii	"txBufIdx\000"
 1796      66496478 
 1796      00
 1797              	.LASF139:
 1798 09f8 73746172 		.ascii	"startInput\000"
 1798      74496E70 
 1798      757400
 1799              		.ident	"GCC: (GNU Tools for ARM Embedded Processors) 5.4.1 20160609 (release) [ARM/embedded-5-bran
