ARM GAS  C:\Users\Ariane\AppData\Local\Temp\ccYO01Di.s 			page 1


   1              		.syntax unified
   2              		.cpu cortex-m0plus
   3              		.fpu softvfp
   4              		.eabi_attribute 20, 1
   5              		.eabi_attribute 21, 1
   6              		.eabi_attribute 23, 3
   7              		.eabi_attribute 24, 1
   8              		.eabi_attribute 25, 1
   9              		.eabi_attribute 26, 1
  10              		.eabi_attribute 30, 1
  11              		.eabi_attribute 34, 0
  12              		.eabi_attribute 18, 4
  13              		.thumb
  14              		.syntax unified
  15              		.file	"main_cm0p.c"
  16              		.text
  17              	.Ltext0:
  18              		.cfi_sections	.debug_frame
  19              		.section	.text.main,"ax",%progbits
  20              		.align	2
  21              		.global	main
  22              		.code	16
  23              		.thumb_func
  24              		.type	main, %function
  25              	main:
  26              	.LFB567:
  27              		.file 1 "main_cm0p.c"
   1:main_cm0p.c   **** /******************************************************************************
   2:main_cm0p.c   **** * File Name: main_cm0p.c
   3:main_cm0p.c   **** *
   4:main_cm0p.c   **** * Version: 1.10
   5:main_cm0p.c   **** *
   6:main_cm0p.c   **** * Description: This file main application code for the CE223727 EmWin Graphics
   7:main_cm0p.c   **** *				library EInk Display, for the CM0+ processor.  The only action
   8:main_cm0p.c   **** *				this file performs is to start the CM4 processor.
   9:main_cm0p.c   **** *
  10:main_cm0p.c   **** * Hardware Dependency: CY8CKIT-028-EPD E-Ink Display Shield
  11:main_cm0p.c   **** *					   CY8CKIT-062-BLE PSoC6 BLE Pioneer Kit
  12:main_cm0p.c   **** *
  13:main_cm0p.c   **** *******************************************************************************
  14:main_cm0p.c   **** * Copyright (2018), Cypress Semiconductor Corporation. All rights reserved.
  15:main_cm0p.c   **** *******************************************************************************
  16:main_cm0p.c   **** * This software, including source code, documentation and related materials
  17:main_cm0p.c   **** * (“Software”), is owned by Cypress Semiconductor Corporation or one of its
  18:main_cm0p.c   **** * subsidiaries (“Cypress”) and is protected by and subject to worldwide patent
  19:main_cm0p.c   **** * protection (United States and foreign), United States copyright laws and
  20:main_cm0p.c   **** * international treaty provisions. Therefore, you may use this Software only
  21:main_cm0p.c   **** * as provided in the license agreement accompanying the software package from
  22:main_cm0p.c   **** * which you obtained this Software (“EULA”).
  23:main_cm0p.c   **** *
  24:main_cm0p.c   **** * If no EULA applies, Cypress hereby grants you a personal, nonexclusive,
  25:main_cm0p.c   **** * non-transferable license to copy, modify, and compile the Software source
  26:main_cm0p.c   **** * code solely for use in connection with Cypress’s integrated circuit products.
  27:main_cm0p.c   **** * Any reproduction, modification, translation, compilation, or representation
  28:main_cm0p.c   **** * of this Software except as specified above is prohibited without the express
  29:main_cm0p.c   **** * written permission of Cypress.
  30:main_cm0p.c   **** *
ARM GAS  C:\Users\Ariane\AppData\Local\Temp\ccYO01Di.s 			page 2


  31:main_cm0p.c   **** * Disclaimer: THIS SOFTWARE IS PROVIDED AS-IS, WITH NO WARRANTY OF ANY KIND, 
  32:main_cm0p.c   **** * EXPRESS OR IMPLIED, INCLUDING, BUT NOT LIMITED TO, NONINFRINGEMENT, IMPLIED 
  33:main_cm0p.c   **** * WARRANTIES OF MERCHANTABILITY AND FITNESS FOR A PARTICULAR PURPOSE. Cypress 
  34:main_cm0p.c   **** * reserves the right to make changes to the Software without notice. Cypress 
  35:main_cm0p.c   **** * does not assume any liability arising out of the application or use of the 
  36:main_cm0p.c   **** * Software or any product or circuit described in the Software. Cypress does 
  37:main_cm0p.c   **** * not authorize its products for use in any products where a malfunction or 
  38:main_cm0p.c   **** * failure of the Cypress product may reasonably be expected to result in 
  39:main_cm0p.c   **** * significant property damage, injury or death (“High Risk Product”). By 
  40:main_cm0p.c   **** * including Cypress’s product in a High Risk Product, the manufacturer of such 
  41:main_cm0p.c   **** * system or application assumes all risk of such use and in doing so agrees to 
  42:main_cm0p.c   **** * indemnify Cypress against all liability.
  43:main_cm0p.c   **** *******************************************************************************/
  44:main_cm0p.c   **** #include "project.h"
  45:main_cm0p.c   **** 
  46:main_cm0p.c   **** int main(void)
  47:main_cm0p.c   **** {
  28              		.loc 1 47 0
  29              		.cfi_startproc
  30              		@ Volatile: function does not return.
  31              		@ args = 0, pretend = 0, frame = 0
  32              		@ frame_needed = 0, uses_anonymous_args = 0
  33 0000 10B5     		push	{r4, lr}
  34              		.cfi_def_cfa_offset 8
  35              		.cfi_offset 4, -8
  36              		.cfi_offset 14, -4
  48:main_cm0p.c   ****     /*__enable_irq(); */ /* Enable global interrupts. */
  49:main_cm0p.c   ****     
  50:main_cm0p.c   **** 	/* Enable CM4.  CY_CORTEX_M4_APPL_ADDR must be updated if CM4 memory layout is changed. */
  51:main_cm0p.c   ****     Cy_SysEnableCM4(CY_CORTEX_M4_APPL_ADDR); 
  37              		.loc 1 51 0
  38 0002 0348     		ldr	r0, .L3
  39 0004 FFF7FEFF 		bl	Cy_SysEnableCM4
  40              	.LVL0:
  41              	.L2:
  52:main_cm0p.c   **** 
  53:main_cm0p.c   ****     /* Place your initialization/startup code here (e.g. MyInst_Start()) */
  54:main_cm0p.c   **** 
  55:main_cm0p.c   ****     for(;;)
  56:main_cm0p.c   ****     {
  57:main_cm0p.c   ****         /* Place your application code here. */
  58:main_cm0p.c   **** 		Cy_SysPm_DeepSleep(CY_SYSPM_WAIT_FOR_INTERRUPT);
  42              		.loc 1 58 0 discriminator 1
  43 0008 0020     		movs	r0, #0
  44 000a FFF7FEFF 		bl	Cy_SysPm_CpuEnterDeepSleep
  45              	.LVL1:
  46 000e FBE7     		b	.L2
  47              	.L4:
  48              		.align	2
  49              	.L3:
  50 0010 00000810 		.word	268959744
  51              		.cfi_endproc
  52              	.LFE567:
  53              		.size	main, .-main
  54              		.text
  55              	.Letext0:
  56              		.file 2 "c:\\program files (x86)\\cypress\\psoc creator\\4.4\\psoc creator\\import\\gnu\\arm\\5.4.
ARM GAS  C:\Users\Ariane\AppData\Local\Temp\ccYO01Di.s 			page 3


  57              		.file 3 "c:\\program files (x86)\\cypress\\psoc creator\\4.4\\psoc creator\\import\\gnu\\arm\\5.4.
  58              		.file 4 "Generated_Source\\PSoC6\\pdl\\drivers/peripheral/device/cy_device.h"
  59              		.file 5 "Generated_Source\\PSoC6\\pdl\\drivers/peripheral/syspm/cy_syspm.h"
  60              		.file 6 "Generated_Source\\PSoC6\\pdl\\drivers/peripheral/scb/cy_scb_i2c.h"
  61              		.file 7 "Generated_Source\\PSoC6\\pdl\\drivers/peripheral/scb/cy_scb_spi.h"
  62              		.file 8 "Generated_Source\\PSoC6\\pdl\\drivers/peripheral/scb/cy_scb_uart.h"
  63              		.file 9 "Generated_Source\\PSoC6\\pdl\\drivers/peripheral/tcpwm/cy_tcpwm_counter.h"
  64              		.file 10 "Generated_Source\\PSoC6/CY_EINK_SPIM.h"
  65              		.file 11 "Generated_Source\\PSoC6/CY_EINK_Timer.h"
  66              		.file 12 "Generated_Source\\PSoC6/UART.h"
  67              		.file 13 "Generated_Source\\PSoC6/MAX_I2C.h"
  68              		.file 14 "Generated_Source\\PSoC6/BMI_I2C.h"
  69              		.file 15 "./system_psoc6.h"
  70              		.section	.debug_info,"",%progbits
  71              	.Ldebug_info0:
  72 0000 DE090000 		.4byte	0x9de
  73 0004 0400     		.2byte	0x4
  74 0006 00000000 		.4byte	.Ldebug_abbrev0
  75 000a 04       		.byte	0x4
  76 000b 01       		.uleb128 0x1
  77 000c AD080000 		.4byte	.LASF190
  78 0010 0C       		.byte	0xc
  79 0011 DC000000 		.4byte	.LASF191
  80 0015 5F000000 		.4byte	.LASF192
  81 0019 00000000 		.4byte	.Ldebug_ranges0+0
  82 001d 00000000 		.4byte	0
  83 0021 00000000 		.4byte	.Ldebug_line0
  84 0025 02       		.uleb128 0x2
  85 0026 02       		.byte	0x2
  86 0027 05       		.byte	0x5
  87 0028 D4070000 		.4byte	.LASF0
  88 002c 02       		.uleb128 0x2
  89 002d 01       		.byte	0x1
  90 002e 08       		.byte	0x8
  91 002f B2070000 		.4byte	.LASF1
  92 0033 02       		.uleb128 0x2
  93 0034 01       		.byte	0x1
  94 0035 06       		.byte	0x6
  95 0036 7B090000 		.4byte	.LASF2
  96 003a 03       		.uleb128 0x3
  97 003b F6000000 		.4byte	.LASF3
  98 003f 02       		.byte	0x2
  99 0040 1D       		.byte	0x1d
 100 0041 2C000000 		.4byte	0x2c
 101 0045 03       		.uleb128 0x3
 102 0046 43040000 		.4byte	.LASF4
 103 004a 02       		.byte	0x2
 104 004b 29       		.byte	0x29
 105 004c 25000000 		.4byte	0x25
 106 0050 03       		.uleb128 0x3
 107 0051 87090000 		.4byte	.LASF5
 108 0055 02       		.byte	0x2
 109 0056 2B       		.byte	0x2b
 110 0057 5B000000 		.4byte	0x5b
 111 005b 02       		.uleb128 0x2
 112 005c 02       		.byte	0x2
 113 005d 07       		.byte	0x7
ARM GAS  C:\Users\Ariane\AppData\Local\Temp\ccYO01Di.s 			page 4


 114 005e 180A0000 		.4byte	.LASF6
 115 0062 02       		.uleb128 0x2
 116 0063 04       		.byte	0x4
 117 0064 05       		.byte	0x5
 118 0065 3C030000 		.4byte	.LASF7
 119 0069 03       		.uleb128 0x3
 120 006a 0D040000 		.4byte	.LASF8
 121 006e 02       		.byte	0x2
 122 006f 41       		.byte	0x41
 123 0070 74000000 		.4byte	0x74
 124 0074 02       		.uleb128 0x2
 125 0075 04       		.byte	0x4
 126 0076 07       		.byte	0x7
 127 0077 03050000 		.4byte	.LASF9
 128 007b 02       		.uleb128 0x2
 129 007c 08       		.byte	0x8
 130 007d 05       		.byte	0x5
 131 007e 3E020000 		.4byte	.LASF10
 132 0082 02       		.uleb128 0x2
 133 0083 08       		.byte	0x8
 134 0084 07       		.byte	0x7
 135 0085 7F010000 		.4byte	.LASF11
 136 0089 04       		.uleb128 0x4
 137 008a 04       		.byte	0x4
 138 008b 05       		.byte	0x5
 139 008c 696E7400 		.ascii	"int\000"
 140 0090 02       		.uleb128 0x2
 141 0091 04       		.byte	0x4
 142 0092 07       		.byte	0x7
 143 0093 A6040000 		.4byte	.LASF12
 144 0097 03       		.uleb128 0x3
 145 0098 5A0B0000 		.4byte	.LASF13
 146 009c 03       		.byte	0x3
 147 009d 18       		.byte	0x18
 148 009e 3A000000 		.4byte	0x3a
 149 00a2 03       		.uleb128 0x3
 150 00a3 36020000 		.4byte	.LASF14
 151 00a7 03       		.byte	0x3
 152 00a8 20       		.byte	0x20
 153 00a9 45000000 		.4byte	0x45
 154 00ad 03       		.uleb128 0x3
 155 00ae C4040000 		.4byte	.LASF15
 156 00b2 03       		.byte	0x3
 157 00b3 24       		.byte	0x24
 158 00b4 50000000 		.4byte	0x50
 159 00b8 03       		.uleb128 0x3
 160 00b9 8B080000 		.4byte	.LASF16
 161 00bd 03       		.byte	0x3
 162 00be 30       		.byte	0x30
 163 00bf 69000000 		.4byte	0x69
 164 00c3 02       		.uleb128 0x2
 165 00c4 04       		.byte	0x4
 166 00c5 07       		.byte	0x7
 167 00c6 85060000 		.4byte	.LASF17
 168 00ca 05       		.uleb128 0x5
 169 00cb B8000000 		.4byte	0xb8
 170 00cf 02       		.uleb128 0x2
ARM GAS  C:\Users\Ariane\AppData\Local\Temp\ccYO01Di.s 			page 5


 171 00d0 08       		.byte	0x8
 172 00d1 04       		.byte	0x4
 173 00d2 45090000 		.4byte	.LASF18
 174 00d6 06       		.uleb128 0x6
 175 00d7 B8       		.byte	0xb8
 176 00d8 04       		.byte	0x4
 177 00d9 34       		.byte	0x34
 178 00da E7040000 		.4byte	0x4e7
 179 00de 07       		.uleb128 0x7
 180 00df 55010000 		.4byte	.LASF19
 181 00e3 04       		.byte	0x4
 182 00e4 37       		.byte	0x37
 183 00e5 B8000000 		.4byte	0xb8
 184 00e9 00       		.byte	0
 185 00ea 07       		.uleb128 0x7
 186 00eb 02040000 		.4byte	.LASF20
 187 00ef 04       		.byte	0x4
 188 00f0 38       		.byte	0x38
 189 00f1 B8000000 		.4byte	0xb8
 190 00f5 04       		.byte	0x4
 191 00f6 07       		.uleb128 0x7
 192 00f7 6E030000 		.4byte	.LASF21
 193 00fb 04       		.byte	0x4
 194 00fc 39       		.byte	0x39
 195 00fd B8000000 		.4byte	0xb8
 196 0101 08       		.byte	0x8
 197 0102 07       		.uleb128 0x7
 198 0103 8C070000 		.4byte	.LASF22
 199 0107 04       		.byte	0x4
 200 0108 3A       		.byte	0x3a
 201 0109 B8000000 		.4byte	0xb8
 202 010d 0C       		.byte	0xc
 203 010e 07       		.uleb128 0x7
 204 010f 96020000 		.4byte	.LASF23
 205 0113 04       		.byte	0x4
 206 0114 3B       		.byte	0x3b
 207 0115 B8000000 		.4byte	0xb8
 208 0119 10       		.byte	0x10
 209 011a 07       		.uleb128 0x7
 210 011b FE020000 		.4byte	.LASF24
 211 011f 04       		.byte	0x4
 212 0120 3C       		.byte	0x3c
 213 0121 B8000000 		.4byte	0xb8
 214 0125 14       		.byte	0x14
 215 0126 07       		.uleb128 0x7
 216 0127 5E050000 		.4byte	.LASF25
 217 012b 04       		.byte	0x4
 218 012c 3D       		.byte	0x3d
 219 012d B8000000 		.4byte	0xb8
 220 0131 18       		.byte	0x18
 221 0132 07       		.uleb128 0x7
 222 0133 D3000000 		.4byte	.LASF26
 223 0137 04       		.byte	0x4
 224 0138 3E       		.byte	0x3e
 225 0139 B8000000 		.4byte	0xb8
 226 013d 1C       		.byte	0x1c
 227 013e 07       		.uleb128 0x7
ARM GAS  C:\Users\Ariane\AppData\Local\Temp\ccYO01Di.s 			page 6


 228 013f EE0B0000 		.4byte	.LASF27
 229 0143 04       		.byte	0x4
 230 0144 3F       		.byte	0x3f
 231 0145 B8000000 		.4byte	0xb8
 232 0149 20       		.byte	0x20
 233 014a 07       		.uleb128 0x7
 234 014b 12070000 		.4byte	.LASF28
 235 014f 04       		.byte	0x4
 236 0150 40       		.byte	0x40
 237 0151 B8000000 		.4byte	0xb8
 238 0155 24       		.byte	0x24
 239 0156 07       		.uleb128 0x7
 240 0157 3B060000 		.4byte	.LASF29
 241 015b 04       		.byte	0x4
 242 015c 43       		.byte	0x43
 243 015d 97000000 		.4byte	0x97
 244 0161 28       		.byte	0x28
 245 0162 07       		.uleb128 0x7
 246 0163 B6000000 		.4byte	.LASF30
 247 0167 04       		.byte	0x4
 248 0168 44       		.byte	0x44
 249 0169 97000000 		.4byte	0x97
 250 016d 29       		.byte	0x29
 251 016e 07       		.uleb128 0x7
 252 016f E40B0000 		.4byte	.LASF31
 253 0173 04       		.byte	0x4
 254 0174 45       		.byte	0x45
 255 0175 97000000 		.4byte	0x97
 256 0179 2A       		.byte	0x2a
 257 017a 07       		.uleb128 0x7
 258 017b 04070000 		.4byte	.LASF32
 259 017f 04       		.byte	0x4
 260 0180 46       		.byte	0x46
 261 0181 97000000 		.4byte	0x97
 262 0185 2B       		.byte	0x2b
 263 0186 07       		.uleb128 0x7
 264 0187 BD050000 		.4byte	.LASF33
 265 018b 04       		.byte	0x4
 266 018c 47       		.byte	0x47
 267 018d 97000000 		.4byte	0x97
 268 0191 2C       		.byte	0x2c
 269 0192 07       		.uleb128 0x7
 270 0193 CA090000 		.4byte	.LASF34
 271 0197 04       		.byte	0x4
 272 0198 48       		.byte	0x48
 273 0199 97000000 		.4byte	0x97
 274 019d 2D       		.byte	0x2d
 275 019e 07       		.uleb128 0x7
 276 019f 9F020000 		.4byte	.LASF35
 277 01a3 04       		.byte	0x4
 278 01a4 49       		.byte	0x49
 279 01a5 97000000 		.4byte	0x97
 280 01a9 2E       		.byte	0x2e
 281 01aa 07       		.uleb128 0x7
 282 01ab 48060000 		.4byte	.LASF36
 283 01af 04       		.byte	0x4
 284 01b0 4A       		.byte	0x4a
ARM GAS  C:\Users\Ariane\AppData\Local\Temp\ccYO01Di.s 			page 7


 285 01b1 97000000 		.4byte	0x97
 286 01b5 2F       		.byte	0x2f
 287 01b6 07       		.uleb128 0x7
 288 01b7 61090000 		.4byte	.LASF37
 289 01bb 04       		.byte	0x4
 290 01bc 4B       		.byte	0x4b
 291 01bd 97000000 		.4byte	0x97
 292 01c1 30       		.byte	0x30
 293 01c2 07       		.uleb128 0x7
 294 01c3 53050000 		.4byte	.LASF38
 295 01c7 04       		.byte	0x4
 296 01c8 4E       		.byte	0x4e
 297 01c9 97000000 		.4byte	0x97
 298 01cd 31       		.byte	0x31
 299 01ce 07       		.uleb128 0x7
 300 01cf E8000000 		.4byte	.LASF39
 301 01d3 04       		.byte	0x4
 302 01d4 4F       		.byte	0x4f
 303 01d5 97000000 		.4byte	0x97
 304 01d9 32       		.byte	0x32
 305 01da 07       		.uleb128 0x7
 306 01db 9A040000 		.4byte	.LASF40
 307 01df 04       		.byte	0x4
 308 01e0 50       		.byte	0x50
 309 01e1 97000000 		.4byte	0x97
 310 01e5 33       		.byte	0x33
 311 01e6 07       		.uleb128 0x7
 312 01e7 A9060000 		.4byte	.LASF41
 313 01eb 04       		.byte	0x4
 314 01ec 51       		.byte	0x51
 315 01ed 97000000 		.4byte	0x97
 316 01f1 34       		.byte	0x34
 317 01f2 07       		.uleb128 0x7
 318 01f3 640A0000 		.4byte	.LASF42
 319 01f7 04       		.byte	0x4
 320 01f8 52       		.byte	0x52
 321 01f9 A2000000 		.4byte	0xa2
 322 01fd 36       		.byte	0x36
 323 01fe 07       		.uleb128 0x7
 324 01ff 80080000 		.4byte	.LASF43
 325 0203 04       		.byte	0x4
 326 0204 53       		.byte	0x53
 327 0205 A2000000 		.4byte	0xa2
 328 0209 38       		.byte	0x38
 329 020a 07       		.uleb128 0x7
 330 020b E9090000 		.4byte	.LASF44
 331 020f 04       		.byte	0x4
 332 0210 54       		.byte	0x54
 333 0211 A2000000 		.4byte	0xa2
 334 0215 3A       		.byte	0x3a
 335 0216 07       		.uleb128 0x7
 336 0217 EF020000 		.4byte	.LASF45
 337 021b 04       		.byte	0x4
 338 021c 55       		.byte	0x55
 339 021d 97000000 		.4byte	0x97
 340 0221 3C       		.byte	0x3c
 341 0222 07       		.uleb128 0x7
ARM GAS  C:\Users\Ariane\AppData\Local\Temp\ccYO01Di.s 			page 8


 342 0223 B4030000 		.4byte	.LASF46
 343 0227 04       		.byte	0x4
 344 0228 56       		.byte	0x56
 345 0229 97000000 		.4byte	0x97
 346 022d 3D       		.byte	0x3d
 347 022e 07       		.uleb128 0x7
 348 022f 080B0000 		.4byte	.LASF47
 349 0233 04       		.byte	0x4
 350 0234 57       		.byte	0x57
 351 0235 97000000 		.4byte	0x97
 352 0239 3E       		.byte	0x3e
 353 023a 07       		.uleb128 0x7
 354 023b 66010000 		.4byte	.LASF48
 355 023f 04       		.byte	0x4
 356 0240 58       		.byte	0x58
 357 0241 97000000 		.4byte	0x97
 358 0245 3F       		.byte	0x3f
 359 0246 07       		.uleb128 0x7
 360 0247 1D070000 		.4byte	.LASF49
 361 024b 04       		.byte	0x4
 362 024c 59       		.byte	0x59
 363 024d 97000000 		.4byte	0x97
 364 0251 40       		.byte	0x40
 365 0252 07       		.uleb128 0x7
 366 0253 18040000 		.4byte	.LASF50
 367 0257 04       		.byte	0x4
 368 0258 5A       		.byte	0x5a
 369 0259 97000000 		.4byte	0x97
 370 025d 41       		.byte	0x41
 371 025e 07       		.uleb128 0x7
 372 025f F2050000 		.4byte	.LASF51
 373 0263 04       		.byte	0x4
 374 0264 5B       		.byte	0x5b
 375 0265 97000000 		.4byte	0x97
 376 0269 42       		.byte	0x42
 377 026a 07       		.uleb128 0x7
 378 026b F0060000 		.4byte	.LASF52
 379 026f 04       		.byte	0x4
 380 0270 5C       		.byte	0x5c
 381 0271 97000000 		.4byte	0x97
 382 0275 43       		.byte	0x43
 383 0276 07       		.uleb128 0x7
 384 0277 77030000 		.4byte	.LASF53
 385 027b 04       		.byte	0x4
 386 027c 5D       		.byte	0x5d
 387 027d 97000000 		.4byte	0x97
 388 0281 44       		.byte	0x44
 389 0282 07       		.uleb128 0x7
 390 0283 00000000 		.4byte	.LASF54
 391 0287 04       		.byte	0x4
 392 0288 5E       		.byte	0x5e
 393 0289 B8000000 		.4byte	0xb8
 394 028d 48       		.byte	0x48
 395 028e 07       		.uleb128 0x7
 396 028f 60030000 		.4byte	.LASF55
 397 0293 04       		.byte	0x4
 398 0294 5F       		.byte	0x5f
ARM GAS  C:\Users\Ariane\AppData\Local\Temp\ccYO01Di.s 			page 9


 399 0295 B8000000 		.4byte	0xb8
 400 0299 4C       		.byte	0x4c
 401 029a 07       		.uleb128 0x7
 402 029b 240C0000 		.4byte	.LASF56
 403 029f 04       		.byte	0x4
 404 02a0 60       		.byte	0x60
 405 02a1 97000000 		.4byte	0x97
 406 02a5 50       		.byte	0x50
 407 02a6 07       		.uleb128 0x7
 408 02a7 E8010000 		.4byte	.LASF57
 409 02ab 04       		.byte	0x4
 410 02ac 61       		.byte	0x61
 411 02ad 97000000 		.4byte	0x97
 412 02b1 51       		.byte	0x51
 413 02b2 07       		.uleb128 0x7
 414 02b3 4A0B0000 		.4byte	.LASF58
 415 02b7 04       		.byte	0x4
 416 02b8 62       		.byte	0x62
 417 02b9 97000000 		.4byte	0x97
 418 02bd 52       		.byte	0x52
 419 02be 07       		.uleb128 0x7
 420 02bf D7090000 		.4byte	.LASF59
 421 02c3 04       		.byte	0x4
 422 02c4 63       		.byte	0x63
 423 02c5 97000000 		.4byte	0x97
 424 02c9 53       		.byte	0x53
 425 02ca 07       		.uleb128 0x7
 426 02cb 70080000 		.4byte	.LASF60
 427 02cf 04       		.byte	0x4
 428 02d0 64       		.byte	0x64
 429 02d1 97000000 		.4byte	0x97
 430 02d5 54       		.byte	0x54
 431 02d6 07       		.uleb128 0x7
 432 02d7 22020000 		.4byte	.LASF61
 433 02db 04       		.byte	0x4
 434 02dc 65       		.byte	0x65
 435 02dd 97000000 		.4byte	0x97
 436 02e1 55       		.byte	0x55
 437 02e2 07       		.uleb128 0x7
 438 02e3 EF040000 		.4byte	.LASF62
 439 02e7 04       		.byte	0x4
 440 02e8 66       		.byte	0x66
 441 02e9 97000000 		.4byte	0x97
 442 02ed 56       		.byte	0x56
 443 02ee 07       		.uleb128 0x7
 444 02ef 03080000 		.4byte	.LASF63
 445 02f3 04       		.byte	0x4
 446 02f4 67       		.byte	0x67
 447 02f5 97000000 		.4byte	0x97
 448 02f9 57       		.byte	0x57
 449 02fa 07       		.uleb128 0x7
 450 02fb 24000000 		.4byte	.LASF64
 451 02ff 04       		.byte	0x4
 452 0300 68       		.byte	0x68
 453 0301 97000000 		.4byte	0x97
 454 0305 58       		.byte	0x58
 455 0306 07       		.uleb128 0x7
ARM GAS  C:\Users\Ariane\AppData\Local\Temp\ccYO01Di.s 			page 10


 456 0307 C0070000 		.4byte	.LASF65
 457 030b 04       		.byte	0x4
 458 030c 69       		.byte	0x69
 459 030d 97000000 		.4byte	0x97
 460 0311 59       		.byte	0x59
 461 0312 07       		.uleb128 0x7
 462 0313 8E060000 		.4byte	.LASF66
 463 0317 04       		.byte	0x4
 464 0318 6E       		.byte	0x6e
 465 0319 AD000000 		.4byte	0xad
 466 031d 5A       		.byte	0x5a
 467 031e 07       		.uleb128 0x7
 468 031f 2B0A0000 		.4byte	.LASF67
 469 0323 04       		.byte	0x4
 470 0324 6F       		.byte	0x6f
 471 0325 AD000000 		.4byte	0xad
 472 0329 5C       		.byte	0x5c
 473 032a 07       		.uleb128 0x7
 474 032b C4000000 		.4byte	.LASF68
 475 032f 04       		.byte	0x4
 476 0330 70       		.byte	0x70
 477 0331 97000000 		.4byte	0x97
 478 0335 5E       		.byte	0x5e
 479 0336 07       		.uleb128 0x7
 480 0337 65070000 		.4byte	.LASF69
 481 033b 04       		.byte	0x4
 482 033c 71       		.byte	0x71
 483 033d 97000000 		.4byte	0x97
 484 0341 5F       		.byte	0x5f
 485 0342 07       		.uleb128 0x7
 486 0343 DF060000 		.4byte	.LASF70
 487 0347 04       		.byte	0x4
 488 0348 72       		.byte	0x72
 489 0349 97000000 		.4byte	0x97
 490 034d 60       		.byte	0x60
 491 034e 07       		.uleb128 0x7
 492 034f 3E070000 		.4byte	.LASF71
 493 0353 04       		.byte	0x4
 494 0354 73       		.byte	0x73
 495 0355 B8000000 		.4byte	0xb8
 496 0359 64       		.byte	0x64
 497 035a 07       		.uleb128 0x7
 498 035b A5010000 		.4byte	.LASF72
 499 035f 04       		.byte	0x4
 500 0360 76       		.byte	0x76
 501 0361 AD000000 		.4byte	0xad
 502 0365 68       		.byte	0x68
 503 0366 07       		.uleb128 0x7
 504 0367 DD040000 		.4byte	.LASF73
 505 036b 04       		.byte	0x4
 506 036c 77       		.byte	0x77
 507 036d AD000000 		.4byte	0xad
 508 0371 6A       		.byte	0x6a
 509 0372 07       		.uleb128 0x7
 510 0373 7A050000 		.4byte	.LASF74
 511 0377 04       		.byte	0x4
 512 0378 78       		.byte	0x78
ARM GAS  C:\Users\Ariane\AppData\Local\Temp\ccYO01Di.s 			page 11


 513 0379 AD000000 		.4byte	0xad
 514 037d 6C       		.byte	0x6c
 515 037e 07       		.uleb128 0x7
 516 037f A0050000 		.4byte	.LASF75
 517 0383 04       		.byte	0x4
 518 0384 79       		.byte	0x79
 519 0385 AD000000 		.4byte	0xad
 520 0389 6E       		.byte	0x6e
 521 038a 07       		.uleb128 0x7
 522 038b EF070000 		.4byte	.LASF76
 523 038f 04       		.byte	0x4
 524 0390 7B       		.byte	0x7b
 525 0391 97000000 		.4byte	0x97
 526 0395 70       		.byte	0x70
 527 0396 07       		.uleb128 0x7
 528 0397 81020000 		.4byte	.LASF77
 529 039b 04       		.byte	0x4
 530 039c 7C       		.byte	0x7c
 531 039d 97000000 		.4byte	0x97
 532 03a1 71       		.byte	0x71
 533 03a2 07       		.uleb128 0x7
 534 03a3 F60B0000 		.4byte	.LASF78
 535 03a7 04       		.byte	0x4
 536 03a8 7D       		.byte	0x7d
 537 03a9 97000000 		.4byte	0x97
 538 03ad 72       		.byte	0x72
 539 03ae 07       		.uleb128 0x7
 540 03af BA060000 		.4byte	.LASF79
 541 03b3 04       		.byte	0x4
 542 03b4 7E       		.byte	0x7e
 543 03b5 97000000 		.4byte	0x97
 544 03b9 73       		.byte	0x73
 545 03ba 07       		.uleb128 0x7
 546 03bb D5030000 		.4byte	.LASF80
 547 03bf 04       		.byte	0x4
 548 03c0 80       		.byte	0x80
 549 03c1 AD000000 		.4byte	0xad
 550 03c5 74       		.byte	0x74
 551 03c6 07       		.uleb128 0x7
 552 03c7 92090000 		.4byte	.LASF81
 553 03cb 04       		.byte	0x4
 554 03cc 81       		.byte	0x81
 555 03cd AD000000 		.4byte	0xad
 556 03d1 76       		.byte	0x76
 557 03d2 07       		.uleb128 0x7
 558 03d3 9F030000 		.4byte	.LASF82
 559 03d7 04       		.byte	0x4
 560 03d8 82       		.byte	0x82
 561 03d9 AD000000 		.4byte	0xad
 562 03dd 78       		.byte	0x78
 563 03de 07       		.uleb128 0x7
 564 03df 0C010000 		.4byte	.LASF83
 565 03e3 04       		.byte	0x4
 566 03e4 83       		.byte	0x83
 567 03e5 AD000000 		.4byte	0xad
 568 03e9 7A       		.byte	0x7a
 569 03ea 07       		.uleb128 0x7
ARM GAS  C:\Users\Ariane\AppData\Local\Temp\ccYO01Di.s 			page 12


 570 03eb 8C0B0000 		.4byte	.LASF84
 571 03ef 04       		.byte	0x4
 572 03f0 86       		.byte	0x86
 573 03f1 97000000 		.4byte	0x97
 574 03f5 7C       		.byte	0x7c
 575 03f6 07       		.uleb128 0x7
 576 03f7 AF0A0000 		.4byte	.LASF85
 577 03fb 04       		.byte	0x4
 578 03fc 87       		.byte	0x87
 579 03fd 97000000 		.4byte	0x97
 580 0401 7D       		.byte	0x7d
 581 0402 07       		.uleb128 0x7
 582 0403 38000000 		.4byte	.LASF86
 583 0407 04       		.byte	0x4
 584 0408 88       		.byte	0x88
 585 0409 97000000 		.4byte	0x97
 586 040d 7E       		.byte	0x7e
 587 040e 07       		.uleb128 0x7
 588 040f E7030000 		.4byte	.LASF87
 589 0413 04       		.byte	0x4
 590 0414 89       		.byte	0x89
 591 0415 97000000 		.4byte	0x97
 592 0419 7F       		.byte	0x7f
 593 041a 07       		.uleb128 0x7
 594 041b 86040000 		.4byte	.LASF88
 595 041f 04       		.byte	0x4
 596 0420 8A       		.byte	0x8a
 597 0421 97000000 		.4byte	0x97
 598 0425 80       		.byte	0x80
 599 0426 07       		.uleb128 0x7
 600 0427 980A0000 		.4byte	.LASF89
 601 042b 04       		.byte	0x4
 602 042c 8D       		.byte	0x8d
 603 042d B8000000 		.4byte	0xb8
 604 0431 84       		.byte	0x84
 605 0432 07       		.uleb128 0x7
 606 0433 21010000 		.4byte	.LASF90
 607 0437 04       		.byte	0x4
 608 0438 8E       		.byte	0x8e
 609 0439 B8000000 		.4byte	0xb8
 610 043d 88       		.byte	0x88
 611 043e 07       		.uleb128 0x7
 612 043f 770B0000 		.4byte	.LASF91
 613 0443 04       		.byte	0x4
 614 0444 8F       		.byte	0x8f
 615 0445 B8000000 		.4byte	0xb8
 616 0449 8C       		.byte	0x8c
 617 044a 07       		.uleb128 0x7
 618 044b 54060000 		.4byte	.LASF92
 619 044f 04       		.byte	0x4
 620 0450 90       		.byte	0x90
 621 0451 B8000000 		.4byte	0xb8
 622 0455 90       		.byte	0x90
 623 0456 07       		.uleb128 0x7
 624 0457 56040000 		.4byte	.LASF93
 625 045b 04       		.byte	0x4
 626 045c 91       		.byte	0x91
ARM GAS  C:\Users\Ariane\AppData\Local\Temp\ccYO01Di.s 			page 13


 627 045d B8000000 		.4byte	0xb8
 628 0461 94       		.byte	0x94
 629 0462 07       		.uleb128 0x7
 630 0463 0C060000 		.4byte	.LASF94
 631 0467 04       		.byte	0x4
 632 0468 92       		.byte	0x92
 633 0469 B8000000 		.4byte	0xb8
 634 046d 98       		.byte	0x98
 635 046e 07       		.uleb128 0x7
 636 046f BF0B0000 		.4byte	.LASF95
 637 0473 04       		.byte	0x4
 638 0474 93       		.byte	0x93
 639 0475 B8000000 		.4byte	0xb8
 640 0479 9C       		.byte	0x9c
 641 047a 07       		.uleb128 0x7
 642 047b BF010000 		.4byte	.LASF96
 643 047f 04       		.byte	0x4
 644 0480 94       		.byte	0x94
 645 0481 B8000000 		.4byte	0xb8
 646 0485 A0       		.byte	0xa0
 647 0486 07       		.uleb128 0x7
 648 0487 BC020000 		.4byte	.LASF97
 649 048b 04       		.byte	0x4
 650 048c 95       		.byte	0x95
 651 048d AD000000 		.4byte	0xad
 652 0491 A4       		.byte	0xa4
 653 0492 07       		.uleb128 0x7
 654 0493 350B0000 		.4byte	.LASF98
 655 0497 04       		.byte	0x4
 656 0498 96       		.byte	0x96
 657 0499 AD000000 		.4byte	0xad
 658 049d A6       		.byte	0xa6
 659 049e 07       		.uleb128 0x7
 660 049f 59070000 		.4byte	.LASF99
 661 04a3 04       		.byte	0x4
 662 04a4 97       		.byte	0x97
 663 04a5 AD000000 		.4byte	0xad
 664 04a9 A8       		.byte	0xa8
 665 04aa 07       		.uleb128 0x7
 666 04ab 6D090000 		.4byte	.LASF100
 667 04af 04       		.byte	0x4
 668 04b0 98       		.byte	0x98
 669 04b1 AD000000 		.4byte	0xad
 670 04b5 AA       		.byte	0xaa
 671 04b6 07       		.uleb128 0x7
 672 04b7 89050000 		.4byte	.LASF101
 673 04bb 04       		.byte	0x4
 674 04bc 99       		.byte	0x99
 675 04bd AD000000 		.4byte	0xad
 676 04c1 AC       		.byte	0xac
 677 04c2 07       		.uleb128 0x7
 678 04c3 D1060000 		.4byte	.LASF102
 679 04c7 04       		.byte	0x4
 680 04c8 9A       		.byte	0x9a
 681 04c9 AD000000 		.4byte	0xad
 682 04cd AE       		.byte	0xae
 683 04ce 07       		.uleb128 0x7
ARM GAS  C:\Users\Ariane\AppData\Local\Temp\ccYO01Di.s 			page 14


 684 04cf 2A070000 		.4byte	.LASF103
 685 04d3 04       		.byte	0x4
 686 04d4 9D       		.byte	0x9d
 687 04d5 AD000000 		.4byte	0xad
 688 04d9 B0       		.byte	0xb0
 689 04da 07       		.uleb128 0x7
 690 04db 4B000000 		.4byte	.LASF104
 691 04df 04       		.byte	0x4
 692 04e0 9E       		.byte	0x9e
 693 04e1 B8000000 		.4byte	0xb8
 694 04e5 B4       		.byte	0xb4
 695 04e6 00       		.byte	0
 696 04e7 03       		.uleb128 0x3
 697 04e8 C9050000 		.4byte	.LASF105
 698 04ec 04       		.byte	0x4
 699 04ed 9F       		.byte	0x9f
 700 04ee D6000000 		.4byte	0xd6
 701 04f2 02       		.uleb128 0x2
 702 04f3 01       		.byte	0x1
 703 04f4 08       		.byte	0x8
 704 04f5 51090000 		.4byte	.LASF106
 705 04f9 02       		.uleb128 0x2
 706 04fa 04       		.byte	0x4
 707 04fb 04       		.byte	0x4
 708 04fc 38070000 		.4byte	.LASF107
 709 0500 02       		.uleb128 0x2
 710 0501 08       		.byte	0x8
 711 0502 04       		.byte	0x4
 712 0503 98030000 		.4byte	.LASF108
 713 0507 08       		.uleb128 0x8
 714 0508 01       		.byte	0x1
 715 0509 2C000000 		.4byte	0x2c
 716 050d 05       		.byte	0x5
 717 050e 2305     		.2byte	0x523
 718 0510 21050000 		.4byte	0x521
 719 0514 09       		.uleb128 0x9
 720 0515 3E0A0000 		.4byte	.LASF109
 721 0519 00       		.byte	0
 722 051a 09       		.uleb128 0x9
 723 051b A5090000 		.4byte	.LASF110
 724 051f 01       		.byte	0x1
 725 0520 00       		.byte	0
 726 0521 0A       		.uleb128 0xa
 727 0522 04       		.byte	0x4
 728 0523 02       		.uleb128 0x2
 729 0524 01       		.byte	0x1
 730 0525 02       		.byte	0x2
 731 0526 3F090000 		.4byte	.LASF111
 732 052a 08       		.uleb128 0x8
 733 052b 01       		.byte	0x1
 734 052c 2C000000 		.4byte	0x2c
 735 0530 06       		.byte	0x6
 736 0531 2402     		.2byte	0x224
 737 0533 44050000 		.4byte	0x544
 738 0537 09       		.uleb128 0x9
 739 0538 94070000 		.4byte	.LASF112
 740 053c 00       		.byte	0
ARM GAS  C:\Users\Ariane\AppData\Local\Temp\ccYO01Di.s 			page 15


 741 053d 09       		.uleb128 0x9
 742 053e 51030000 		.4byte	.LASF113
 743 0542 01       		.byte	0x1
 744 0543 00       		.byte	0
 745 0544 0B       		.uleb128 0xb
 746 0545 1D0B0000 		.4byte	.LASF114
 747 0549 06       		.byte	0x6
 748 054a 2702     		.2byte	0x227
 749 054c 2A050000 		.4byte	0x52a
 750 0550 0B       		.uleb128 0xb
 751 0551 1E030000 		.4byte	.LASF115
 752 0555 06       		.byte	0x6
 753 0556 3902     		.2byte	0x239
 754 0558 5C050000 		.4byte	0x55c
 755 055c 0C       		.uleb128 0xc
 756 055d 04       		.byte	0x4
 757 055e 62050000 		.4byte	0x562
 758 0562 0D       		.uleb128 0xd
 759 0563 6D050000 		.4byte	0x56d
 760 0567 0E       		.uleb128 0xe
 761 0568 B8000000 		.4byte	0xb8
 762 056c 00       		.byte	0
 763 056d 0B       		.uleb128 0xb
 764 056e 23080000 		.4byte	.LASF116
 765 0572 06       		.byte	0x6
 766 0573 4402     		.2byte	0x244
 767 0575 79050000 		.4byte	0x579
 768 0579 0C       		.uleb128 0xc
 769 057a 04       		.byte	0x4
 770 057b 7F050000 		.4byte	0x57f
 771 057f 0F       		.uleb128 0xf
 772 0580 44050000 		.4byte	0x544
 773 0584 8E050000 		.4byte	0x58e
 774 0588 0E       		.uleb128 0xe
 775 0589 B8000000 		.4byte	0xb8
 776 058d 00       		.byte	0
 777 058e 10       		.uleb128 0x10
 778 058f 0B020000 		.4byte	.LASF140
 779 0593 4C       		.byte	0x4c
 780 0594 06       		.byte	0x6
 781 0595 C302     		.2byte	0x2c3
 782 0597 AD060000 		.4byte	0x6ad
 783 059b 11       		.uleb128 0x11
 784 059c 5A0A0000 		.4byte	.LASF117
 785 05a0 06       		.byte	0x6
 786 05a1 C602     		.2byte	0x2c6
 787 05a3 23050000 		.4byte	0x523
 788 05a7 00       		.byte	0
 789 05a8 11       		.uleb128 0x11
 790 05a9 70050000 		.4byte	.LASF118
 791 05ad 06       		.byte	0x6
 792 05ae C702     		.2byte	0x2c7
 793 05b0 23050000 		.4byte	0x523
 794 05b4 01       		.byte	0x1
 795 05b5 11       		.uleb128 0x11
 796 05b6 18030000 		.4byte	.LASF119
 797 05ba 06       		.byte	0x6
ARM GAS  C:\Users\Ariane\AppData\Local\Temp\ccYO01Di.s 			page 16


 798 05bb C902     		.2byte	0x2c9
 799 05bd CA000000 		.4byte	0xca
 800 05c1 04       		.byte	0x4
 801 05c2 11       		.uleb128 0x11
 802 05c3 D5010000 		.4byte	.LASF120
 803 05c7 06       		.byte	0x6
 804 05c8 CB02     		.2byte	0x2cb
 805 05ca CA000000 		.4byte	0xca
 806 05ce 08       		.byte	0x8
 807 05cf 11       		.uleb128 0x11
 808 05d0 17080000 		.4byte	.LASF121
 809 05d4 06       		.byte	0x6
 810 05d5 CC02     		.2byte	0x2cc
 811 05d7 23050000 		.4byte	0x523
 812 05db 0C       		.byte	0xc
 813 05dc 11       		.uleb128 0x11
 814 05dd 45030000 		.4byte	.LASF122
 815 05e1 06       		.byte	0x6
 816 05e2 CD02     		.2byte	0x2cd
 817 05e4 23050000 		.4byte	0x523
 818 05e8 0D       		.byte	0xd
 819 05e9 11       		.uleb128 0x11
 820 05ea BD090000 		.4byte	.LASF123
 821 05ee 06       		.byte	0x6
 822 05ef CF02     		.2byte	0x2cf
 823 05f1 AD060000 		.4byte	0x6ad
 824 05f5 10       		.byte	0x10
 825 05f6 11       		.uleb128 0x11
 826 05f7 DE070000 		.4byte	.LASF124
 827 05fb 06       		.byte	0x6
 828 05fc D002     		.2byte	0x2d0
 829 05fe B8000000 		.4byte	0xb8
 830 0602 14       		.byte	0x14
 831 0603 11       		.uleb128 0x11
 832 0604 99060000 		.4byte	.LASF125
 833 0608 06       		.byte	0x6
 834 0609 D102     		.2byte	0x2d1
 835 060b CA000000 		.4byte	0xca
 836 060f 18       		.byte	0x18
 837 0610 11       		.uleb128 0x11
 838 0611 50080000 		.4byte	.LASF126
 839 0615 06       		.byte	0x6
 840 0616 D202     		.2byte	0x2d2
 841 0618 CA000000 		.4byte	0xca
 842 061c 1C       		.byte	0x1c
 843 061d 11       		.uleb128 0x11
 844 061e 00010000 		.4byte	.LASF127
 845 0622 06       		.byte	0x6
 846 0623 D402     		.2byte	0x2d4
 847 0625 CA000000 		.4byte	0xca
 848 0629 20       		.byte	0x20
 849 062a 11       		.uleb128 0x11
 850 062b CD040000 		.4byte	.LASF128
 851 062f 06       		.byte	0x6
 852 0630 D502     		.2byte	0x2d5
 853 0632 B3060000 		.4byte	0x6b3
 854 0636 24       		.byte	0x24
ARM GAS  C:\Users\Ariane\AppData\Local\Temp\ccYO01Di.s 			page 17


 855 0637 11       		.uleb128 0x11
 856 0638 CE0A0000 		.4byte	.LASF129
 857 063c 06       		.byte	0x6
 858 063d D702     		.2byte	0x2d7
 859 063f AD060000 		.4byte	0x6ad
 860 0643 28       		.byte	0x28
 861 0644 11       		.uleb128 0x11
 862 0645 DC0A0000 		.4byte	.LASF130
 863 0649 06       		.byte	0x6
 864 064a D802     		.2byte	0x2d8
 865 064c B8000000 		.4byte	0xb8
 866 0650 2C       		.byte	0x2c
 867 0651 11       		.uleb128 0x11
 868 0652 B3040000 		.4byte	.LASF131
 869 0656 06       		.byte	0x6
 870 0657 D902     		.2byte	0x2d9
 871 0659 CA000000 		.4byte	0xca
 872 065d 30       		.byte	0x30
 873 065e 11       		.uleb128 0x11
 874 065f 5F080000 		.4byte	.LASF132
 875 0663 06       		.byte	0x6
 876 0664 DA02     		.2byte	0x2da
 877 0666 CA000000 		.4byte	0xca
 878 066a 34       		.byte	0x34
 879 066b 11       		.uleb128 0x11
 880 066c 22060000 		.4byte	.LASF133
 881 0670 06       		.byte	0x6
 882 0671 DC02     		.2byte	0x2dc
 883 0673 AD060000 		.4byte	0x6ad
 884 0677 38       		.byte	0x38
 885 0678 11       		.uleb128 0x11
 886 0679 AA020000 		.4byte	.LASF134
 887 067d 06       		.byte	0x6
 888 067e DD02     		.2byte	0x2dd
 889 0680 B8000000 		.4byte	0xb8
 890 0684 3C       		.byte	0x3c
 891 0685 11       		.uleb128 0x11
 892 0686 FA010000 		.4byte	.LASF135
 893 068a 06       		.byte	0x6
 894 068b DE02     		.2byte	0x2de
 895 068d CA000000 		.4byte	0xca
 896 0691 40       		.byte	0x40
 897 0692 11       		.uleb128 0x11
 898 0693 97050000 		.4byte	.LASF136
 899 0697 06       		.byte	0x6
 900 0698 E402     		.2byte	0x2e4
 901 069a 50050000 		.4byte	0x550
 902 069e 44       		.byte	0x44
 903 069f 11       		.uleb128 0x11
 904 06a0 FB030000 		.4byte	.LASF137
 905 06a4 06       		.byte	0x6
 906 06a5 EB02     		.2byte	0x2eb
 907 06a7 6D050000 		.4byte	0x56d
 908 06ab 48       		.byte	0x48
 909 06ac 00       		.byte	0
 910 06ad 0C       		.uleb128 0xc
 911 06ae 04       		.byte	0x4
ARM GAS  C:\Users\Ariane\AppData\Local\Temp\ccYO01Di.s 			page 18


 912 06af 97000000 		.4byte	0x97
 913 06b3 05       		.uleb128 0x5
 914 06b4 23050000 		.4byte	0x523
 915 06b8 0B       		.uleb128 0xb
 916 06b9 94080000 		.4byte	.LASF138
 917 06bd 06       		.byte	0x6
 918 06be EE02     		.2byte	0x2ee
 919 06c0 8E050000 		.4byte	0x58e
 920 06c4 0B       		.uleb128 0xb
 921 06c5 D1020000 		.4byte	.LASF139
 922 06c9 07       		.byte	0x7
 923 06ca F201     		.2byte	0x1f2
 924 06cc 5C050000 		.4byte	0x55c
 925 06d0 10       		.uleb128 0x10
 926 06d1 6A020000 		.4byte	.LASF141
 927 06d5 24       		.byte	0x24
 928 06d6 07       		.byte	0x7
 929 06d7 7402     		.2byte	0x274
 930 06d9 53070000 		.4byte	0x753
 931 06dd 11       		.uleb128 0x11
 932 06de 160B0000 		.4byte	.LASF142
 933 06e2 07       		.byte	0x7
 934 06e3 7702     		.2byte	0x277
 935 06e5 CA000000 		.4byte	0xca
 936 06e9 00       		.byte	0
 937 06ea 11       		.uleb128 0x11
 938 06eb C80A0000 		.4byte	.LASF143
 939 06ef 07       		.byte	0x7
 940 06f0 7902     		.2byte	0x279
 941 06f2 21050000 		.4byte	0x521
 942 06f6 04       		.byte	0x4
 943 06f7 11       		.uleb128 0x11
 944 06f8 1A000000 		.4byte	.LASF144
 945 06fc 07       		.byte	0x7
 946 06fd 7A02     		.2byte	0x27a
 947 06ff B8000000 		.4byte	0xb8
 948 0703 08       		.byte	0x8
 949 0704 11       		.uleb128 0x11
 950 0705 4D040000 		.4byte	.LASF145
 951 0709 07       		.byte	0x7
 952 070a 7B02     		.2byte	0x27b
 953 070c CA000000 		.4byte	0xca
 954 0710 0C       		.byte	0xc
 955 0711 11       		.uleb128 0x11
 956 0712 E2010000 		.4byte	.LASF146
 957 0716 07       		.byte	0x7
 958 0717 7D02     		.2byte	0x27d
 959 0719 21050000 		.4byte	0x521
 960 071d 10       		.byte	0x10
 961 071e 11       		.uleb128 0x11
 962 071f 6B040000 		.4byte	.LASF147
 963 0723 07       		.byte	0x7
 964 0724 7E02     		.2byte	0x27e
 965 0726 B8000000 		.4byte	0xb8
 966 072a 14       		.byte	0x14
 967 072b 11       		.uleb128 0x11
 968 072c 350C0000 		.4byte	.LASF148
ARM GAS  C:\Users\Ariane\AppData\Local\Temp\ccYO01Di.s 			page 19


 969 0730 07       		.byte	0x7
 970 0731 7F02     		.2byte	0x27f
 971 0733 CA000000 		.4byte	0xca
 972 0737 18       		.byte	0x18
 973 0738 11       		.uleb128 0x11
 974 0739 97050000 		.4byte	.LASF136
 975 073d 07       		.byte	0x7
 976 073e 8502     		.2byte	0x285
 977 0740 C4060000 		.4byte	0x6c4
 978 0744 1C       		.byte	0x1c
 979 0745 11       		.uleb128 0x11
 980 0746 C00A0000 		.4byte	.LASF149
 981 074a 07       		.byte	0x7
 982 074b 8802     		.2byte	0x288
 983 074d B8000000 		.4byte	0xb8
 984 0751 20       		.byte	0x20
 985 0752 00       		.byte	0
 986 0753 0B       		.uleb128 0xb
 987 0754 D9050000 		.4byte	.LASF150
 988 0758 07       		.byte	0x7
 989 0759 8B02     		.2byte	0x28b
 990 075b D0060000 		.4byte	0x6d0
 991 075f 0B       		.uleb128 0xb
 992 0760 27050000 		.4byte	.LASF151
 993 0764 08       		.byte	0x8
 994 0765 D901     		.2byte	0x1d9
 995 0767 5C050000 		.4byte	0x55c
 996 076b 10       		.uleb128 0x10
 997 076c 0C0C0000 		.4byte	.LASF152
 998 0770 38       		.byte	0x38
 999 0771 08       		.byte	0x8
 1000 0772 7502     		.2byte	0x275
 1001 0774 2F080000 		.4byte	0x82f
 1002 0778 11       		.uleb128 0x11
 1003 0779 67050000 		.4byte	.LASF153
 1004 077d 08       		.byte	0x8
 1005 077e 7802     		.2byte	0x278
 1006 0780 CA000000 		.4byte	0xca
 1007 0784 00       		.byte	0
 1008 0785 11       		.uleb128 0x11
 1009 0786 FB060000 		.4byte	.LASF154
 1010 078a 08       		.byte	0x8
 1011 078b 7902     		.2byte	0x279
 1012 078d CA000000 		.4byte	0xca
 1013 0791 04       		.byte	0x4
 1014 0792 11       		.uleb128 0x11
 1015 0793 B5010000 		.4byte	.LASF155
 1016 0797 08       		.byte	0x8
 1017 0798 7B02     		.2byte	0x27b
 1018 079a 21050000 		.4byte	0x521
 1019 079e 08       		.byte	0x8
 1020 079f 11       		.uleb128 0x11
 1021 07a0 FE090000 		.4byte	.LASF156
 1022 07a4 08       		.byte	0x8
 1023 07a5 7C02     		.2byte	0x27c
 1024 07a7 B8000000 		.4byte	0xb8
 1025 07ab 0C       		.byte	0xc
ARM GAS  C:\Users\Ariane\AppData\Local\Temp\ccYO01Di.s 			page 20


 1026 07ac 11       		.uleb128 0x11
 1027 07ad FE050000 		.4byte	.LASF157
 1028 07b1 08       		.byte	0x8
 1029 07b2 7D02     		.2byte	0x27d
 1030 07b4 CA000000 		.4byte	0xca
 1031 07b8 10       		.byte	0x10
 1032 07b9 11       		.uleb128 0x11
 1033 07ba B10B0000 		.4byte	.LASF158
 1034 07be 08       		.byte	0x8
 1035 07bf 7E02     		.2byte	0x27e
 1036 07c1 CA000000 		.4byte	0xca
 1037 07c5 14       		.byte	0x14
 1038 07c6 11       		.uleb128 0x11
 1039 07c7 C80A0000 		.4byte	.LASF143
 1040 07cb 08       		.byte	0x8
 1041 07cc 8002     		.2byte	0x280
 1042 07ce 21050000 		.4byte	0x521
 1043 07d2 18       		.byte	0x18
 1044 07d3 11       		.uleb128 0x11
 1045 07d4 1A000000 		.4byte	.LASF144
 1046 07d8 08       		.byte	0x8
 1047 07d9 8102     		.2byte	0x281
 1048 07db B8000000 		.4byte	0xb8
 1049 07df 1C       		.byte	0x1c
 1050 07e0 11       		.uleb128 0x11
 1051 07e1 4D040000 		.4byte	.LASF145
 1052 07e5 08       		.byte	0x8
 1053 07e6 8202     		.2byte	0x282
 1054 07e8 CA000000 		.4byte	0xca
 1055 07ec 20       		.byte	0x20
 1056 07ed 11       		.uleb128 0x11
 1057 07ee E2010000 		.4byte	.LASF146
 1058 07f2 08       		.byte	0x8
 1059 07f3 8402     		.2byte	0x284
 1060 07f5 21050000 		.4byte	0x521
 1061 07f9 24       		.byte	0x24
 1062 07fa 11       		.uleb128 0x11
 1063 07fb 6B040000 		.4byte	.LASF147
 1064 07ff 08       		.byte	0x8
 1065 0800 8502     		.2byte	0x285
 1066 0802 B8000000 		.4byte	0xb8
 1067 0806 28       		.byte	0x28
 1068 0807 11       		.uleb128 0x11
 1069 0808 7B070000 		.4byte	.LASF159
 1070 080c 08       		.byte	0x8
 1071 080d 8602     		.2byte	0x286
 1072 080f CA000000 		.4byte	0xca
 1073 0813 2C       		.byte	0x2c
 1074 0814 11       		.uleb128 0x11
 1075 0815 97050000 		.4byte	.LASF136
 1076 0819 08       		.byte	0x8
 1077 081a 8B02     		.2byte	0x28b
 1078 081c 5F070000 		.4byte	0x75f
 1079 0820 30       		.byte	0x30
 1080 0821 11       		.uleb128 0x11
 1081 0822 C00A0000 		.4byte	.LASF149
 1082 0826 08       		.byte	0x8
ARM GAS  C:\Users\Ariane\AppData\Local\Temp\ccYO01Di.s 			page 21


 1083 0827 8E02     		.2byte	0x28e
 1084 0829 B8000000 		.4byte	0xb8
 1085 082d 34       		.byte	0x34
 1086 082e 00       		.byte	0
 1087 082f 0B       		.uleb128 0xb
 1088 0830 EE0A0000 		.4byte	.LASF160
 1089 0834 08       		.byte	0x8
 1090 0835 9102     		.2byte	0x291
 1091 0837 6B070000 		.4byte	0x76b
 1092 083b 12       		.uleb128 0x12
 1093 083c 69060000 		.4byte	.LASF161
 1094 0840 4C       		.byte	0x4c
 1095 0841 09       		.byte	0x9
 1096 0842 2F       		.byte	0x2f
 1097 0843 2C090000 		.4byte	0x92c
 1098 0847 07       		.uleb128 0x7
 1099 0848 5F010000 		.4byte	.LASF162
 1100 084c 09       		.byte	0x9
 1101 084d 31       		.byte	0x31
 1102 084e B8000000 		.4byte	0xb8
 1103 0852 00       		.byte	0
 1104 0853 07       		.uleb128 0x7
 1105 0854 96010000 		.4byte	.LASF163
 1106 0858 09       		.byte	0x9
 1107 0859 33       		.byte	0x33
 1108 085a B8000000 		.4byte	0xb8
 1109 085e 04       		.byte	0x4
 1110 085f 07       		.uleb128 0x7
 1111 0860 12000000 		.4byte	.LASF164
 1112 0864 09       		.byte	0x9
 1113 0865 34       		.byte	0x34
 1114 0866 B8000000 		.4byte	0xb8
 1115 086a 08       		.byte	0x8
 1116 086b 07       		.uleb128 0x7
 1117 086c 38010000 		.4byte	.LASF165
 1118 0870 09       		.byte	0x9
 1119 0871 35       		.byte	0x35
 1120 0872 B8000000 		.4byte	0xb8
 1121 0876 0C       		.byte	0xc
 1122 0877 07       		.uleb128 0x7
 1123 0878 3F080000 		.4byte	.LASF166
 1124 087c 09       		.byte	0x9
 1125 087d 37       		.byte	0x37
 1126 087e B8000000 		.4byte	0xb8
 1127 0882 10       		.byte	0x10
 1128 0883 07       		.uleb128 0x7
 1129 0884 710A0000 		.4byte	.LASF167
 1130 0888 09       		.byte	0x9
 1131 0889 38       		.byte	0x38
 1132 088a B8000000 		.4byte	0xb8
 1133 088e 14       		.byte	0x14
 1134 088f 07       		.uleb128 0x7
 1135 0890 8F0A0000 		.4byte	.LASF168
 1136 0894 09       		.byte	0x9
 1137 0895 39       		.byte	0x39
 1138 0896 B8000000 		.4byte	0xb8
 1139 089a 18       		.byte	0x18
ARM GAS  C:\Users\Ariane\AppData\Local\Temp\ccYO01Di.s 			page 22


 1140 089b 07       		.uleb128 0x7
 1141 089c 15050000 		.4byte	.LASF169
 1142 08a0 09       		.byte	0x9
 1143 08a1 3A       		.byte	0x3a
 1144 08a2 23050000 		.4byte	0x523
 1145 08a6 1C       		.byte	0x1c
 1146 08a7 07       		.uleb128 0x7
 1147 08a8 75040000 		.4byte	.LASF170
 1148 08ac 09       		.byte	0x9
 1149 08ad 3C       		.byte	0x3c
 1150 08ae B8000000 		.4byte	0xb8
 1151 08b2 20       		.byte	0x20
 1152 08b3 07       		.uleb128 0x7
 1153 08b4 C4030000 		.4byte	.LASF171
 1154 08b8 09       		.byte	0x9
 1155 08b9 3D       		.byte	0x3d
 1156 08ba B8000000 		.4byte	0xb8
 1157 08be 24       		.byte	0x24
 1158 08bf 07       		.uleb128 0x7
 1159 08c0 72010000 		.4byte	.LASF172
 1160 08c4 09       		.byte	0x9
 1161 08c5 3F       		.byte	0x3f
 1162 08c6 B8000000 		.4byte	0xb8
 1163 08ca 28       		.byte	0x28
 1164 08cb 07       		.uleb128 0x7
 1165 08cc A10B0000 		.4byte	.LASF173
 1166 08d0 09       		.byte	0x9
 1167 08d1 40       		.byte	0x40
 1168 08d2 B8000000 		.4byte	0xb8
 1169 08d6 2C       		.byte	0x2c
 1170 08d7 07       		.uleb128 0x7
 1171 08d8 0C0A0000 		.4byte	.LASF174
 1172 08dc 09       		.byte	0x9
 1173 08dd 42       		.byte	0x42
 1174 08de B8000000 		.4byte	0xb8
 1175 08e2 30       		.byte	0x30
 1176 08e3 07       		.uleb128 0x7
 1177 08e4 A3070000 		.4byte	.LASF175
 1178 08e8 09       		.byte	0x9
 1179 08e9 43       		.byte	0x43
 1180 08ea B8000000 		.4byte	0xb8
 1181 08ee 34       		.byte	0x34
 1182 08ef 07       		.uleb128 0x7
 1183 08f0 30060000 		.4byte	.LASF176
 1184 08f4 09       		.byte	0x9
 1185 08f5 45       		.byte	0x45
 1186 08f6 B8000000 		.4byte	0xb8
 1187 08fa 38       		.byte	0x38
 1188 08fb 07       		.uleb128 0x7
 1189 08fc 47010000 		.4byte	.LASF177
 1190 0900 09       		.byte	0x9
 1191 0901 46       		.byte	0x46
 1192 0902 B8000000 		.4byte	0xb8
 1193 0906 3C       		.byte	0x3c
 1194 0907 07       		.uleb128 0x7
 1195 0908 340A0000 		.4byte	.LASF178
 1196 090c 09       		.byte	0x9
ARM GAS  C:\Users\Ariane\AppData\Local\Temp\ccYO01Di.s 			page 23


 1197 090d 48       		.byte	0x48
 1198 090e B8000000 		.4byte	0xb8
 1199 0912 40       		.byte	0x40
 1200 0913 07       		.uleb128 0x7
 1201 0914 D50B0000 		.4byte	.LASF179
 1202 0918 09       		.byte	0x9
 1203 0919 49       		.byte	0x49
 1204 091a B8000000 		.4byte	0xb8
 1205 091e 44       		.byte	0x44
 1206 091f 07       		.uleb128 0x7
 1207 0920 56090000 		.4byte	.LASF180
 1208 0924 09       		.byte	0x9
 1209 0925 4B       		.byte	0x4b
 1210 0926 B8000000 		.4byte	0xb8
 1211 092a 48       		.byte	0x48
 1212 092b 00       		.byte	0
 1213 092c 03       		.uleb128 0x3
 1214 092d 4C020000 		.4byte	.LASF181
 1215 0931 09       		.byte	0x9
 1216 0932 4C       		.byte	0x4c
 1217 0933 3B080000 		.4byte	0x83b
 1218 0937 13       		.uleb128 0x13
 1219 0938 BF030000 		.4byte	.LASF193
 1220 093c 01       		.byte	0x1
 1221 093d 2E       		.byte	0x2e
 1222 093e 89000000 		.4byte	0x89
 1223 0942 00000000 		.4byte	.LFB567
 1224 0946 14000000 		.4byte	.LFE567-.LFB567
 1225 094a 01       		.uleb128 0x1
 1226 094b 9C       		.byte	0x9c
 1227 094c 77090000 		.4byte	0x977
 1228 0950 14       		.uleb128 0x14
 1229 0951 08000000 		.4byte	.LVL0
 1230 0955 C9090000 		.4byte	0x9c9
 1231 0959 67090000 		.4byte	0x967
 1232 095d 15       		.uleb128 0x15
 1233 095e 01       		.uleb128 0x1
 1234 095f 50       		.byte	0x50
 1235 0960 05       		.uleb128 0x5
 1236 0961 0C       		.byte	0xc
 1237 0962 00000810 		.4byte	0x10080000
 1238 0966 00       		.byte	0
 1239 0967 16       		.uleb128 0x16
 1240 0968 0E000000 		.4byte	.LVL1
 1241 096c D5090000 		.4byte	0x9d5
 1242 0970 15       		.uleb128 0x15
 1243 0971 01       		.uleb128 0x1
 1244 0972 50       		.byte	0x50
 1245 0973 01       		.uleb128 0x1
 1246 0974 30       		.byte	0x30
 1247 0975 00       		.byte	0
 1248 0976 00       		.byte	0
 1249 0977 17       		.uleb128 0x17
 1250 0978 4F070000 		.4byte	.LASF182
 1251 097c 04       		.byte	0x4
 1252 097d A7       		.byte	0xa7
 1253 097e 82090000 		.4byte	0x982
ARM GAS  C:\Users\Ariane\AppData\Local\Temp\ccYO01Di.s 			page 24


 1254 0982 0C       		.uleb128 0xc
 1255 0983 04       		.byte	0x4
 1256 0984 88090000 		.4byte	0x988
 1257 0988 18       		.uleb128 0x18
 1258 0989 E7040000 		.4byte	0x4e7
 1259 098d 17       		.uleb128 0x17
 1260 098e 7A0A0000 		.4byte	.LASF183
 1261 0992 0A       		.byte	0xa
 1262 0993 5E       		.byte	0x5e
 1263 0994 53070000 		.4byte	0x753
 1264 0998 17       		.uleb128 0x17
 1265 0999 620B0000 		.4byte	.LASF184
 1266 099d 0B       		.byte	0xb
 1267 099e 1F       		.byte	0x1f
 1268 099f A3090000 		.4byte	0x9a3
 1269 09a3 18       		.uleb128 0x18
 1270 09a4 2C090000 		.4byte	0x92c
 1271 09a8 17       		.uleb128 0x17
 1272 09a9 46050000 		.4byte	.LASF185
 1273 09ad 0C       		.byte	0xc
 1274 09ae 87       		.byte	0x87
 1275 09af 2F080000 		.4byte	0x82f
 1276 09b3 17       		.uleb128 0x17
 1277 09b4 08030000 		.4byte	.LASF186
 1278 09b8 0D       		.byte	0xd
 1279 09b9 7F       		.byte	0x7f
 1280 09ba B8060000 		.4byte	0x6b8
 1281 09be 17       		.uleb128 0x17
 1282 09bf 88030000 		.4byte	.LASF187
 1283 09c3 0E       		.byte	0xe
 1284 09c4 7F       		.byte	0x7f
 1285 09c5 B8060000 		.4byte	0x6b8
 1286 09c9 19       		.uleb128 0x19
 1287 09ca AD050000 		.4byte	.LASF188
 1288 09ce AD050000 		.4byte	.LASF188
 1289 09d2 0F       		.byte	0xf
 1290 09d3 1802     		.2byte	0x218
 1291 09d5 19       		.uleb128 0x19
 1292 09d6 28040000 		.4byte	.LASF189
 1293 09da 28040000 		.4byte	.LASF189
 1294 09de 05       		.byte	0x5
 1295 09df 4806     		.2byte	0x648
 1296 09e1 00       		.byte	0
 1297              		.section	.debug_abbrev,"",%progbits
 1298              	.Ldebug_abbrev0:
 1299 0000 01       		.uleb128 0x1
 1300 0001 11       		.uleb128 0x11
 1301 0002 01       		.byte	0x1
 1302 0003 25       		.uleb128 0x25
 1303 0004 0E       		.uleb128 0xe
 1304 0005 13       		.uleb128 0x13
 1305 0006 0B       		.uleb128 0xb
 1306 0007 03       		.uleb128 0x3
 1307 0008 0E       		.uleb128 0xe
 1308 0009 1B       		.uleb128 0x1b
 1309 000a 0E       		.uleb128 0xe
 1310 000b 55       		.uleb128 0x55
ARM GAS  C:\Users\Ariane\AppData\Local\Temp\ccYO01Di.s 			page 25


 1311 000c 17       		.uleb128 0x17
 1312 000d 11       		.uleb128 0x11
 1313 000e 01       		.uleb128 0x1
 1314 000f 10       		.uleb128 0x10
 1315 0010 17       		.uleb128 0x17
 1316 0011 00       		.byte	0
 1317 0012 00       		.byte	0
 1318 0013 02       		.uleb128 0x2
 1319 0014 24       		.uleb128 0x24
 1320 0015 00       		.byte	0
 1321 0016 0B       		.uleb128 0xb
 1322 0017 0B       		.uleb128 0xb
 1323 0018 3E       		.uleb128 0x3e
 1324 0019 0B       		.uleb128 0xb
 1325 001a 03       		.uleb128 0x3
 1326 001b 0E       		.uleb128 0xe
 1327 001c 00       		.byte	0
 1328 001d 00       		.byte	0
 1329 001e 03       		.uleb128 0x3
 1330 001f 16       		.uleb128 0x16
 1331 0020 00       		.byte	0
 1332 0021 03       		.uleb128 0x3
 1333 0022 0E       		.uleb128 0xe
 1334 0023 3A       		.uleb128 0x3a
 1335 0024 0B       		.uleb128 0xb
 1336 0025 3B       		.uleb128 0x3b
 1337 0026 0B       		.uleb128 0xb
 1338 0027 49       		.uleb128 0x49
 1339 0028 13       		.uleb128 0x13
 1340 0029 00       		.byte	0
 1341 002a 00       		.byte	0
 1342 002b 04       		.uleb128 0x4
 1343 002c 24       		.uleb128 0x24
 1344 002d 00       		.byte	0
 1345 002e 0B       		.uleb128 0xb
 1346 002f 0B       		.uleb128 0xb
 1347 0030 3E       		.uleb128 0x3e
 1348 0031 0B       		.uleb128 0xb
 1349 0032 03       		.uleb128 0x3
 1350 0033 08       		.uleb128 0x8
 1351 0034 00       		.byte	0
 1352 0035 00       		.byte	0
 1353 0036 05       		.uleb128 0x5
 1354 0037 35       		.uleb128 0x35
 1355 0038 00       		.byte	0
 1356 0039 49       		.uleb128 0x49
 1357 003a 13       		.uleb128 0x13
 1358 003b 00       		.byte	0
 1359 003c 00       		.byte	0
 1360 003d 06       		.uleb128 0x6
 1361 003e 13       		.uleb128 0x13
 1362 003f 01       		.byte	0x1
 1363 0040 0B       		.uleb128 0xb
 1364 0041 0B       		.uleb128 0xb
 1365 0042 3A       		.uleb128 0x3a
 1366 0043 0B       		.uleb128 0xb
 1367 0044 3B       		.uleb128 0x3b
ARM GAS  C:\Users\Ariane\AppData\Local\Temp\ccYO01Di.s 			page 26


 1368 0045 0B       		.uleb128 0xb
 1369 0046 01       		.uleb128 0x1
 1370 0047 13       		.uleb128 0x13
 1371 0048 00       		.byte	0
 1372 0049 00       		.byte	0
 1373 004a 07       		.uleb128 0x7
 1374 004b 0D       		.uleb128 0xd
 1375 004c 00       		.byte	0
 1376 004d 03       		.uleb128 0x3
 1377 004e 0E       		.uleb128 0xe
 1378 004f 3A       		.uleb128 0x3a
 1379 0050 0B       		.uleb128 0xb
 1380 0051 3B       		.uleb128 0x3b
 1381 0052 0B       		.uleb128 0xb
 1382 0053 49       		.uleb128 0x49
 1383 0054 13       		.uleb128 0x13
 1384 0055 38       		.uleb128 0x38
 1385 0056 0B       		.uleb128 0xb
 1386 0057 00       		.byte	0
 1387 0058 00       		.byte	0
 1388 0059 08       		.uleb128 0x8
 1389 005a 04       		.uleb128 0x4
 1390 005b 01       		.byte	0x1
 1391 005c 0B       		.uleb128 0xb
 1392 005d 0B       		.uleb128 0xb
 1393 005e 49       		.uleb128 0x49
 1394 005f 13       		.uleb128 0x13
 1395 0060 3A       		.uleb128 0x3a
 1396 0061 0B       		.uleb128 0xb
 1397 0062 3B       		.uleb128 0x3b
 1398 0063 05       		.uleb128 0x5
 1399 0064 01       		.uleb128 0x1
 1400 0065 13       		.uleb128 0x13
 1401 0066 00       		.byte	0
 1402 0067 00       		.byte	0
 1403 0068 09       		.uleb128 0x9
 1404 0069 28       		.uleb128 0x28
 1405 006a 00       		.byte	0
 1406 006b 03       		.uleb128 0x3
 1407 006c 0E       		.uleb128 0xe
 1408 006d 1C       		.uleb128 0x1c
 1409 006e 0B       		.uleb128 0xb
 1410 006f 00       		.byte	0
 1411 0070 00       		.byte	0
 1412 0071 0A       		.uleb128 0xa
 1413 0072 0F       		.uleb128 0xf
 1414 0073 00       		.byte	0
 1415 0074 0B       		.uleb128 0xb
 1416 0075 0B       		.uleb128 0xb
 1417 0076 00       		.byte	0
 1418 0077 00       		.byte	0
 1419 0078 0B       		.uleb128 0xb
 1420 0079 16       		.uleb128 0x16
 1421 007a 00       		.byte	0
 1422 007b 03       		.uleb128 0x3
 1423 007c 0E       		.uleb128 0xe
 1424 007d 3A       		.uleb128 0x3a
ARM GAS  C:\Users\Ariane\AppData\Local\Temp\ccYO01Di.s 			page 27


 1425 007e 0B       		.uleb128 0xb
 1426 007f 3B       		.uleb128 0x3b
 1427 0080 05       		.uleb128 0x5
 1428 0081 49       		.uleb128 0x49
 1429 0082 13       		.uleb128 0x13
 1430 0083 00       		.byte	0
 1431 0084 00       		.byte	0
 1432 0085 0C       		.uleb128 0xc
 1433 0086 0F       		.uleb128 0xf
 1434 0087 00       		.byte	0
 1435 0088 0B       		.uleb128 0xb
 1436 0089 0B       		.uleb128 0xb
 1437 008a 49       		.uleb128 0x49
 1438 008b 13       		.uleb128 0x13
 1439 008c 00       		.byte	0
 1440 008d 00       		.byte	0
 1441 008e 0D       		.uleb128 0xd
 1442 008f 15       		.uleb128 0x15
 1443 0090 01       		.byte	0x1
 1444 0091 27       		.uleb128 0x27
 1445 0092 19       		.uleb128 0x19
 1446 0093 01       		.uleb128 0x1
 1447 0094 13       		.uleb128 0x13
 1448 0095 00       		.byte	0
 1449 0096 00       		.byte	0
 1450 0097 0E       		.uleb128 0xe
 1451 0098 05       		.uleb128 0x5
 1452 0099 00       		.byte	0
 1453 009a 49       		.uleb128 0x49
 1454 009b 13       		.uleb128 0x13
 1455 009c 00       		.byte	0
 1456 009d 00       		.byte	0
 1457 009e 0F       		.uleb128 0xf
 1458 009f 15       		.uleb128 0x15
 1459 00a0 01       		.byte	0x1
 1460 00a1 27       		.uleb128 0x27
 1461 00a2 19       		.uleb128 0x19
 1462 00a3 49       		.uleb128 0x49
 1463 00a4 13       		.uleb128 0x13
 1464 00a5 01       		.uleb128 0x1
 1465 00a6 13       		.uleb128 0x13
 1466 00a7 00       		.byte	0
 1467 00a8 00       		.byte	0
 1468 00a9 10       		.uleb128 0x10
 1469 00aa 13       		.uleb128 0x13
 1470 00ab 01       		.byte	0x1
 1471 00ac 03       		.uleb128 0x3
 1472 00ad 0E       		.uleb128 0xe
 1473 00ae 0B       		.uleb128 0xb
 1474 00af 0B       		.uleb128 0xb
 1475 00b0 3A       		.uleb128 0x3a
 1476 00b1 0B       		.uleb128 0xb
 1477 00b2 3B       		.uleb128 0x3b
 1478 00b3 05       		.uleb128 0x5
 1479 00b4 01       		.uleb128 0x1
 1480 00b5 13       		.uleb128 0x13
 1481 00b6 00       		.byte	0
ARM GAS  C:\Users\Ariane\AppData\Local\Temp\ccYO01Di.s 			page 28


 1482 00b7 00       		.byte	0
 1483 00b8 11       		.uleb128 0x11
 1484 00b9 0D       		.uleb128 0xd
 1485 00ba 00       		.byte	0
 1486 00bb 03       		.uleb128 0x3
 1487 00bc 0E       		.uleb128 0xe
 1488 00bd 3A       		.uleb128 0x3a
 1489 00be 0B       		.uleb128 0xb
 1490 00bf 3B       		.uleb128 0x3b
 1491 00c0 05       		.uleb128 0x5
 1492 00c1 49       		.uleb128 0x49
 1493 00c2 13       		.uleb128 0x13
 1494 00c3 38       		.uleb128 0x38
 1495 00c4 0B       		.uleb128 0xb
 1496 00c5 00       		.byte	0
 1497 00c6 00       		.byte	0
 1498 00c7 12       		.uleb128 0x12
 1499 00c8 13       		.uleb128 0x13
 1500 00c9 01       		.byte	0x1
 1501 00ca 03       		.uleb128 0x3
 1502 00cb 0E       		.uleb128 0xe
 1503 00cc 0B       		.uleb128 0xb
 1504 00cd 0B       		.uleb128 0xb
 1505 00ce 3A       		.uleb128 0x3a
 1506 00cf 0B       		.uleb128 0xb
 1507 00d0 3B       		.uleb128 0x3b
 1508 00d1 0B       		.uleb128 0xb
 1509 00d2 01       		.uleb128 0x1
 1510 00d3 13       		.uleb128 0x13
 1511 00d4 00       		.byte	0
 1512 00d5 00       		.byte	0
 1513 00d6 13       		.uleb128 0x13
 1514 00d7 2E       		.uleb128 0x2e
 1515 00d8 01       		.byte	0x1
 1516 00d9 3F       		.uleb128 0x3f
 1517 00da 19       		.uleb128 0x19
 1518 00db 03       		.uleb128 0x3
 1519 00dc 0E       		.uleb128 0xe
 1520 00dd 3A       		.uleb128 0x3a
 1521 00de 0B       		.uleb128 0xb
 1522 00df 3B       		.uleb128 0x3b
 1523 00e0 0B       		.uleb128 0xb
 1524 00e1 27       		.uleb128 0x27
 1525 00e2 19       		.uleb128 0x19
 1526 00e3 49       		.uleb128 0x49
 1527 00e4 13       		.uleb128 0x13
 1528 00e5 8701     		.uleb128 0x87
 1529 00e7 19       		.uleb128 0x19
 1530 00e8 11       		.uleb128 0x11
 1531 00e9 01       		.uleb128 0x1
 1532 00ea 12       		.uleb128 0x12
 1533 00eb 06       		.uleb128 0x6
 1534 00ec 40       		.uleb128 0x40
 1535 00ed 18       		.uleb128 0x18
 1536 00ee 9742     		.uleb128 0x2117
 1537 00f0 19       		.uleb128 0x19
 1538 00f1 01       		.uleb128 0x1
ARM GAS  C:\Users\Ariane\AppData\Local\Temp\ccYO01Di.s 			page 29


 1539 00f2 13       		.uleb128 0x13
 1540 00f3 00       		.byte	0
 1541 00f4 00       		.byte	0
 1542 00f5 14       		.uleb128 0x14
 1543 00f6 898201   		.uleb128 0x4109
 1544 00f9 01       		.byte	0x1
 1545 00fa 11       		.uleb128 0x11
 1546 00fb 01       		.uleb128 0x1
 1547 00fc 31       		.uleb128 0x31
 1548 00fd 13       		.uleb128 0x13
 1549 00fe 01       		.uleb128 0x1
 1550 00ff 13       		.uleb128 0x13
 1551 0100 00       		.byte	0
 1552 0101 00       		.byte	0
 1553 0102 15       		.uleb128 0x15
 1554 0103 8A8201   		.uleb128 0x410a
 1555 0106 00       		.byte	0
 1556 0107 02       		.uleb128 0x2
 1557 0108 18       		.uleb128 0x18
 1558 0109 9142     		.uleb128 0x2111
 1559 010b 18       		.uleb128 0x18
 1560 010c 00       		.byte	0
 1561 010d 00       		.byte	0
 1562 010e 16       		.uleb128 0x16
 1563 010f 898201   		.uleb128 0x4109
 1564 0112 01       		.byte	0x1
 1565 0113 11       		.uleb128 0x11
 1566 0114 01       		.uleb128 0x1
 1567 0115 31       		.uleb128 0x31
 1568 0116 13       		.uleb128 0x13
 1569 0117 00       		.byte	0
 1570 0118 00       		.byte	0
 1571 0119 17       		.uleb128 0x17
 1572 011a 34       		.uleb128 0x34
 1573 011b 00       		.byte	0
 1574 011c 03       		.uleb128 0x3
 1575 011d 0E       		.uleb128 0xe
 1576 011e 3A       		.uleb128 0x3a
 1577 011f 0B       		.uleb128 0xb
 1578 0120 3B       		.uleb128 0x3b
 1579 0121 0B       		.uleb128 0xb
 1580 0122 49       		.uleb128 0x49
 1581 0123 13       		.uleb128 0x13
 1582 0124 3F       		.uleb128 0x3f
 1583 0125 19       		.uleb128 0x19
 1584 0126 3C       		.uleb128 0x3c
 1585 0127 19       		.uleb128 0x19
 1586 0128 00       		.byte	0
 1587 0129 00       		.byte	0
 1588 012a 18       		.uleb128 0x18
 1589 012b 26       		.uleb128 0x26
 1590 012c 00       		.byte	0
 1591 012d 49       		.uleb128 0x49
 1592 012e 13       		.uleb128 0x13
 1593 012f 00       		.byte	0
 1594 0130 00       		.byte	0
 1595 0131 19       		.uleb128 0x19
ARM GAS  C:\Users\Ariane\AppData\Local\Temp\ccYO01Di.s 			page 30


 1596 0132 2E       		.uleb128 0x2e
 1597 0133 00       		.byte	0
 1598 0134 3F       		.uleb128 0x3f
 1599 0135 19       		.uleb128 0x19
 1600 0136 3C       		.uleb128 0x3c
 1601 0137 19       		.uleb128 0x19
 1602 0138 6E       		.uleb128 0x6e
 1603 0139 0E       		.uleb128 0xe
 1604 013a 03       		.uleb128 0x3
 1605 013b 0E       		.uleb128 0xe
 1606 013c 3A       		.uleb128 0x3a
 1607 013d 0B       		.uleb128 0xb
 1608 013e 3B       		.uleb128 0x3b
 1609 013f 05       		.uleb128 0x5
 1610 0140 00       		.byte	0
 1611 0141 00       		.byte	0
 1612 0142 00       		.byte	0
 1613              		.section	.debug_aranges,"",%progbits
 1614 0000 1C000000 		.4byte	0x1c
 1615 0004 0200     		.2byte	0x2
 1616 0006 00000000 		.4byte	.Ldebug_info0
 1617 000a 04       		.byte	0x4
 1618 000b 00       		.byte	0
 1619 000c 0000     		.2byte	0
 1620 000e 0000     		.2byte	0
 1621 0010 00000000 		.4byte	.LFB567
 1622 0014 14000000 		.4byte	.LFE567-.LFB567
 1623 0018 00000000 		.4byte	0
 1624 001c 00000000 		.4byte	0
 1625              		.section	.debug_ranges,"",%progbits
 1626              	.Ldebug_ranges0:
 1627 0000 00000000 		.4byte	.LFB567
 1628 0004 14000000 		.4byte	.LFE567
 1629 0008 00000000 		.4byte	0
 1630 000c 00000000 		.4byte	0
 1631              		.section	.debug_line,"",%progbits
 1632              	.Ldebug_line0:
 1633 0000 E1020000 		.section	.debug_str,"MS",%progbits,1
 1633      0200C602 
 1633      00000201 
 1633      FB0E0D00 
 1633      01010101 
 1634              	.LASF54:
 1635 0000 70726F74 		.ascii	"protBusMasterMask\000"
 1635      4275734D 
 1635      61737465 
 1635      724D6173 
 1635      6B00
 1636              	.LASF164:
 1637 0012 72756E4D 		.ascii	"runMode\000"
 1637      6F646500 
 1638              	.LASF144:
 1639 001a 72784275 		.ascii	"rxBufSize\000"
 1639      6653697A 
 1639      6500
 1640              	.LASF64:
 1641 0024 666C6173 		.ascii	"flashCtlMainWs3Freq\000"
ARM GAS  C:\Users\Ariane\AppData\Local\Temp\ccYO01Di.s 			page 31


 1641      6843746C 
 1641      4D61696E 
 1641      57733346 
 1641      72657100 
 1642              	.LASF86:
 1643 0038 6770696F 		.ascii	"gpioPrtCfgInOffset\000"
 1643      50727443 
 1643      6667496E 
 1643      4F666673 
 1643      657400
 1644              	.LASF104:
 1645 004b 6970634C 		.ascii	"ipcLockStatusOffset\000"
 1645      6F636B53 
 1645      74617475 
 1645      734F6666 
 1645      73657400 
 1646              	.LASF192:
 1647 005f 433A5C55 		.ascii	"C:\\Users\\Ariane\\Documents\\PSoC Creator\\Projet_"
 1647      73657273 
 1647      5C417269 
 1647      616E655C 
 1647      446F6375 
 1648 008d 6571315C 		.ascii	"eq1\\WorkspaceProjet2Eq1\\Projet2Eq1.cydsn\000"
 1648      576F726B 
 1648      73706163 
 1648      6550726F 
 1648      6A657432 
 1649              	.LASF30:
 1650 00b6 63727970 		.ascii	"cryptoVersion\000"
 1650      746F5665 
 1650      7273696F 
 1650      6E00
 1651              	.LASF68:
 1652 00c4 64774368 		.ascii	"dwChCtlPrioPos\000"
 1652      43746C50 
 1652      72696F50 
 1652      6F7300
 1653              	.LASF26:
 1654 00d3 70617373 		.ascii	"passBase\000"
 1654      42617365 
 1654      00
 1655              	.LASF191:
 1656 00dc 6D61696E 		.ascii	"main_cm0p.c\000"
 1656      5F636D30 
 1656      702E6300 
 1657              	.LASF39:
 1658 00e8 63707573 		.ascii	"cpussIpcIrqNr\000"
 1658      73497063 
 1658      4972714E 
 1658      7200
 1659              	.LASF3:
 1660 00f6 5F5F7569 		.ascii	"__uint8_t\000"
 1660      6E74385F 
 1660      7400
 1661              	.LASF127:
 1662 0100 736C6176 		.ascii	"slaveStatus\000"
 1662      65537461 
ARM GAS  C:\Users\Ariane\AppData\Local\Temp\ccYO01Di.s 			page 32


 1662      74757300 
 1663              	.LASF83:
 1664 010c 70657269 		.ascii	"periDiv24_5CtlOffset\000"
 1664      44697632 
 1664      345F3543 
 1664      746C4F66 
 1664      66736574 
 1665              	.LASF90:
 1666 0121 63707573 		.ascii	"cpussCm4ClockCtlOffset\000"
 1666      73436D34 
 1666      436C6F63 
 1666      6B43746C 
 1666      4F666673 
 1667              	.LASF165:
 1668 0138 636F756E 		.ascii	"countDirection\000"
 1668      74446972 
 1668      65637469 
 1668      6F6E00
 1669              	.LASF177:
 1670 0147 73746F70 		.ascii	"stopInputMode\000"
 1670      496E7075 
 1670      744D6F64 
 1670      6500
 1671              	.LASF19:
 1672 0155 63707573 		.ascii	"cpussBase\000"
 1672      73426173 
 1672      6500
 1673              	.LASF162:
 1674 015f 70657269 		.ascii	"period\000"
 1674      6F6400
 1675              	.LASF48:
 1676 0166 70657269 		.ascii	"periClockNr\000"
 1676      436C6F63 
 1676      6B4E7200 
 1677              	.LASF172:
 1678 0172 63617074 		.ascii	"captureInput\000"
 1678      75726549 
 1678      6E707574 
 1678      00
 1679              	.LASF11:
 1680 017f 6C6F6E67 		.ascii	"long long unsigned int\000"
 1680      206C6F6E 
 1680      6720756E 
 1680      7369676E 
 1680      65642069 
 1681              	.LASF163:
 1682 0196 636C6F63 		.ascii	"clockPrescaler\000"
 1682      6B507265 
 1682      7363616C 
 1682      657200
 1683              	.LASF72:
 1684 01a5 70657269 		.ascii	"periTrCmdOffset\000"
 1684      5472436D 
 1684      644F6666 
 1684      73657400 
 1685              	.LASF155:
 1686 01b5 72785269 		.ascii	"rxRingBuf\000"
ARM GAS  C:\Users\Ariane\AppData\Local\Temp\ccYO01Di.s 			page 33


 1686      6E674275 
 1686      6600
 1687              	.LASF96:
 1688 01bf 63707573 		.ascii	"cpussSysTickCtlOffset\000"
 1688      73537973 
 1688      5469636B 
 1688      43746C4F 
 1688      66667365 
 1689              	.LASF120:
 1690 01d5 6D617374 		.ascii	"masterStatus\000"
 1690      65725374 
 1690      61747573 
 1690      00
 1691              	.LASF146:
 1692 01e2 74784275 		.ascii	"txBuf\000"
 1692      6600
 1693              	.LASF57:
 1694 01e8 666C6173 		.ascii	"flashPipeRequired\000"
 1694      68506970 
 1694      65526571 
 1694      75697265 
 1694      6400
 1695              	.LASF135:
 1696 01fa 736C6176 		.ascii	"slaveRxBufferIdx\000"
 1696      65527842 
 1696      75666665 
 1696      72496478 
 1696      00
 1697              	.LASF140:
 1698 020b 63795F73 		.ascii	"cy_stc_scb_i2c_context\000"
 1698      74635F73 
 1698      63625F69 
 1698      32635F63 
 1698      6F6E7465 
 1699              	.LASF61:
 1700 0222 666C6173 		.ascii	"flashCtlMainWs0Freq\000"
 1700      6843746C 
 1700      4D61696E 
 1700      57733046 
 1700      72657100 
 1701              	.LASF14:
 1702 0236 696E7431 		.ascii	"int16_t\000"
 1702      365F7400 
 1703              	.LASF10:
 1704 023e 6C6F6E67 		.ascii	"long long int\000"
 1704      206C6F6E 
 1704      6720696E 
 1704      7400
 1705              	.LASF181:
 1706 024c 63795F73 		.ascii	"cy_stc_tcpwm_counter_config_t\000"
 1706      74635F74 
 1706      6370776D 
 1706      5F636F75 
 1706      6E746572 
 1707              	.LASF141:
 1708 026a 63795F73 		.ascii	"cy_stc_scb_spi_context\000"
 1708      74635F73 
ARM GAS  C:\Users\Ariane\AppData\Local\Temp\ccYO01Di.s 			page 34


 1708      63625F73 
 1708      70695F63 
 1708      6F6E7465 
 1709              	.LASF77:
 1710 0281 70657269 		.ascii	"periDivCmdTypeSelPos\000"
 1710      44697643 
 1710      6D645479 
 1710      70655365 
 1710      6C506F73 
 1711              	.LASF23:
 1712 0296 70726F74 		.ascii	"protBase\000"
 1712      42617365 
 1712      00
 1713              	.LASF35:
 1714 029f 69706356 		.ascii	"ipcVersion\000"
 1714      65727369 
 1714      6F6E00
 1715              	.LASF134:
 1716 02aa 736C6176 		.ascii	"slaveRxBufferSize\000"
 1716      65527842 
 1716      75666665 
 1716      7253697A 
 1716      6500
 1717              	.LASF97:
 1718 02bc 63707573 		.ascii	"cpussCm0NmiCtlOffset\000"
 1718      73436D30 
 1718      4E6D6943 
 1718      746C4F66 
 1718      66736574 
 1719              	.LASF139:
 1720 02d1 63795F63 		.ascii	"cy_cb_scb_spi_handle_events_t\000"
 1720      625F7363 
 1720      625F7370 
 1720      695F6861 
 1720      6E646C65 
 1721              	.LASF45:
 1722 02ef 73727373 		.ascii	"srssNumClkpath\000"
 1722      4E756D43 
 1722      6C6B7061 
 1722      746800
 1723              	.LASF24:
 1724 02fe 6873696F 		.ascii	"hsiomBase\000"
 1724      6D426173 
 1724      6500
 1725              	.LASF186:
 1726 0308 4D41585F 		.ascii	"MAX_I2C_context\000"
 1726      4932435F 
 1726      636F6E74 
 1726      65787400 
 1727              	.LASF119:
 1728 0318 73746174 		.ascii	"state\000"
 1728      6500
 1729              	.LASF115:
 1730 031e 63795F63 		.ascii	"cy_cb_scb_i2c_handle_events_t\000"
 1730      625F7363 
 1730      625F6932 
 1730      635F6861 
ARM GAS  C:\Users\Ariane\AppData\Local\Temp\ccYO01Di.s 			page 35


 1730      6E646C65 
 1731              	.LASF7:
 1732 033c 6C6F6E67 		.ascii	"long int\000"
 1732      20696E74 
 1732      00
 1733              	.LASF122:
 1734 0345 6D617374 		.ascii	"masterRdDir\000"
 1734      65725264 
 1734      44697200 
 1735              	.LASF113:
 1736 0351 43595F53 		.ascii	"CY_SCB_I2C_NAK\000"
 1736      43425F49 
 1736      32435F4E 
 1736      414B00
 1737              	.LASF55:
 1738 0360 63727970 		.ascii	"cryptoMemSize\000"
 1738      746F4D65 
 1738      6D53697A 
 1738      6500
 1739              	.LASF21:
 1740 036e 70657269 		.ascii	"periBase\000"
 1740      42617365 
 1740      00
 1741              	.LASF53:
 1742 0377 73797350 		.ascii	"sysPmSimoPresent\000"
 1742      6D53696D 
 1742      6F507265 
 1742      73656E74 
 1742      00
 1743              	.LASF187:
 1744 0388 424D495F 		.ascii	"BMI_I2C_context\000"
 1744      4932435F 
 1744      636F6E74 
 1744      65787400 
 1745              	.LASF108:
 1746 0398 646F7562 		.ascii	"double\000"
 1746      6C6500
 1747              	.LASF82:
 1748 039f 70657269 		.ascii	"periDiv16_5CtlOffset\000"
 1748      44697631 
 1748      365F3543 
 1748      746C4F66 
 1748      66736574 
 1749              	.LASF46:
 1750 03b4 73727373 		.ascii	"srssNumPll\000"
 1750      4E756D50 
 1750      6C6C00
 1751              	.LASF193:
 1752 03bf 6D61696E 		.ascii	"main\000"
 1752      00
 1753              	.LASF171:
 1754 03c4 63617074 		.ascii	"captureInputMode\000"
 1754      75726549 
 1754      6E707574 
 1754      4D6F6465 
 1754      00
 1755              	.LASF80:
ARM GAS  C:\Users\Ariane\AppData\Local\Temp\ccYO01Di.s 			page 36


 1756 03d5 70657269 		.ascii	"periDiv8CtlOffset\000"
 1756      44697638 
 1756      43746C4F 
 1756      66667365 
 1756      7400
 1757              	.LASF87:
 1758 03e7 6770696F 		.ascii	"gpioPrtCfgOutOffset\000"
 1758      50727443 
 1758      66674F75 
 1758      744F6666 
 1758      73657400 
 1759              	.LASF137:
 1760 03fb 63624164 		.ascii	"cbAddr\000"
 1760      647200
 1761              	.LASF20:
 1762 0402 666C6173 		.ascii	"flashcBase\000"
 1762      68634261 
 1762      736500
 1763              	.LASF8:
 1764 040d 5F5F7569 		.ascii	"__uint32_t\000"
 1764      6E743332 
 1764      5F7400
 1765              	.LASF50:
 1766 0418 70617373 		.ascii	"passSarChannels\000"
 1766      53617243 
 1766      68616E6E 
 1766      656C7300 
 1767              	.LASF189:
 1768 0428 43795F53 		.ascii	"Cy_SysPm_CpuEnterDeepSleep\000"
 1768      7973506D 
 1768      5F437075 
 1768      456E7465 
 1768      72446565 
 1769              	.LASF4:
 1770 0443 5F5F696E 		.ascii	"__int16_t\000"
 1770      7431365F 
 1770      7400
 1771              	.LASF145:
 1772 044d 72784275 		.ascii	"rxBufIdx\000"
 1772      66496478 
 1772      00
 1773              	.LASF93:
 1774 0456 63707573 		.ascii	"cpussCm4PwrCtlOffset\000"
 1774      73436D34 
 1774      50777243 
 1774      746C4F66 
 1774      66736574 
 1775              	.LASF147:
 1776 046b 74784275 		.ascii	"txBufSize\000"
 1776      6653697A 
 1776      6500
 1777              	.LASF170:
 1778 0475 696E7465 		.ascii	"interruptSources\000"
 1778      72727570 
 1778      74536F75 
 1778      72636573 
 1778      00
ARM GAS  C:\Users\Ariane\AppData\Local\Temp\ccYO01Di.s 			page 37


 1779              	.LASF88:
 1780 0486 6770696F 		.ascii	"gpioPrtCfgSioOffset\000"
 1780      50727443 
 1780      66675369 
 1780      6F4F6666 
 1780      73657400 
 1781              	.LASF40:
 1782 049a 63707573 		.ascii	"cpussDwChNr\000"
 1782      73447743 
 1782      684E7200 
 1783              	.LASF12:
 1784 04a6 756E7369 		.ascii	"unsigned int\000"
 1784      676E6564 
 1784      20696E74 
 1784      00
 1785              	.LASF131:
 1786 04b3 736C6176 		.ascii	"slaveTxBufferIdx\000"
 1786      65547842 
 1786      75666665 
 1786      72496478 
 1786      00
 1787              	.LASF15:
 1788 04c4 75696E74 		.ascii	"uint16_t\000"
 1788      31365F74 
 1788      00
 1789              	.LASF128:
 1790 04cd 736C6176 		.ascii	"slaveRdBufEmpty\000"
 1790      65526442 
 1790      7566456D 
 1790      70747900 
 1791              	.LASF73:
 1792 04dd 70657269 		.ascii	"periTrCmdGrSelMsk\000"
 1792      5472436D 
 1792      64477253 
 1792      656C4D73 
 1792      6B00
 1793              	.LASF62:
 1794 04ef 666C6173 		.ascii	"flashCtlMainWs1Freq\000"
 1794      6843746C 
 1794      4D61696E 
 1794      57733146 
 1794      72657100 
 1795              	.LASF9:
 1796 0503 6C6F6E67 		.ascii	"long unsigned int\000"
 1796      20756E73 
 1796      69676E65 
 1796      6420696E 
 1796      7400
 1797              	.LASF169:
 1798 0515 656E6162 		.ascii	"enableCompareSwap\000"
 1798      6C65436F 
 1798      6D706172 
 1798      65537761 
 1798      7000
 1799              	.LASF151:
 1800 0527 63795F63 		.ascii	"cy_cb_scb_uart_handle_events_t\000"
 1800      625F7363 
ARM GAS  C:\Users\Ariane\AppData\Local\Temp\ccYO01Di.s 			page 38


 1800      625F7561 
 1800      72745F68 
 1800      616E646C 
 1801              	.LASF185:
 1802 0546 55415254 		.ascii	"UART_context\000"
 1802      5F636F6E 
 1802      74657874 
 1802      00
 1803              	.LASF38:
 1804 0553 63707573 		.ascii	"cpussIpcNr\000"
 1804      73497063 
 1804      4E7200
 1805              	.LASF25:
 1806 055e 6770696F 		.ascii	"gpioBase\000"
 1806      42617365 
 1806      00
 1807              	.LASF153:
 1808 0567 74785374 		.ascii	"txStatus\000"
 1808      61747573 
 1808      00
 1809              	.LASF118:
 1810 0570 75736554 		.ascii	"useTxFifo\000"
 1810      78466966 
 1810      6F00
 1811              	.LASF74:
 1812 057a 70657269 		.ascii	"periTrGrOffset\000"
 1812      54724772 
 1812      4F666673 
 1812      657400
 1813              	.LASF101:
 1814 0589 63707573 		.ascii	"cpussRam1Ctl0\000"
 1814      7352616D 
 1814      3143746C 
 1814      3000
 1815              	.LASF136:
 1816 0597 63624576 		.ascii	"cbEvents\000"
 1816      656E7473 
 1816      00
 1817              	.LASF75:
 1818 05a0 70657269 		.ascii	"periTrGrSize\000"
 1818      54724772 
 1818      53697A65 
 1818      00
 1819              	.LASF188:
 1820 05ad 43795F53 		.ascii	"Cy_SysEnableCM4\000"
 1820      7973456E 
 1820      61626C65 
 1820      434D3400 
 1821              	.LASF33:
 1822 05bd 6770696F 		.ascii	"gpioVersion\000"
 1822      56657273 
 1822      696F6E00 
 1823              	.LASF105:
 1824 05c9 63795F73 		.ascii	"cy_stc_device_t\000"
 1824      74635F64 
 1824      65766963 
 1824      655F7400 
ARM GAS  C:\Users\Ariane\AppData\Local\Temp\ccYO01Di.s 			page 39


 1825              	.LASF150:
 1826 05d9 63795F73 		.ascii	"cy_stc_scb_spi_context_t\000"
 1826      74635F73 
 1826      63625F73 
 1826      70695F63 
 1826      6F6E7465 
 1827              	.LASF51:
 1828 05f2 65704D6F 		.ascii	"epMonitorNr\000"
 1828      6E69746F 
 1828      724E7200 
 1829              	.LASF157:
 1830 05fe 72785269 		.ascii	"rxRingBufHead\000"
 1830      6E674275 
 1830      66486561 
 1830      6400
 1831              	.LASF94:
 1832 060c 63707573 		.ascii	"cpussTrimRamCtlOffset\000"
 1832      73547269 
 1832      6D52616D 
 1832      43746C4F 
 1832      66667365 
 1833              	.LASF133:
 1834 0622 736C6176 		.ascii	"slaveRxBuffer\000"
 1834      65527842 
 1834      75666665 
 1834      7200
 1835              	.LASF176:
 1836 0630 73746172 		.ascii	"startInput\000"
 1836      74496E70 
 1836      757400
 1837              	.LASF29:
 1838 063b 63707573 		.ascii	"cpussVersion\000"
 1838      73566572 
 1838      73696F6E 
 1838      00
 1839              	.LASF36:
 1840 0648 70657269 		.ascii	"periVersion\000"
 1840      56657273 
 1840      696F6E00 
 1841              	.LASF92:
 1842 0654 63707573 		.ascii	"cpussCm0StatusOffset\000"
 1842      73436D30 
 1842      53746174 
 1842      75734F66 
 1842      66736574 
 1843              	.LASF161:
 1844 0669 63795F73 		.ascii	"cy_stc_tcpwm_counter_config\000"
 1844      74635F74 
 1844      6370776D 
 1844      5F636F75 
 1844      6E746572 
 1845              	.LASF17:
 1846 0685 73697A65 		.ascii	"sizetype\000"
 1846      74797065 
 1846      00
 1847              	.LASF66:
 1848 068e 64774368 		.ascii	"dwChOffset\000"
ARM GAS  C:\Users\Ariane\AppData\Local\Temp\ccYO01Di.s 			page 40


 1848      4F666673 
 1848      657400
 1849              	.LASF125:
 1850 0699 6D617374 		.ascii	"masterBufferIdx\000"
 1850      65724275 
 1850      66666572 
 1850      49647800 
 1851              	.LASF41:
 1852 06a9 63707573 		.ascii	"cpussFlashPaSize\000"
 1852      73466C61 
 1852      73685061 
 1852      53697A65 
 1852      00
 1853              	.LASF79:
 1854 06ba 70657269 		.ascii	"periDivCmdPaTypeSelPos\000"
 1854      44697643 
 1854      6D645061 
 1854      54797065 
 1854      53656C50 
 1855              	.LASF102:
 1856 06d1 63707573 		.ascii	"cpussRam2Ctl0\000"
 1856      7352616D 
 1856      3243746C 
 1856      3000
 1857              	.LASF70:
 1858 06df 64775374 		.ascii	"dwStatusChIdxPos\000"
 1858      61747573 
 1858      43684964 
 1858      78506F73 
 1858      00
 1859              	.LASF52:
 1860 06f0 75646250 		.ascii	"udbPresent\000"
 1860      72657365 
 1860      6E7400
 1861              	.LASF154:
 1862 06fb 72785374 		.ascii	"rxStatus\000"
 1862      61747573 
 1862      00
 1863              	.LASF32:
 1864 0704 666C6173 		.ascii	"flashcVersion\000"
 1864      68635665 
 1864      7273696F 
 1864      6E00
 1865              	.LASF28:
 1866 0712 63727970 		.ascii	"cryptoBase\000"
 1866      746F4261 
 1866      736500
 1867              	.LASF49:
 1868 071d 736D6966 		.ascii	"smifDeviceNr\000"
 1868      44657669 
 1868      63654E72 
 1868      00
 1869              	.LASF103:
 1870 072a 69706353 		.ascii	"ipcStructSize\000"
 1870      74727563 
 1870      7453697A 
 1870      6500
ARM GAS  C:\Users\Ariane\AppData\Local\Temp\ccYO01Di.s 			page 41


 1871              	.LASF107:
 1872 0738 666C6F61 		.ascii	"float\000"
 1872      7400
 1873              	.LASF71:
 1874 073e 64775374 		.ascii	"dwStatusChIdxMsk\000"
 1874      61747573 
 1874      43684964 
 1874      784D736B 
 1874      00
 1875              	.LASF182:
 1876 074f 63795F64 		.ascii	"cy_device\000"
 1876      65766963 
 1876      6500
 1877              	.LASF99:
 1878 0759 63707573 		.ascii	"cpussRomCtl\000"
 1878      73526F6D 
 1878      43746C00 
 1879              	.LASF69:
 1880 0765 64774368 		.ascii	"dwChCtlPreemptablePos\000"
 1880      43746C50 
 1880      7265656D 
 1880      70746162 
 1880      6C65506F 
 1881              	.LASF159:
 1882 077b 74784C65 		.ascii	"txLeftToTransmit\000"
 1882      6674546F 
 1882      5472616E 
 1882      736D6974 
 1882      00
 1883              	.LASF22:
 1884 078c 75646242 		.ascii	"udbBase\000"
 1884      61736500 
 1885              	.LASF112:
 1886 0794 43595F53 		.ascii	"CY_SCB_I2C_ACK\000"
 1886      43425F49 
 1886      32435F41 
 1886      434B00
 1887              	.LASF175:
 1888 07a3 73746172 		.ascii	"startInputMode\000"
 1888      74496E70 
 1888      75744D6F 
 1888      646500
 1889              	.LASF1:
 1890 07b2 756E7369 		.ascii	"unsigned char\000"
 1890      676E6564 
 1890      20636861 
 1890      7200
 1891              	.LASF65:
 1892 07c0 666C6173 		.ascii	"flashCtlMainWs4Freq\000"
 1892      6843746C 
 1892      4D61696E 
 1892      57733446 
 1892      72657100 
 1893              	.LASF0:
 1894 07d4 73686F72 		.ascii	"short int\000"
 1894      7420696E 
 1894      7400
ARM GAS  C:\Users\Ariane\AppData\Local\Temp\ccYO01Di.s 			page 42


 1895              	.LASF124:
 1896 07de 6D617374 		.ascii	"masterBufferSize\000"
 1896      65724275 
 1896      66666572 
 1896      53697A65 
 1896      00
 1897              	.LASF76:
 1898 07ef 70657269 		.ascii	"periDivCmdDivSelMsk\000"
 1898      44697643 
 1898      6D644469 
 1898      7653656C 
 1898      4D736B00 
 1899              	.LASF63:
 1900 0803 666C6173 		.ascii	"flashCtlMainWs2Freq\000"
 1900      6843746C 
 1900      4D61696E 
 1900      57733246 
 1900      72657100 
 1901              	.LASF121:
 1902 0817 6D617374 		.ascii	"masterPause\000"
 1902      65725061 
 1902      75736500 
 1903              	.LASF116:
 1904 0823 63795F63 		.ascii	"cy_cb_scb_i2c_handle_addr_t\000"
 1904      625F7363 
 1904      625F6932 
 1904      635F6861 
 1904      6E646C65 
 1905              	.LASF166:
 1906 083f 636F6D70 		.ascii	"compareOrCapture\000"
 1906      6172654F 
 1906      72436170 
 1906      74757265 
 1906      00
 1907              	.LASF126:
 1908 0850 6D617374 		.ascii	"masterNumBytes\000"
 1908      65724E75 
 1908      6D427974 
 1908      657300
 1909              	.LASF132:
 1910 085f 736C6176 		.ascii	"slaveTxBufferCnt\000"
 1910      65547842 
 1910      75666665 
 1910      72436E74 
 1910      00
 1911              	.LASF60:
 1912 0870 666C6173 		.ascii	"flashEraseDelay\000"
 1912      68457261 
 1912      73654465 
 1912      6C617900 
 1913              	.LASF43:
 1914 0880 63707573 		.ascii	"cpussFmIrq\000"
 1914      73466D49 
 1914      727100
 1915              	.LASF16:
 1916 088b 75696E74 		.ascii	"uint32_t\000"
 1916      33325F74 
ARM GAS  C:\Users\Ariane\AppData\Local\Temp\ccYO01Di.s 			page 43


 1916      00
 1917              	.LASF138:
 1918 0894 63795F73 		.ascii	"cy_stc_scb_i2c_context_t\000"
 1918      74635F73 
 1918      63625F69 
 1918      32635F63 
 1918      6F6E7465 
 1919              	.LASF190:
 1920 08ad 474E5520 		.ascii	"GNU C11 5.4.1 20160609 (release) [ARM/embedded-5-br"
 1920      43313120 
 1920      352E342E 
 1920      31203230 
 1920      31363036 
 1921 08e0 616E6368 		.ascii	"anch revision 237715] -mcpu=cortex-m0plus -mthumb -"
 1921      20726576 
 1921      6973696F 
 1921      6E203233 
 1921      37373135 
 1922 0913 67202D4F 		.ascii	"g -Og -ffunction-sections -ffat-lto-objects\000"
 1922      67202D66 
 1922      66756E63 
 1922      74696F6E 
 1922      2D736563 
 1923              	.LASF111:
 1924 093f 5F426F6F 		.ascii	"_Bool\000"
 1924      6C00
 1925              	.LASF18:
 1926 0945 6C6F6E67 		.ascii	"long double\000"
 1926      20646F75 
 1926      626C6500 
 1927              	.LASF106:
 1928 0951 63686172 		.ascii	"char\000"
 1928      00
 1929              	.LASF180:
 1930 0956 636F756E 		.ascii	"countInput\000"
 1930      74496E70 
 1930      757400
 1931              	.LASF37:
 1932 0961 70726F74 		.ascii	"protVersion\000"
 1932      56657273 
 1932      696F6E00 
 1933              	.LASF100:
 1934 096d 63707573 		.ascii	"cpussRam0Ctl0\000"
 1934      7352616D 
 1934      3043746C 
 1934      3000
 1935              	.LASF2:
 1936 097b 7369676E 		.ascii	"signed char\000"
 1936      65642063 
 1936      68617200 
 1937              	.LASF5:
 1938 0987 5F5F7569 		.ascii	"__uint16_t\000"
 1938      6E743136 
 1938      5F7400
 1939              	.LASF81:
 1940 0992 70657269 		.ascii	"periDiv16CtlOffset\000"
 1940      44697631 
ARM GAS  C:\Users\Ariane\AppData\Local\Temp\ccYO01Di.s 			page 44


 1940      3643746C 
 1940      4F666673 
 1940      657400
 1941              	.LASF110:
 1942 09a5 43595F53 		.ascii	"CY_SYSPM_WAIT_FOR_EVENT\000"
 1942      5953504D 
 1942      5F574149 
 1942      545F464F 
 1942      525F4556 
 1943              	.LASF123:
 1944 09bd 6D617374 		.ascii	"masterBuffer\000"
 1944      65724275 
 1944      66666572 
 1944      00
 1945              	.LASF34:
 1946 09ca 6873696F 		.ascii	"hsiomVersion\000"
 1946      6D566572 
 1946      73696F6E 
 1946      00
 1947              	.LASF59:
 1948 09d7 666C6173 		.ascii	"flashProgramDelay\000"
 1948      6850726F 
 1948      6772616D 
 1948      44656C61 
 1948      7900
 1949              	.LASF44:
 1950 09e9 63707573 		.ascii	"cpussNotConnectedIrq\000"
 1950      734E6F74 
 1950      436F6E6E 
 1950      65637465 
 1950      64497271 
 1951              	.LASF156:
 1952 09fe 72785269 		.ascii	"rxRingBufSize\000"
 1952      6E674275 
 1952      6653697A 
 1952      6500
 1953              	.LASF174:
 1954 0a0c 72656C6F 		.ascii	"reloadInput\000"
 1954      6164496E 
 1954      70757400 
 1955              	.LASF6:
 1956 0a18 73686F72 		.ascii	"short unsigned int\000"
 1956      7420756E 
 1956      7369676E 
 1956      65642069 
 1956      6E7400
 1957              	.LASF67:
 1958 0a2b 64774368 		.ascii	"dwChSize\000"
 1958      53697A65 
 1958      00
 1959              	.LASF178:
 1960 0a34 73746F70 		.ascii	"stopInput\000"
 1960      496E7075 
 1960      7400
 1961              	.LASF109:
 1962 0a3e 43595F53 		.ascii	"CY_SYSPM_WAIT_FOR_INTERRUPT\000"
 1962      5953504D 
ARM GAS  C:\Users\Ariane\AppData\Local\Temp\ccYO01Di.s 			page 45


 1962      5F574149 
 1962      545F464F 
 1962      525F494E 
 1963              	.LASF117:
 1964 0a5a 75736552 		.ascii	"useRxFifo\000"
 1964      78466966 
 1964      6F00
 1965              	.LASF42:
 1966 0a64 63707573 		.ascii	"cpussIpc0Irq\000"
 1966      73497063 
 1966      30497271 
 1966      00
 1967              	.LASF167:
 1968 0a71 636F6D70 		.ascii	"compare0\000"
 1968      61726530 
 1968      00
 1969              	.LASF183:
 1970 0a7a 43595F45 		.ascii	"CY_EINK_SPIM_context\000"
 1970      494E4B5F 
 1970      5350494D 
 1970      5F636F6E 
 1970      74657874 
 1971              	.LASF168:
 1972 0a8f 636F6D70 		.ascii	"compare1\000"
 1972      61726531 
 1972      00
 1973              	.LASF89:
 1974 0a98 63707573 		.ascii	"cpussCm0ClockCtlOffset\000"
 1974      73436D30 
 1974      436C6F63 
 1974      6B43746C 
 1974      4F666673 
 1975              	.LASF85:
 1976 0aaf 6770696F 		.ascii	"gpioPrtCfgOffset\000"
 1976      50727443 
 1976      66674F66 
 1976      66736574 
 1976      00
 1977              	.LASF149:
 1978 0ac0 696E6974 		.ascii	"initKey\000"
 1978      4B657900 
 1979              	.LASF143:
 1980 0ac8 72784275 		.ascii	"rxBuf\000"
 1980      6600
 1981              	.LASF129:
 1982 0ace 736C6176 		.ascii	"slaveTxBuffer\000"
 1982      65547842 
 1982      75666665 
 1982      7200
 1983              	.LASF130:
 1984 0adc 736C6176 		.ascii	"slaveTxBufferSize\000"
 1984      65547842 
 1984      75666665 
 1984      7253697A 
 1984      6500
 1985              	.LASF160:
 1986 0aee 63795F73 		.ascii	"cy_stc_scb_uart_context_t\000"
ARM GAS  C:\Users\Ariane\AppData\Local\Temp\ccYO01Di.s 			page 46


 1986      74635F73 
 1986      63625F75 
 1986      6172745F 
 1986      636F6E74 
 1987              	.LASF47:
 1988 0b08 73727373 		.ascii	"srssNumHfroot\000"
 1988      4E756D48 
 1988      66726F6F 
 1988      7400
 1989              	.LASF142:
 1990 0b16 73746174 		.ascii	"status\000"
 1990      757300
 1991              	.LASF114:
 1992 0b1d 63795F65 		.ascii	"cy_en_scb_i2c_command_t\000"
 1992      6E5F7363 
 1992      625F6932 
 1992      635F636F 
 1992      6D6D616E 
 1993              	.LASF98:
 1994 0b35 63707573 		.ascii	"cpussCm4NmiCtlOffset\000"
 1994      73436D34 
 1994      4E6D6943 
 1994      746C4F66 
 1994      66736574 
 1995              	.LASF58:
 1996 0b4a 666C6173 		.ascii	"flashWriteDelay\000"
 1996      68577269 
 1996      74654465 
 1996      6C617900 
 1997              	.LASF13:
 1998 0b5a 75696E74 		.ascii	"uint8_t\000"
 1998      385F7400 
 1999              	.LASF184:
 2000 0b62 43595F45 		.ascii	"CY_EINK_Timer_config\000"
 2000      494E4B5F 
 2000      54696D65 
 2000      725F636F 
 2000      6E666967 
 2001              	.LASF91:
 2002 0b77 63707573 		.ascii	"cpussCm4StatusOffset\000"
 2002      73436D34 
 2002      53746174 
 2002      75734F66 
 2002      66736574 
 2003              	.LASF84:
 2004 0b8c 6770696F 		.ascii	"gpioPrtIntrCfgOffset\000"
 2004      50727449 
 2004      6E747243 
 2004      66674F66 
 2004      66736574 
 2005              	.LASF173:
 2006 0ba1 72656C6F 		.ascii	"reloadInputMode\000"
 2006      6164496E 
 2006      7075744D 
 2006      6F646500 
 2007              	.LASF158:
 2008 0bb1 72785269 		.ascii	"rxRingBufTail\000"
ARM GAS  C:\Users\Ariane\AppData\Local\Temp\ccYO01Di.s 			page 47


 2008      6E674275 
 2008      66546169 
 2008      6C00
 2009              	.LASF95:
 2010 0bbf 63707573 		.ascii	"cpussTrimRomCtlOffset\000"
 2010      73547269 
 2010      6D526F6D 
 2010      43746C4F 
 2010      66667365 
 2011              	.LASF179:
 2012 0bd5 636F756E 		.ascii	"countInputMode\000"
 2012      74496E70 
 2012      75744D6F 
 2012      646500
 2013              	.LASF31:
 2014 0be4 64775665 		.ascii	"dwVersion\000"
 2014      7273696F 
 2014      6E00
 2015              	.LASF27:
 2016 0bee 69706342 		.ascii	"ipcBase\000"
 2016      61736500 
 2017              	.LASF78:
 2018 0bf6 70657269 		.ascii	"periDivCmdPaDivSelPos\000"
 2018      44697643 
 2018      6D645061 
 2018      44697653 
 2018      656C506F 
 2019              	.LASF152:
 2020 0c0c 63795F73 		.ascii	"cy_stc_scb_uart_context\000"
 2020      74635F73 
 2020      63625F75 
 2020      6172745F 
 2020      636F6E74 
 2021              	.LASF56:
 2022 0c24 666C6173 		.ascii	"flashRwwRequired\000"
 2022      68527777 
 2022      52657175 
 2022      69726564 
 2022      00
 2023              	.LASF148:
 2024 0c35 74784275 		.ascii	"txBufIdx\000"
 2024      66496478 
 2024      00
 2025              		.ident	"GCC: (GNU Tools for ARM Embedded Processors) 5.4.1 20160609 (release) [ARM/embedded-5-bran
